<html>
<head>
<title>TestNG:  Default test</title>
<link href="../testng.css" rel="stylesheet" type="text/css" />
<link href="../my-testng.css" rel="stylesheet" type="text/css" />

<style type="text/css">
.log { display: none;} 
.stack-trace { display: none;} 
</style>
<script type="text/javascript">
<!--
function flip(e) {
  current = e.style.display;
  if (current == 'block') {
    e.style.display = 'none';
    return 0;
  }
  else {
    e.style.display = 'block';
    return 1;
  }
}

function toggleBox(szDivId, elem, msg1, msg2)
{
  var res = -1;  if (document.getElementById) {
    res = flip(document.getElementById(szDivId));
  }
  else if (document.all) {
    // this is the way old msie versions work
    res = flip(document.all[szDivId]);
  }
  if(elem) {
    if(res == 0) elem.innerHTML = msg1; else elem.innerHTML = msg2;
  }

}

function toggleAllBoxes() {
  if (document.getElementsByTagName) {
    d = document.getElementsByTagName('div');
    for (i = 0; i < d.length; i++) {
      if (d[i].className == 'log') {
        flip(d[i]);
      }
    }
  }
}

// -->
</script>

</head>
<body>
<h2 align='center'>Default test</h2><table border='1' align="center">
<tr>
<td>Tests passed/Failed/Skipped:</td><td>19/6/0</td>
</tr><tr>
<td>Started on:</td><td>Sun Mar 23 23:05:43 EDT 2025</td>
</tr>
<tr><td>Total time:</td><td>132 seconds (132963 ms)</td>
</tr><tr>
<td>Included groups:</td><td></td>
</tr><tr>
<td>Excluded groups:</td><td></td>
</tr>
</table><p/>
<small><i>(Hover the method name to see the test class name)</i></small><p/>
<table width='100%' border='1' class='invocation-failed'>
<tr><td colspan='4' align='center'><b>FAILED TESTS</b></td></tr>
<tr><td><b>Test method</b></td>
<td><b>Attribute(s)</b></td>
<td width="30%"><b>Exception</b></td>
<td width="10%"><b>Time (seconds)</b></td>
<td><b>Instance</b></td>
</tr>
<tr>
<td title='Runner.TestRunner.runScenario()'><b>runScenario</b><br>Test class: Runner.TestRunner<br>Test method: Runs Cucumber Scenarios<br>Parameters: "Verify that user sees a warning message when selecting "Data Structures" from the dropdown without Sign in", "Home and DS Algo Portal Navigation and Functionality"</td>
<td><div><pre>org.openqa.selenium.NoSuchElementException: no such element: Unable to locate element: {&quot;method&quot;:&quot;xpath&quot;,&quot;selector&quot;:&quot;//div[@class=&apos;nav-item dropdown show&apos;]&quot;}
  (Session info: chrome=134.0.6998.89)
For documentation on this error, please visit: https://selenium.dev/exceptions/#no_such_element
Build info: version: &apos;4.9.0&apos;, revision: &apos;d7057100a6&apos;
System info: os.name: &apos;Windows 10&apos;, os.arch: &apos;amd64&apos;, os.version: &apos;10.0&apos;, java.version: &apos;23.0.1&apos;
Driver info: org.openqa.selenium.chrome.ChromeDriver
Command: [3e2abc8447fd512c5c8a3e582e902bb1, findElement {using=xpath, value=//div[@class=&apos;nav-item dropdown show&apos;]}]
Capabilities {acceptInsecureCerts: false, browserName: chrome, browserVersion: 134.0.6998.89, chrome: {chromedriverVersion: 134.0.6998.88 (7e3d5c978c6d..., userDataDir: C:\Users\Ashish\AppData\Loc...}, fedcm:accounts: true, goog:chromeOptions: {debuggerAddress: localhost:57572}, networkConnectionEnabled: false, pageLoadStrategy: normal, platformName: WINDOWS, proxy: Proxy(), se:cdp: ws://localhost:57572/devtoo..., se:cdpVersion: 134.0.6998.89, setWindowRect: true, strictFileInteractability: false, timeouts: {implicit: 0, pageLoad: 300000, script: 30000}, unhandledPromptBehavior: dismiss and notify, webauthn:extension:credBlob: true, webauthn:extension:largeBlob: true, webauthn:extension:minPinLength: true, webauthn:extension:prf: true, webauthn:virtualAuthenticators: true}
Session ID: 3e2abc8447fd512c5c8a3e582e902bb1
	at java.base/jdk.internal.reflect.DirectConstructorHandleAccessor.newInstance(DirectConstructorHandleAccessor.java:62)
	at java.base/java.lang.reflect.Constructor.newInstanceWithCaller(Constructor.java:501)
	at java.base/java.lang.reflect.Constructor.newInstance(Constructor.java:485)
	at org.openqa.selenium.remote.codec.w3c.W3CHttpResponseCodec.createException(W3CHttpResponseCodec.java:200)
	at org.openqa.selenium.remote.codec.w3c.W3CHttpResponseCodec.decode(W3CHttpResponseCodec.java:133)
	at org.openqa.selenium.remote.codec.w3c.W3CHttpResponseCodec.decode(W3CHttpResponseCodec.java:53)
	at org.openqa.selenium.remote.HttpCommandExecutor.execute(HttpCommandExecutor.java:193)
	at org.openqa.selenium.remote.service.DriverCommandExecutor.invokeExecute(DriverCommandExecutor.java:183)
	at org.openqa.selenium.remote.service.DriverCommandExecutor.execute(DriverCommandExecutor.java:158)
	at org.openqa.selenium.remote.RemoteWebDriver.execute(RemoteWebDriver.java:543)
	at org.openqa.selenium.remote.ElementLocation$ElementFinder$2.findElement(ElementLocation.java:162)
	at org.openqa.selenium.remote.ElementLocation.findElement(ElementLocation.java:60)
	at org.openqa.selenium.remote.RemoteWebDriver.findElement(RemoteWebDriver.java:352)
	at org.openqa.selenium.remote.RemoteWebDriver.findElement(RemoteWebDriver.java:344)
	at org.openqa.selenium.support.pagefactory.DefaultElementLocator.findElement(DefaultElementLocator.java:70)
	at org.openqa.selenium.support.pagefactory.internal.LocatingElementHandler.invoke(LocatingElementHandler.java:39)
	at jdk.proxy2/jdk.proxy2.$Proxy32.click(Unknown Source)
	at pageObjects.homePage.dropdown(homePage.java:114)
	at StepDefinitions.Homestep.the_user_selects_data_structures_from_the_drop_down_without_sign_in(Homestep.java:63)
	at ✽.The user selects Data Structures from the drop-down without Sign in(file:///C:/Users/Ashish/eclipse-workspace/DsAlgoCucumber/src/test/resources/features/Home.feature:11)
</pre></div><a href='#' onClick='toggleBox("stack-trace1360273252", this, "Click to show all stack frames", "Click to hide stack frames")'>Click to show all stack frames</a>
<div class='stack-trace' id='stack-trace1360273252'><pre>org.openqa.selenium.NoSuchElementException: no such element: Unable to locate element: {&quot;method&quot;:&quot;xpath&quot;,&quot;selector&quot;:&quot;//div[@class=&apos;nav-item dropdown show&apos;]&quot;}
  (Session info: chrome=134.0.6998.89)
For documentation on this error, please visit: https://selenium.dev/exceptions/#no_such_element
Build info: version: &apos;4.9.0&apos;, revision: &apos;d7057100a6&apos;
System info: os.name: &apos;Windows 10&apos;, os.arch: &apos;amd64&apos;, os.version: &apos;10.0&apos;, java.version: &apos;23.0.1&apos;
Driver info: org.openqa.selenium.chrome.ChromeDriver
Command: [3e2abc8447fd512c5c8a3e582e902bb1, findElement {using=xpath, value=//div[@class=&apos;nav-item dropdown show&apos;]}]
Capabilities {acceptInsecureCerts: false, browserName: chrome, browserVersion: 134.0.6998.89, chrome: {chromedriverVersion: 134.0.6998.88 (7e3d5c978c6d..., userDataDir: C:\Users\Ashish\AppData\Loc...}, fedcm:accounts: true, goog:chromeOptions: {debuggerAddress: localhost:57572}, networkConnectionEnabled: false, pageLoadStrategy: normal, platformName: WINDOWS, proxy: Proxy(), se:cdp: ws://localhost:57572/devtoo..., se:cdpVersion: 134.0.6998.89, setWindowRect: true, strictFileInteractability: false, timeouts: {implicit: 0, pageLoad: 300000, script: 30000}, unhandledPromptBehavior: dismiss and notify, webauthn:extension:credBlob: true, webauthn:extension:largeBlob: true, webauthn:extension:minPinLength: true, webauthn:extension:prf: true, webauthn:virtualAuthenticators: true}
Session ID: 3e2abc8447fd512c5c8a3e582e902bb1
	at java.base/jdk.internal.reflect.DirectConstructorHandleAccessor.newInstance(DirectConstructorHandleAccessor.java:62)
	at java.base/java.lang.reflect.Constructor.newInstanceWithCaller(Constructor.java:501)
	at java.base/java.lang.reflect.Constructor.newInstance(Constructor.java:485)
	at org.openqa.selenium.remote.codec.w3c.W3CHttpResponseCodec.createException(W3CHttpResponseCodec.java:200)
	at org.openqa.selenium.remote.codec.w3c.W3CHttpResponseCodec.decode(W3CHttpResponseCodec.java:133)
	at org.openqa.selenium.remote.codec.w3c.W3CHttpResponseCodec.decode(W3CHttpResponseCodec.java:53)
	at org.openqa.selenium.remote.HttpCommandExecutor.execute(HttpCommandExecutor.java:193)
	at org.openqa.selenium.remote.service.DriverCommandExecutor.invokeExecute(DriverCommandExecutor.java:183)
	at org.openqa.selenium.remote.service.DriverCommandExecutor.execute(DriverCommandExecutor.java:158)
	at org.openqa.selenium.remote.RemoteWebDriver.execute(RemoteWebDriver.java:543)
	at org.openqa.selenium.remote.ElementLocation$ElementFinder$2.findElement(ElementLocation.java:162)
	at org.openqa.selenium.remote.ElementLocation.findElement(ElementLocation.java:60)
	at org.openqa.selenium.remote.RemoteWebDriver.findElement(RemoteWebDriver.java:352)
	at org.openqa.selenium.remote.RemoteWebDriver.findElement(RemoteWebDriver.java:344)
	at org.openqa.selenium.support.pagefactory.DefaultElementLocator.findElement(DefaultElementLocator.java:70)
	at org.openqa.selenium.support.pagefactory.internal.LocatingElementHandler.invoke(LocatingElementHandler.java:39)
	at jdk.proxy2/jdk.proxy2.$Proxy32.click(Unknown Source)
	at pageObjects.homePage.dropdown(homePage.java:114)
	at StepDefinitions.Homestep.the_user_selects_data_structures_from_the_drop_down_without_sign_in(Homestep.java:63)
	at ✽.The user selects Data Structures from the drop-down without Sign in(file:///C:/Users/Ashish/eclipse-workspace/DsAlgoCucumber/src/test/resources/features/Home.feature:11)
</pre></div></td>
<td>10</td>
<td>Runner.TestRunner@5ace1ed4</td></tr>
<tr>
<td title='Runner.TestRunner.runScenario()'><b>runScenario</b><br>Test class: Runner.TestRunner<br>Test method: Runs Cucumber Scenarios<br>Parameters: "Verify that the user is able to navigate to login", "Home and DS Algo Portal Navigation and Functionality"</td>
<td><div><pre>org.openqa.selenium.NoSuchElementException: no such element: Unable to locate element: {&quot;method&quot;:&quot;xpath&quot;,&quot;selector&quot;:&quot;//a[text()=&apos;Sign in&apos;]&quot;}
  (Session info: chrome=134.0.6998.89)
For documentation on this error, please visit: https://selenium.dev/exceptions/#no_such_element
Build info: version: &apos;4.9.0&apos;, revision: &apos;d7057100a6&apos;
System info: os.name: &apos;Windows 10&apos;, os.arch: &apos;amd64&apos;, os.version: &apos;10.0&apos;, java.version: &apos;23.0.1&apos;
Driver info: org.openqa.selenium.chrome.ChromeDriver
Command: [3e2abc8447fd512c5c8a3e582e902bb1, findElement {using=xpath, value=//a[text()=&apos;Sign in&apos;]}]
Capabilities {acceptInsecureCerts: false, browserName: chrome, browserVersion: 134.0.6998.89, chrome: {chromedriverVersion: 134.0.6998.88 (7e3d5c978c6d..., userDataDir: C:\Users\Ashish\AppData\Loc...}, fedcm:accounts: true, goog:chromeOptions: {debuggerAddress: localhost:57572}, networkConnectionEnabled: false, pageLoadStrategy: normal, platformName: WINDOWS, proxy: Proxy(), se:cdp: ws://localhost:57572/devtoo..., se:cdpVersion: 134.0.6998.89, setWindowRect: true, strictFileInteractability: false, timeouts: {implicit: 0, pageLoad: 300000, script: 30000}, unhandledPromptBehavior: dismiss and notify, webauthn:extension:credBlob: true, webauthn:extension:largeBlob: true, webauthn:extension:minPinLength: true, webauthn:extension:prf: true, webauthn:virtualAuthenticators: true}
Session ID: 3e2abc8447fd512c5c8a3e582e902bb1
	at java.base/jdk.internal.reflect.DirectConstructorHandleAccessor.newInstance(DirectConstructorHandleAccessor.java:62)
	at java.base/java.lang.reflect.Constructor.newInstanceWithCaller(Constructor.java:501)
	at java.base/java.lang.reflect.Constructor.newInstance(Constructor.java:485)
	at org.openqa.selenium.remote.codec.w3c.W3CHttpResponseCodec.createException(W3CHttpResponseCodec.java:200)
	at org.openqa.selenium.remote.codec.w3c.W3CHttpResponseCodec.decode(W3CHttpResponseCodec.java:133)
	at org.openqa.selenium.remote.codec.w3c.W3CHttpResponseCodec.decode(W3CHttpResponseCodec.java:53)
	at org.openqa.selenium.remote.HttpCommandExecutor.execute(HttpCommandExecutor.java:193)
	at org.openqa.selenium.remote.service.DriverCommandExecutor.invokeExecute(DriverCommandExecutor.java:183)
	at org.openqa.selenium.remote.service.DriverCommandExecutor.execute(DriverCommandExecutor.java:158)
	at org.openqa.selenium.remote.RemoteWebDriver.execute(RemoteWebDriver.java:543)
	at org.openqa.selenium.remote.ElementLocation$ElementFinder$2.findElement(ElementLocation.java:162)
	at org.openqa.selenium.remote.ElementLocation.findElement(ElementLocation.java:60)
	at org.openqa.selenium.remote.RemoteWebDriver.findElement(RemoteWebDriver.java:352)
	at org.openqa.selenium.remote.RemoteWebDriver.findElement(RemoteWebDriver.java:344)
	at org.openqa.selenium.support.pagefactory.DefaultElementLocator.findElement(DefaultElementLocator.java:70)
	at org.openqa.selenium.support.pagefactory.internal.LocatingElementHandler.invoke(LocatingElementHandler.java:39)
	at jdk.proxy2/jdk.proxy2.$Proxy32.click(Unknown Source)
	at pageObjects.homePage.clickSignIn(homePage.java:184)
	at StepDefinitions.Homestep.the_user_click_on_login(Homestep.java:74)
	at ✽.The user clicks on Login(file:///C:/Users/Ashish/eclipse-workspace/DsAlgoCucumber/src/test/resources/features/Home.feature:16)
</pre></div><a href='#' onClick='toggleBox("stack-trace512478459", this, "Click to show all stack frames", "Click to hide stack frames")'>Click to show all stack frames</a>
<div class='stack-trace' id='stack-trace512478459'><pre>org.openqa.selenium.NoSuchElementException: no such element: Unable to locate element: {&quot;method&quot;:&quot;xpath&quot;,&quot;selector&quot;:&quot;//a[text()=&apos;Sign in&apos;]&quot;}
  (Session info: chrome=134.0.6998.89)
For documentation on this error, please visit: https://selenium.dev/exceptions/#no_such_element
Build info: version: &apos;4.9.0&apos;, revision: &apos;d7057100a6&apos;
System info: os.name: &apos;Windows 10&apos;, os.arch: &apos;amd64&apos;, os.version: &apos;10.0&apos;, java.version: &apos;23.0.1&apos;
Driver info: org.openqa.selenium.chrome.ChromeDriver
Command: [3e2abc8447fd512c5c8a3e582e902bb1, findElement {using=xpath, value=//a[text()=&apos;Sign in&apos;]}]
Capabilities {acceptInsecureCerts: false, browserName: chrome, browserVersion: 134.0.6998.89, chrome: {chromedriverVersion: 134.0.6998.88 (7e3d5c978c6d..., userDataDir: C:\Users\Ashish\AppData\Loc...}, fedcm:accounts: true, goog:chromeOptions: {debuggerAddress: localhost:57572}, networkConnectionEnabled: false, pageLoadStrategy: normal, platformName: WINDOWS, proxy: Proxy(), se:cdp: ws://localhost:57572/devtoo..., se:cdpVersion: 134.0.6998.89, setWindowRect: true, strictFileInteractability: false, timeouts: {implicit: 0, pageLoad: 300000, script: 30000}, unhandledPromptBehavior: dismiss and notify, webauthn:extension:credBlob: true, webauthn:extension:largeBlob: true, webauthn:extension:minPinLength: true, webauthn:extension:prf: true, webauthn:virtualAuthenticators: true}
Session ID: 3e2abc8447fd512c5c8a3e582e902bb1
	at java.base/jdk.internal.reflect.DirectConstructorHandleAccessor.newInstance(DirectConstructorHandleAccessor.java:62)
	at java.base/java.lang.reflect.Constructor.newInstanceWithCaller(Constructor.java:501)
	at java.base/java.lang.reflect.Constructor.newInstance(Constructor.java:485)
	at org.openqa.selenium.remote.codec.w3c.W3CHttpResponseCodec.createException(W3CHttpResponseCodec.java:200)
	at org.openqa.selenium.remote.codec.w3c.W3CHttpResponseCodec.decode(W3CHttpResponseCodec.java:133)
	at org.openqa.selenium.remote.codec.w3c.W3CHttpResponseCodec.decode(W3CHttpResponseCodec.java:53)
	at org.openqa.selenium.remote.HttpCommandExecutor.execute(HttpCommandExecutor.java:193)
	at org.openqa.selenium.remote.service.DriverCommandExecutor.invokeExecute(DriverCommandExecutor.java:183)
	at org.openqa.selenium.remote.service.DriverCommandExecutor.execute(DriverCommandExecutor.java:158)
	at org.openqa.selenium.remote.RemoteWebDriver.execute(RemoteWebDriver.java:543)
	at org.openqa.selenium.remote.ElementLocation$ElementFinder$2.findElement(ElementLocation.java:162)
	at org.openqa.selenium.remote.ElementLocation.findElement(ElementLocation.java:60)
	at org.openqa.selenium.remote.RemoteWebDriver.findElement(RemoteWebDriver.java:352)
	at org.openqa.selenium.remote.RemoteWebDriver.findElement(RemoteWebDriver.java:344)
	at org.openqa.selenium.support.pagefactory.DefaultElementLocator.findElement(DefaultElementLocator.java:70)
	at org.openqa.selenium.support.pagefactory.internal.LocatingElementHandler.invoke(LocatingElementHandler.java:39)
	at jdk.proxy2/jdk.proxy2.$Proxy32.click(Unknown Source)
	at pageObjects.homePage.clickSignIn(homePage.java:184)
	at StepDefinitions.Homestep.the_user_click_on_login(Homestep.java:74)
	at ✽.The user clicks on Login(file:///C:/Users/Ashish/eclipse-workspace/DsAlgoCucumber/src/test/resources/features/Home.feature:16)
</pre></div></td>
<td>10</td>
<td>Runner.TestRunner@5ace1ed4</td></tr>
<tr>
<td title='Runner.TestRunner.runScenario()'><b>runScenario</b><br>Test class: Runner.TestRunner<br>Test method: Runs Cucumber Scenarios<br>Parameters: "Veirfy that the user the able to login", "Home and DS Algo Portal Navigation and Functionality"</td>
<td><div><pre>org.openqa.selenium.NoSuchSessionException: Session ID is null. Using WebDriver after calling quit()?
Build info: version: &apos;4.9.0&apos;, revision: &apos;d7057100a6&apos;
System info: os.name: &apos;Windows 10&apos;, os.arch: &apos;amd64&apos;, os.version: &apos;10.0&apos;, java.version: &apos;23.0.1&apos;
Driver info: org.openqa.selenium.chrome.ChromeDriver
Command: [null, getTitle {}]
Capabilities {acceptInsecureCerts: false, browserName: chrome, browserVersion: 134.0.6998.89, chrome: {chromedriverVersion: 134.0.6998.88 (7e3d5c978c6d..., userDataDir: C:\Users\Ashish\AppData\Loc...}, fedcm:accounts: true, goog:chromeOptions: {debuggerAddress: localhost:57555}, networkConnectionEnabled: false, pageLoadStrategy: normal, platformName: WINDOWS, proxy: Proxy(), se:cdp: ws://localhost:57555/devtoo..., se:cdpVersion: 134.0.6998.89, setWindowRect: true, strictFileInteractability: false, timeouts: {implicit: 0, pageLoad: 300000, script: 30000}, unhandledPromptBehavior: dismiss and notify, webauthn:extension:credBlob: true, webauthn:extension:largeBlob: true, webauthn:extension:minPinLength: true, webauthn:extension:prf: true, webauthn:virtualAuthenticators: true}
	at org.openqa.selenium.remote.HttpCommandExecutor.execute(HttpCommandExecutor.java:154)
	at org.openqa.selenium.remote.service.DriverCommandExecutor.invokeExecute(DriverCommandExecutor.java:183)
	at org.openqa.selenium.remote.service.DriverCommandExecutor.execute(DriverCommandExecutor.java:158)
	at org.openqa.selenium.remote.RemoteWebDriver.execute(RemoteWebDriver.java:543)
	at org.openqa.selenium.remote.RemoteWebDriver.execute(RemoteWebDriver.java:598)
	at org.openqa.selenium.remote.RemoteWebDriver.execute(RemoteWebDriver.java:602)
	at org.openqa.selenium.remote.RemoteWebDriver.getTitle(RemoteWebDriver.java:302)
	at org.openqa.selenium.support.ui.ExpectedConditions$1.apply(ExpectedConditions.java:58)
	at org.openqa.selenium.support.ui.ExpectedConditions$1.apply(ExpectedConditions.java:53)
	at org.openqa.selenium.support.ui.FluentWait.until(FluentWait.java:208)
	at StepDefinitions.Homestep.the_user_should_land_on_the_home_page_with_success_message(Homestep.java:95)
	at ✽.The user should land on the home page with success message(file:///C:/Users/Ashish/eclipse-workspace/DsAlgoCucumber/src/test/resources/features/Home.feature:22)
</pre></div><a href='#' onClick='toggleBox("stack-trace619804661", this, "Click to show all stack frames", "Click to hide stack frames")'>Click to show all stack frames</a>
<div class='stack-trace' id='stack-trace619804661'><pre>org.openqa.selenium.NoSuchSessionException: Session ID is null. Using WebDriver after calling quit()?
Build info: version: &apos;4.9.0&apos;, revision: &apos;d7057100a6&apos;
System info: os.name: &apos;Windows 10&apos;, os.arch: &apos;amd64&apos;, os.version: &apos;10.0&apos;, java.version: &apos;23.0.1&apos;
Driver info: org.openqa.selenium.chrome.ChromeDriver
Command: [null, getTitle {}]
Capabilities {acceptInsecureCerts: false, browserName: chrome, browserVersion: 134.0.6998.89, chrome: {chromedriverVersion: 134.0.6998.88 (7e3d5c978c6d..., userDataDir: C:\Users\Ashish\AppData\Loc...}, fedcm:accounts: true, goog:chromeOptions: {debuggerAddress: localhost:57555}, networkConnectionEnabled: false, pageLoadStrategy: normal, platformName: WINDOWS, proxy: Proxy(), se:cdp: ws://localhost:57555/devtoo..., se:cdpVersion: 134.0.6998.89, setWindowRect: true, strictFileInteractability: false, timeouts: {implicit: 0, pageLoad: 300000, script: 30000}, unhandledPromptBehavior: dismiss and notify, webauthn:extension:credBlob: true, webauthn:extension:largeBlob: true, webauthn:extension:minPinLength: true, webauthn:extension:prf: true, webauthn:virtualAuthenticators: true}
	at org.openqa.selenium.remote.HttpCommandExecutor.execute(HttpCommandExecutor.java:154)
	at org.openqa.selenium.remote.service.DriverCommandExecutor.invokeExecute(DriverCommandExecutor.java:183)
	at org.openqa.selenium.remote.service.DriverCommandExecutor.execute(DriverCommandExecutor.java:158)
	at org.openqa.selenium.remote.RemoteWebDriver.execute(RemoteWebDriver.java:543)
	at org.openqa.selenium.remote.RemoteWebDriver.execute(RemoteWebDriver.java:598)
	at org.openqa.selenium.remote.RemoteWebDriver.execute(RemoteWebDriver.java:602)
	at org.openqa.selenium.remote.RemoteWebDriver.getTitle(RemoteWebDriver.java:302)
	at org.openqa.selenium.support.ui.ExpectedConditions$1.apply(ExpectedConditions.java:58)
	at org.openqa.selenium.support.ui.ExpectedConditions$1.apply(ExpectedConditions.java:53)
	at org.openqa.selenium.support.ui.FluentWait.until(FluentWait.java:208)
	at StepDefinitions.Homestep.the_user_should_land_on_the_home_page_with_success_message(Homestep.java:95)
	at ✽.The user should land on the home page with success message(file:///C:/Users/Ashish/eclipse-workspace/DsAlgoCucumber/src/test/resources/features/Home.feature:22)
</pre></div></td>
<td>1</td>
<td>Runner.TestRunner@5ace1ed4</td></tr>
<tr>
<td title='Runner.TestRunner.runScenario()'><b>runScenario</b><br>Test class: Runner.TestRunner<br>Test method: Runs Cucumber Scenarios<br>Parameters: "Verify that the user is able to navigate to the Stack page", "Home and DS Algo Portal Navigation and Functionality"</td>
<td><div><pre>org.openqa.selenium.NoSuchElementException: no such element: Unable to locate element: {&quot;method&quot;:&quot;xpath&quot;,&quot;selector&quot;:&quot;//a[text()=&apos;Sign in&apos;]&quot;}
  (Session info: chrome=134.0.6998.89)
For documentation on this error, please visit: https://selenium.dev/exceptions/#no_such_element
Build info: version: &apos;4.9.0&apos;, revision: &apos;d7057100a6&apos;
System info: os.name: &apos;Windows 10&apos;, os.arch: &apos;amd64&apos;, os.version: &apos;10.0&apos;, java.version: &apos;23.0.1&apos;
Driver info: org.openqa.selenium.chrome.ChromeDriver
Command: [3e2abc8447fd512c5c8a3e582e902bb1, findElement {using=xpath, value=//a[text()=&apos;Sign in&apos;]}]
Capabilities {acceptInsecureCerts: false, browserName: chrome, browserVersion: 134.0.6998.89, chrome: {chromedriverVersion: 134.0.6998.88 (7e3d5c978c6d..., userDataDir: C:\Users\Ashish\AppData\Loc...}, fedcm:accounts: true, goog:chromeOptions: {debuggerAddress: localhost:57572}, networkConnectionEnabled: false, pageLoadStrategy: normal, platformName: WINDOWS, proxy: Proxy(), se:cdp: ws://localhost:57572/devtoo..., se:cdpVersion: 134.0.6998.89, setWindowRect: true, strictFileInteractability: false, timeouts: {implicit: 0, pageLoad: 300000, script: 30000}, unhandledPromptBehavior: dismiss and notify, webauthn:extension:credBlob: true, webauthn:extension:largeBlob: true, webauthn:extension:minPinLength: true, webauthn:extension:prf: true, webauthn:virtualAuthenticators: true}
Session ID: 3e2abc8447fd512c5c8a3e582e902bb1
	at java.base/jdk.internal.reflect.DirectConstructorHandleAccessor.newInstance(DirectConstructorHandleAccessor.java:62)
	at java.base/java.lang.reflect.Constructor.newInstanceWithCaller(Constructor.java:501)
	at java.base/java.lang.reflect.Constructor.newInstance(Constructor.java:485)
	at org.openqa.selenium.remote.codec.w3c.W3CHttpResponseCodec.createException(W3CHttpResponseCodec.java:200)
	at org.openqa.selenium.remote.codec.w3c.W3CHttpResponseCodec.decode(W3CHttpResponseCodec.java:133)
	at org.openqa.selenium.remote.codec.w3c.W3CHttpResponseCodec.decode(W3CHttpResponseCodec.java:53)
	at org.openqa.selenium.remote.HttpCommandExecutor.execute(HttpCommandExecutor.java:193)
	at org.openqa.selenium.remote.service.DriverCommandExecutor.invokeExecute(DriverCommandExecutor.java:183)
	at org.openqa.selenium.remote.service.DriverCommandExecutor.execute(DriverCommandExecutor.java:158)
	at org.openqa.selenium.remote.RemoteWebDriver.execute(RemoteWebDriver.java:543)
	at org.openqa.selenium.remote.ElementLocation$ElementFinder$2.findElement(ElementLocation.java:162)
	at org.openqa.selenium.remote.ElementLocation.findElement(ElementLocation.java:60)
	at org.openqa.selenium.remote.RemoteWebDriver.findElement(RemoteWebDriver.java:352)
	at org.openqa.selenium.remote.RemoteWebDriver.findElement(RemoteWebDriver.java:344)
	at org.openqa.selenium.support.pagefactory.DefaultElementLocator.findElement(DefaultElementLocator.java:70)
	at org.openqa.selenium.support.pagefactory.internal.LocatingElementHandler.invoke(LocatingElementHandler.java:39)
	at jdk.proxy2/jdk.proxy2.$Proxy32.click(Unknown Source)
	at pageObjects.homePage.clickSignIn(homePage.java:184)
	at StepDefinitions.Homestep.the_user_is_on_the_home_page_after_logging_in(Homestep.java:102)
	at ✽.The user is on the home page after logging in(file:///C:/Users/Ashish/eclipse-workspace/DsAlgoCucumber/src/test/resources/features/Home.feature:25)
</pre></div><a href='#' onClick='toggleBox("stack-trace1563000141", this, "Click to show all stack frames", "Click to hide stack frames")'>Click to show all stack frames</a>
<div class='stack-trace' id='stack-trace1563000141'><pre>org.openqa.selenium.NoSuchElementException: no such element: Unable to locate element: {&quot;method&quot;:&quot;xpath&quot;,&quot;selector&quot;:&quot;//a[text()=&apos;Sign in&apos;]&quot;}
  (Session info: chrome=134.0.6998.89)
For documentation on this error, please visit: https://selenium.dev/exceptions/#no_such_element
Build info: version: &apos;4.9.0&apos;, revision: &apos;d7057100a6&apos;
System info: os.name: &apos;Windows 10&apos;, os.arch: &apos;amd64&apos;, os.version: &apos;10.0&apos;, java.version: &apos;23.0.1&apos;
Driver info: org.openqa.selenium.chrome.ChromeDriver
Command: [3e2abc8447fd512c5c8a3e582e902bb1, findElement {using=xpath, value=//a[text()=&apos;Sign in&apos;]}]
Capabilities {acceptInsecureCerts: false, browserName: chrome, browserVersion: 134.0.6998.89, chrome: {chromedriverVersion: 134.0.6998.88 (7e3d5c978c6d..., userDataDir: C:\Users\Ashish\AppData\Loc...}, fedcm:accounts: true, goog:chromeOptions: {debuggerAddress: localhost:57572}, networkConnectionEnabled: false, pageLoadStrategy: normal, platformName: WINDOWS, proxy: Proxy(), se:cdp: ws://localhost:57572/devtoo..., se:cdpVersion: 134.0.6998.89, setWindowRect: true, strictFileInteractability: false, timeouts: {implicit: 0, pageLoad: 300000, script: 30000}, unhandledPromptBehavior: dismiss and notify, webauthn:extension:credBlob: true, webauthn:extension:largeBlob: true, webauthn:extension:minPinLength: true, webauthn:extension:prf: true, webauthn:virtualAuthenticators: true}
Session ID: 3e2abc8447fd512c5c8a3e582e902bb1
	at java.base/jdk.internal.reflect.DirectConstructorHandleAccessor.newInstance(DirectConstructorHandleAccessor.java:62)
	at java.base/java.lang.reflect.Constructor.newInstanceWithCaller(Constructor.java:501)
	at java.base/java.lang.reflect.Constructor.newInstance(Constructor.java:485)
	at org.openqa.selenium.remote.codec.w3c.W3CHttpResponseCodec.createException(W3CHttpResponseCodec.java:200)
	at org.openqa.selenium.remote.codec.w3c.W3CHttpResponseCodec.decode(W3CHttpResponseCodec.java:133)
	at org.openqa.selenium.remote.codec.w3c.W3CHttpResponseCodec.decode(W3CHttpResponseCodec.java:53)
	at org.openqa.selenium.remote.HttpCommandExecutor.execute(HttpCommandExecutor.java:193)
	at org.openqa.selenium.remote.service.DriverCommandExecutor.invokeExecute(DriverCommandExecutor.java:183)
	at org.openqa.selenium.remote.service.DriverCommandExecutor.execute(DriverCommandExecutor.java:158)
	at org.openqa.selenium.remote.RemoteWebDriver.execute(RemoteWebDriver.java:543)
	at org.openqa.selenium.remote.ElementLocation$ElementFinder$2.findElement(ElementLocation.java:162)
	at org.openqa.selenium.remote.ElementLocation.findElement(ElementLocation.java:60)
	at org.openqa.selenium.remote.RemoteWebDriver.findElement(RemoteWebDriver.java:352)
	at org.openqa.selenium.remote.RemoteWebDriver.findElement(RemoteWebDriver.java:344)
	at org.openqa.selenium.support.pagefactory.DefaultElementLocator.findElement(DefaultElementLocator.java:70)
	at org.openqa.selenium.support.pagefactory.internal.LocatingElementHandler.invoke(LocatingElementHandler.java:39)
	at jdk.proxy2/jdk.proxy2.$Proxy32.click(Unknown Source)
	at pageObjects.homePage.clickSignIn(homePage.java:184)
	at StepDefinitions.Homestep.the_user_is_on_the_home_page_after_logging_in(Homestep.java:102)
	at ✽.The user is on the home page after logging in(file:///C:/Users/Ashish/eclipse-workspace/DsAlgoCucumber/src/test/resources/features/Home.feature:25)
</pre></div></td>
<td>10</td>
<td>Runner.TestRunner@5ace1ed4</td></tr>
<tr>
<td title='Runner.TestRunner.runScenario()'><b>runScenario</b><br>Test class: Runner.TestRunner<br>Test method: Runs Cucumber Scenarios<br>Parameters: "Verify that user is able to land on Homepage after registration with valid fields", "User Registration on DS Algo Portal"</td>
<td><div><pre>java.lang.AssertionError: expected [true] but found [false]
	at org.testng.Assert.fail(Assert.java:111)
	at org.testng.Assert.failNotEquals(Assert.java:1590)
	at org.testng.Assert.assertTrue(Assert.java:57)
	at org.testng.Assert.assertTrue(Assert.java:67)
	at StepDefinitions.RegisterStep.the_user_should_be_redirected_to_home_page_of_ds_algo_with_success_message(RegisterStep.java:129)
	at ✽.The user should be redirected to Home Page of DS Algo with success message(file:///C:/Users/Ashish/eclipse-workspace/DsAlgoCucumber/src/test/resources/features/Register.feature:30)
</pre></div><a href='#' onClick='toggleBox("stack-trace1718708569", this, "Click to show all stack frames", "Click to hide stack frames")'>Click to show all stack frames</a>
<div class='stack-trace' id='stack-trace1718708569'><pre>java.lang.AssertionError: expected [true] but found [false]
	at org.testng.Assert.fail(Assert.java:111)
	at org.testng.Assert.failNotEquals(Assert.java:1590)
	at org.testng.Assert.assertTrue(Assert.java:57)
	at org.testng.Assert.assertTrue(Assert.java:67)
	at StepDefinitions.RegisterStep.the_user_should_be_redirected_to_home_page_of_ds_algo_with_success_message(RegisterStep.java:129)
	at ✽.The user should be redirected to Home Page of DS Algo with success message(file:///C:/Users/Ashish/eclipse-workspace/DsAlgoCucumber/src/test/resources/features/Register.feature:30)
</pre></div></td>
<td>2</td>
<td>Runner.TestRunner@5ace1ed4</td></tr>
<tr>
<td title='Runner.TestRunner.runScenario()'><b>runScenario</b><br>Test class: Runner.TestRunner<br>Test method: Runs Cucumber Scenarios<br>Parameters: "Verify that user is able to sign out successfully", "Home and DS Algo Portal Navigation and Functionality"</td>
<td><div><pre>org.openqa.selenium.NoSuchElementException: no such element: Unable to locate element: {&quot;method&quot;:&quot;xpath&quot;,&quot;selector&quot;:&quot;//a[text()=&apos;Sign in&apos;]&quot;}
  (Session info: chrome=134.0.6998.89)
For documentation on this error, please visit: https://selenium.dev/exceptions/#no_such_element
Build info: version: &apos;4.9.0&apos;, revision: &apos;d7057100a6&apos;
System info: os.name: &apos;Windows 10&apos;, os.arch: &apos;amd64&apos;, os.version: &apos;10.0&apos;, java.version: &apos;23.0.1&apos;
Driver info: org.openqa.selenium.chrome.ChromeDriver
Command: [3e2abc8447fd512c5c8a3e582e902bb1, findElement {using=xpath, value=//a[text()=&apos;Sign in&apos;]}]
Capabilities {acceptInsecureCerts: false, browserName: chrome, browserVersion: 134.0.6998.89, chrome: {chromedriverVersion: 134.0.6998.88 (7e3d5c978c6d..., userDataDir: C:\Users\Ashish\AppData\Loc...}, fedcm:accounts: true, goog:chromeOptions: {debuggerAddress: localhost:57572}, networkConnectionEnabled: false, pageLoadStrategy: normal, platformName: WINDOWS, proxy: Proxy(), se:cdp: ws://localhost:57572/devtoo..., se:cdpVersion: 134.0.6998.89, setWindowRect: true, strictFileInteractability: false, timeouts: {implicit: 0, pageLoad: 300000, script: 30000}, unhandledPromptBehavior: dismiss and notify, webauthn:extension:credBlob: true, webauthn:extension:largeBlob: true, webauthn:extension:minPinLength: true, webauthn:extension:prf: true, webauthn:virtualAuthenticators: true}
Session ID: 3e2abc8447fd512c5c8a3e582e902bb1
	at java.base/jdk.internal.reflect.DirectConstructorHandleAccessor.newInstance(DirectConstructorHandleAccessor.java:62)
	at java.base/java.lang.reflect.Constructor.newInstanceWithCaller(Constructor.java:501)
	at java.base/java.lang.reflect.Constructor.newInstance(Constructor.java:485)
	at org.openqa.selenium.remote.codec.w3c.W3CHttpResponseCodec.createException(W3CHttpResponseCodec.java:200)
	at org.openqa.selenium.remote.codec.w3c.W3CHttpResponseCodec.decode(W3CHttpResponseCodec.java:133)
	at org.openqa.selenium.remote.codec.w3c.W3CHttpResponseCodec.decode(W3CHttpResponseCodec.java:53)
	at org.openqa.selenium.remote.HttpCommandExecutor.execute(HttpCommandExecutor.java:193)
	at org.openqa.selenium.remote.service.DriverCommandExecutor.invokeExecute(DriverCommandExecutor.java:183)
	at org.openqa.selenium.remote.service.DriverCommandExecutor.execute(DriverCommandExecutor.java:158)
	at org.openqa.selenium.remote.RemoteWebDriver.execute(RemoteWebDriver.java:543)
	at org.openqa.selenium.remote.ElementLocation$ElementFinder$2.findElement(ElementLocation.java:162)
	at org.openqa.selenium.remote.ElementLocation.findElement(ElementLocation.java:60)
	at org.openqa.selenium.remote.RemoteWebDriver.findElement(RemoteWebDriver.java:352)
	at org.openqa.selenium.remote.RemoteWebDriver.findElement(RemoteWebDriver.java:344)
	at org.openqa.selenium.support.pagefactory.DefaultElementLocator.findElement(DefaultElementLocator.java:70)
	at org.openqa.selenium.support.pagefactory.internal.LocatingElementHandler.invoke(LocatingElementHandler.java:39)
	at jdk.proxy2/jdk.proxy2.$Proxy32.click(Unknown Source)
	at pageObjects.homePage.clickSignIn(homePage.java:184)
	at StepDefinitions.Homestep.the_user_is_on_the_home_page_after_logging_in(Homestep.java:102)
	at ✽.The user is on the home page after logging in(file:///C:/Users/Ashish/eclipse-workspace/DsAlgoCucumber/src/test/resources/features/Home.feature:30)
</pre></div><a href='#' onClick='toggleBox("stack-trace298939230", this, "Click to show all stack frames", "Click to hide stack frames")'>Click to show all stack frames</a>
<div class='stack-trace' id='stack-trace298939230'><pre>org.openqa.selenium.NoSuchElementException: no such element: Unable to locate element: {&quot;method&quot;:&quot;xpath&quot;,&quot;selector&quot;:&quot;//a[text()=&apos;Sign in&apos;]&quot;}
  (Session info: chrome=134.0.6998.89)
For documentation on this error, please visit: https://selenium.dev/exceptions/#no_such_element
Build info: version: &apos;4.9.0&apos;, revision: &apos;d7057100a6&apos;
System info: os.name: &apos;Windows 10&apos;, os.arch: &apos;amd64&apos;, os.version: &apos;10.0&apos;, java.version: &apos;23.0.1&apos;
Driver info: org.openqa.selenium.chrome.ChromeDriver
Command: [3e2abc8447fd512c5c8a3e582e902bb1, findElement {using=xpath, value=//a[text()=&apos;Sign in&apos;]}]
Capabilities {acceptInsecureCerts: false, browserName: chrome, browserVersion: 134.0.6998.89, chrome: {chromedriverVersion: 134.0.6998.88 (7e3d5c978c6d..., userDataDir: C:\Users\Ashish\AppData\Loc...}, fedcm:accounts: true, goog:chromeOptions: {debuggerAddress: localhost:57572}, networkConnectionEnabled: false, pageLoadStrategy: normal, platformName: WINDOWS, proxy: Proxy(), se:cdp: ws://localhost:57572/devtoo..., se:cdpVersion: 134.0.6998.89, setWindowRect: true, strictFileInteractability: false, timeouts: {implicit: 0, pageLoad: 300000, script: 30000}, unhandledPromptBehavior: dismiss and notify, webauthn:extension:credBlob: true, webauthn:extension:largeBlob: true, webauthn:extension:minPinLength: true, webauthn:extension:prf: true, webauthn:virtualAuthenticators: true}
Session ID: 3e2abc8447fd512c5c8a3e582e902bb1
	at java.base/jdk.internal.reflect.DirectConstructorHandleAccessor.newInstance(DirectConstructorHandleAccessor.java:62)
	at java.base/java.lang.reflect.Constructor.newInstanceWithCaller(Constructor.java:501)
	at java.base/java.lang.reflect.Constructor.newInstance(Constructor.java:485)
	at org.openqa.selenium.remote.codec.w3c.W3CHttpResponseCodec.createException(W3CHttpResponseCodec.java:200)
	at org.openqa.selenium.remote.codec.w3c.W3CHttpResponseCodec.decode(W3CHttpResponseCodec.java:133)
	at org.openqa.selenium.remote.codec.w3c.W3CHttpResponseCodec.decode(W3CHttpResponseCodec.java:53)
	at org.openqa.selenium.remote.HttpCommandExecutor.execute(HttpCommandExecutor.java:193)
	at org.openqa.selenium.remote.service.DriverCommandExecutor.invokeExecute(DriverCommandExecutor.java:183)
	at org.openqa.selenium.remote.service.DriverCommandExecutor.execute(DriverCommandExecutor.java:158)
	at org.openqa.selenium.remote.RemoteWebDriver.execute(RemoteWebDriver.java:543)
	at org.openqa.selenium.remote.ElementLocation$ElementFinder$2.findElement(ElementLocation.java:162)
	at org.openqa.selenium.remote.ElementLocation.findElement(ElementLocation.java:60)
	at org.openqa.selenium.remote.RemoteWebDriver.findElement(RemoteWebDriver.java:352)
	at org.openqa.selenium.remote.RemoteWebDriver.findElement(RemoteWebDriver.java:344)
	at org.openqa.selenium.support.pagefactory.DefaultElementLocator.findElement(DefaultElementLocator.java:70)
	at org.openqa.selenium.support.pagefactory.internal.LocatingElementHandler.invoke(LocatingElementHandler.java:39)
	at jdk.proxy2/jdk.proxy2.$Proxy32.click(Unknown Source)
	at pageObjects.homePage.clickSignIn(homePage.java:184)
	at StepDefinitions.Homestep.the_user_is_on_the_home_page_after_logging_in(Homestep.java:102)
	at ✽.The user is on the home page after logging in(file:///C:/Users/Ashish/eclipse-workspace/DsAlgoCucumber/src/test/resources/features/Home.feature:30)
</pre></div></td>
<td>10</td>
<td>Runner.TestRunner@5ace1ed4</td></tr>
</table><p>
<table width='100%' border='1' class='invocation-passed'>
<tr><td colspan='4' align='center'><b>PASSED TESTS</b></td></tr>
<tr><td><b>Test method</b></td>
<td><b>Attribute(s)</b></td>
<td width="30%"><b>Exception</b></td>
<td width="10%"><b>Time (seconds)</b></td>
<td><b>Instance</b></td>
</tr>
<tr>
<td title='Runner.TestRunner.runScenario()'><b>runScenario</b><br>Test class: Runner.TestRunner<br>Test method: Runs Cucumber Scenarios<br>Parameters: "Verify that user is able to navigate to Practice Questions page", "Data Structures - Introduction Navigation"</td>
<td></td>
<td>3</td>
<td>Runner.TestRunner@5ace1ed4</td></tr>
<tr>
<td title='Runner.TestRunner.runScenario()'><b>runScenario</b><br>Test class: Runner.TestRunner<br>Test method: Runs Cucumber Scenarios<br>Parameters: "Verify that user receives an error message for invalid Username during login", "Sign In and Sign Out in dsAlgo Portal"</td>
<td></td>
<td>2</td>
<td>Runner.TestRunner@5ace1ed4</td></tr>
<tr>
<td title='Runner.TestRunner.runScenario()'><b>runScenario</b><br>Test class: Runner.TestRunner<br>Test method: Runs Cucumber Scenarios<br>Parameters: "Verify that the user can navigate to Data Structures - Introduction page", "Data Structures - Introduction Navigation"</td>
<td></td>
<td>22</td>
<td>Runner.TestRunner@5ace1ed4</td></tr>
<tr>
<td title='Runner.TestRunner.runScenario()'><b>runScenario</b><br>Test class: Runner.TestRunner<br>Test method: Runs Cucumber Scenarios<br>Parameters: "Verify that user receives an error message for empty Username field during login", "Sign In and Sign Out in dsAlgo Portal"</td>
<td></td>
<td>1</td>
<td>Runner.TestRunner@5ace1ed4</td></tr>
<tr>
<td title='Runner.TestRunner.runScenario()'><b>runScenario</b><br>Test class: Runner.TestRunner<br>Test method: Runs Cucumber Scenarios<br>Parameters: "Verify that user receives error message for all empty fields during registration", "User Registration on DS Algo Portal"</td>
<td></td>
<td>0</td>
<td>Runner.TestRunner@5ace1ed4</td></tr>
<tr>
<td title='Runner.TestRunner.runScenario()'><b>runScenario</b><br>Test class: Runner.TestRunner<br>Test method: Runs Cucumber Scenarios<br>Parameters: "Verify that user receives an error message for invalid Username during login", "Sign In and Sign Out in dsAlgo Portal"</td>
<td></td>
<td>2</td>
<td>Runner.TestRunner@5ace1ed4</td></tr>
<tr>
<td title='Runner.TestRunner.runScenario()'><b>runScenario</b><br>Test class: Runner.TestRunner<br>Test method: Runs Cucumber Scenarios<br>Parameters: "Verify that user is able to land on the Home page after entering valid credentials", "Sign In and Sign Out in dsAlgo Portal"</td>
<td></td>
<td>2</td>
<td>Runner.TestRunner@5ace1ed4</td></tr>
<tr>
<td title='Runner.TestRunner.runScenario()'><b>runScenario</b><br>Test class: Runner.TestRunner<br>Test method: Runs Cucumber Scenarios<br>Parameters: "Verify that user receives error when click on Run button without entering code", "Data Structures - Introduction Navigation"</td>
<td></td>
<td>2</td>
<td>Runner.TestRunner@5ace1ed4</td></tr>
<tr>
<td title='Runner.TestRunner.runScenario()'><b>runScenario</b><br>Test class: Runner.TestRunner<br>Test method: Runs Cucumber Scenarios<br>Parameters: "Verify that the user can navigate to registration from login", "Sign In and Sign Out in dsAlgo Portal"</td>
<td></td>
<td>1</td>
<td>Runner.TestRunner@5ace1ed4</td></tr>
<tr>
<td title='Runner.TestRunner.runScenario()'><b>runScenario</b><br>Test class: Runner.TestRunner<br>Test method: Runs Cucumber Scenarios<br>Parameters: "Verify that user receives error message for empty Username Confirmation field during registration", "User Registration on DS Algo Portal"</td>
<td></td>
<td>2</td>
<td>Runner.TestRunner@5ace1ed4</td></tr>
<tr>
<td title='Runner.TestRunner.runScenario()'><b>runScenario</b><br>Test class: Runner.TestRunner<br>Test method: Runs Cucumber Scenarios<br>Parameters: "Verify that user receives an error for invalid Python code in Try Editor page of Time Complexity", "Data Structures - Introduction Navigation"</td>
<td></td>
<td>12</td>
<td>Runner.TestRunner@5ace1ed4</td></tr>
<tr>
<td title='Runner.TestRunner.runScenario()'><b>runScenario</b><br>Test class: Runner.TestRunner<br>Test method: Runs Cucumber Scenarios<br>Parameters: "Verify the Home page for a user", "Home and DS Algo Portal Navigation and Functionality"</td>
<td></td>
<td>1</td>
<td>Runner.TestRunner@5ace1ed4</td></tr>
<tr>
<td title='Runner.TestRunner.runScenario()'><b>runScenario</b><br>Test class: Runner.TestRunner<br>Test method: Runs Cucumber Scenarios<br>Parameters: "Verify that user receives an error message for invalid Username during login", "Sign In and Sign Out in dsAlgo Portal"</td>
<td></td>
<td>2</td>
<td>Runner.TestRunner@5ace1ed4</td></tr>
<tr>
<td title='Runner.TestRunner.runScenario()'><b>runScenario</b><br>Test class: Runner.TestRunner<br>Test method: Runs Cucumber Scenarios<br>Parameters: "Verify that user receives error message for mismatched Password and Password Confirmation field during registration", "User Registration on DS Algo Portal"</td>
<td></td>
<td>2</td>
<td>Runner.TestRunner@5ace1ed4</td></tr>
<tr>
<td title='Runner.TestRunner.runScenario()'><b>runScenario</b><br>Test class: Runner.TestRunner<br>Test method: Runs Cucumber Scenarios<br>Parameters: "Verify that user is able to navigate to try Editor page", "Data Structures - Introduction Navigation"</td>
<td></td>
<td>5</td>
<td>Runner.TestRunner@5ace1ed4</td></tr>
<tr>
<td title='Runner.TestRunner.runScenario()'><b>runScenario</b><br>Test class: Runner.TestRunner<br>Test method: Runs Cucumber Scenarios<br>Parameters: "Verify that user receives an error message for empty Password field during login", "Sign In and Sign Out in dsAlgo Portal"</td>
<td></td>
<td>1</td>
<td>Runner.TestRunner@5ace1ed4</td></tr>
<tr>
<td title='Runner.TestRunner.runScenario()'><b>runScenario</b><br>Test class: Runner.TestRunner<br>Test method: Runs Cucumber Scenarios<br>Parameters: "Verify that user receives an error message for all empty fields during login", "Sign In and Sign Out in dsAlgo Portal"</td>
<td></td>
<td>0</td>
<td>Runner.TestRunner@5ace1ed4</td></tr>
<tr>
<td title='Runner.TestRunner.runScenario()'><b>runScenario</b><br>Test class: Runner.TestRunner<br>Test method: Runs Cucumber Scenarios<br>Parameters: "Verify that the user is able to navigate to the Time Comlexity Page", "Data Structures - Introduction Navigation"</td>
<td></td>
<td>1</td>
<td>Runner.TestRunner@5ace1ed4</td></tr>
<tr>
<td title='Runner.TestRunner.runScenario()'><b>runScenario</b><br>Test class: Runner.TestRunner<br>Test method: Runs Cucumber Scenarios<br>Parameters: "Verify that user is able to see output for valid Python code in Try Editor page of Time Complexity", "Data Structures - Introduction Navigation"</td>
<td></td>
<td>3</td>
<td>Runner.TestRunner@5ace1ed4</td></tr>
</table><p>
</body>
</html>