<!DOCTYPE html>

<html>
  <head>
  <meta charset='utf-8'>
  <title>TestNG reports</title>

    <link type="text/css" href="testng-reports1.css" rel="stylesheet" id="ultra" />
    <link type="text/css" href="testng-reports.css" rel="stylesheet" id="retro" disabled="false"/>
    <script type="text/javascript" src="jquery-3.6.0.min.js"></script>
    <script type="text/javascript" src="testng-reports.js"></script>
    <script type="text/javascript" src="https://www.google.com/jsapi"></script>
    <script type='text/javascript'>
      google.load('visualization', '1', {packages:['table']});
      google.setOnLoadCallback(drawTable);
      var suiteTableInitFunctions = new Array();
      var suiteTableData = new Array();
    </script>
    <!--
      <script type="text/javascript" src="jquery-ui/js/jquery-ui-1.8.16.custom.min.js"></script>
     -->
  </head>

  <body>    <div class="top-banner-root">
      <span class="top-banner-title-font">Test results</span>
      <button id="button" class="button">Switch Retro Theme</button> <!-- button -->
      <br/>
      <span class="top-banner-font-1">1 suite, 31 failed tests</span>
    </div> <!-- top-banner-root -->
    <div class="navigator-root">
      <div class="navigator-suite-header">
        <span>All suites</span>
        <a href="#" title="Collapse/expand all the suites" class="collapse-all-link">
          <img src="collapseall.gif" class="collapse-all-icon">
          </img> <!-- collapse-all-icon -->
        </a> <!-- collapse-all-link -->
      </div> <!-- navigator-suite-header -->
      <div class="suite">
        <div class="rounded-window">
          <div class="suite-header light-rounded-window-top">
            <a href="#" panel-name="suite-Suite" class="navigator-link">
              <span class="suite-name border-failed">Suite</span>
            </a> <!-- navigator-link -->
          </div> <!-- suite-header light-rounded-window-top -->
          <div class="navigator-suite-content">
            <div class="suite-section-title">
              <span>Info</span>
            </div> <!-- suite-section-title -->
            <div class="suite-section-content">
              <ul>
                <li>
                  <a href="#" panel-name="test-xml-Suite" class="navigator-link ">
                    <span>C:\Numpy Ninja Projects\Sindhu_Thaniga\Innovation-Inspectors\testng.xml</span>
                  </a> <!-- navigator-link  -->
                </li>
                <li>
                  <a href="#" panel-name="testlist-Suite" class="navigator-link ">
                    <span class="test-stats">1 test</span>
                  </a> <!-- navigator-link  -->
                </li>
                <li>
                  <a href="#" panel-name="group-Suite" class="navigator-link ">
                    <span>1 group</span>
                  </a> <!-- navigator-link  -->
                </li>
                <li>
                  <a href="#" panel-name="times-Suite" class="navigator-link ">
                    <span>Times</span>
                  </a> <!-- navigator-link  -->
                </li>
                <li>
                  <a href="#" panel-name="reporter-Suite" class="navigator-link ">
                    <span>Reporter output</span>
                  </a> <!-- navigator-link  -->
                </li>
                <li>
                  <a href="#" panel-name="ignored-methods-Suite" class="navigator-link ">
                    <span>Ignored methods</span>
                  </a> <!-- navigator-link  -->
                </li>
                <li>
                  <a href="#" panel-name="chronological-Suite" class="navigator-link ">
                    <span>Chronological view</span>
                  </a> <!-- navigator-link  -->
                </li>
              </ul>
            </div> <!-- suite-section-content -->
            <div class="result-section">
              <div class="suite-section-title">
                <span>Results</span>
              </div> <!-- suite-section-title -->
              <div class="suite-section-content">
                <ul>
                  <li>
                    <span class="method-stats">67 methods, 31 failed,   36 passed</span>
                  </li>
                  <li>
                    <span class="method-list-title failed">Failed methods</span>
                    <span class="show-or-hide-methods failed">
                      <a href="#" panel-name="suite-Suite" class="hide-methods failed suite-Suite"> (hide)</a> <!-- hide-methods failed suite-Suite -->
                      <a href="#" panel-name="suite-Suite" class="show-methods failed suite-Suite"> (show)</a> <!-- show-methods failed suite-Suite -->
                    </span>
                    <div class="method-list-content failed suite-Suite">
                      <span>
                        <img src="failed.png" width="3%"/>
                        <a href="#" panel-name="suite-Suite" title="Runner.TestRunner" class="method navigator-link" hash-for-method="runScenario(&quot;Verify that user is able to navigate to Squares of a Sorted Array Page from Practice questions page...)">runScenario("Verify that user is able to navigate to Squares of a Sorted Array Page from Practice questions page...)</a> <!-- method navigator-link -->
                      </span>
                      <br/>
                      <span>
                        <img src="failed.png" width="3%"/>
                        <a href="#" panel-name="suite-Suite" title="Runner.TestRunner" class="method navigator-link" hash-for-method="runScenario(&quot;Verify that user receives error for invalid python code&quot;, &quot;Array Navigation&quot;)">runScenario("Verify that user receives error for invalid python code", "Array Navigation")</a> <!-- method navigator-link -->
                      </span>
                      <br/>
                      <span>
                        <img src="failed.png" width="3%"/>
                        <a href="#" panel-name="suite-Suite" title="Runner.TestRunner" class="method navigator-link" hash-for-method="runScenario(&quot;Verify that user receives error for invalid python code&quot;, &quot;Array Navigation&quot;)">runScenario("Verify that user receives error for invalid python code", "Array Navigation")</a> <!-- method navigator-link -->
                      </span>
                      <br/>
                      <span>
                        <img src="failed.png" width="3%"/>
                        <a href="#" panel-name="suite-Suite" title="Runner.TestRunner" class="method navigator-link" hash-for-method="runScenario(&quot;Verify that user is able to navigate to Search the array Page from Practice question page of Applic...)">runScenario("Verify that user is able to navigate to Search the array Page from Practice question page of Applic...)</a> <!-- method navigator-link -->
                      </span>
                      <br/>
                      <span>
                        <img src="failed.png" width="3%"/>
                        <a href="#" panel-name="suite-Suite" title="Runner.TestRunner" class="method navigator-link" hash-for-method="runScenario(&quot;Verify that user receives error for invalid python code&quot;, &quot;Array Navigation&quot;)">runScenario("Verify that user receives error for invalid python code", "Array Navigation")</a> <!-- method navigator-link -->
                      </span>
                      <br/>
                      <span>
                        <img src="failed.png" width="3%"/>
                        <a href="#" panel-name="suite-Suite" title="Runner.TestRunner" class="method navigator-link" hash-for-method="runScenario(&quot;Verify that user is able to see output for  valid python code&quot;, &quot;Array Navigation&quot;)">runScenario("Verify that user is able to see output for  valid python code", "Array Navigation")</a> <!-- method navigator-link -->
                      </span>
                      <br/>
                      <span>
                        <img src="failed.png" width="3%"/>
                        <a href="#" panel-name="suite-Suite" title="Runner.TestRunner" class="method navigator-link" hash-for-method="runScenario(&quot;Verify that user receives error for invalid python code&quot;, &quot;Array Navigation&quot;)">runScenario("Verify that user receives error for invalid python code", "Array Navigation")</a> <!-- method navigator-link -->
                      </span>
                      <br/>
                      <span>
                        <img src="failed.png" width="3%"/>
                        <a href="#" panel-name="suite-Suite" title="Runner.TestRunner" class="method navigator-link" hash-for-method="runScenario(&quot;Verify that user is able to navigate to Practice Questions Page for Applications of Array page&quot;, &quot;A...)">runScenario("Verify that user is able to navigate to Practice Questions Page for Applications of Array page", "A...)</a> <!-- method navigator-link -->
                      </span>
                      <br/>
                      <span>
                        <img src="failed.png" width="3%"/>
                        <a href="#" panel-name="suite-Suite" title="Runner.TestRunner" class="method navigator-link" hash-for-method="runScenario(&quot;Verify that user is able to navigate to Arrays using List page&quot;, &quot;Array Navigation&quot;)">runScenario("Verify that user is able to navigate to Arrays using List page", "Array Navigation")</a> <!-- method navigator-link -->
                      </span>
                      <br/>
                      <span>
                        <img src="failed.png" width="3%"/>
                        <a href="#" panel-name="suite-Suite" title="Runner.TestRunner" class="method navigator-link" hash-for-method="runScenario(&quot;Verify that user is able to see output for valid python code&quot;, &quot;Array Navigation&quot;)">runScenario("Verify that user is able to see output for valid python code", "Array Navigation")</a> <!-- method navigator-link -->
                      </span>
                      <br/>
                      <span>
                        <img src="failed.png" width="3%"/>
                        <a href="#" panel-name="suite-Suite" title="Runner.TestRunner" class="method navigator-link" hash-for-method="runScenario(&quot;Verify that user is able to navigate to Arrays in Python page&quot;, &quot;Array Navigation&quot;)">runScenario("Verify that user is able to navigate to Arrays in Python page", "Array Navigation")</a> <!-- method navigator-link -->
                      </span>
                      <br/>
                      <span>
                        <img src="failed.png" width="3%"/>
                        <a href="#" panel-name="suite-Suite" title="Runner.TestRunner" class="method navigator-link" hash-for-method="runScenario(&quot;Verify that user is able to navigate to Max Consecutive Ones Page from Practice questions page&quot;, &quot;A...)">runScenario("Verify that user is able to navigate to Max Consecutive Ones Page from Practice questions page", "A...)</a> <!-- method navigator-link -->
                      </span>
                      <br/>
                      <span>
                        <img src="failed.png" width="3%"/>
                        <a href="#" panel-name="suite-Suite" title="Runner.TestRunner" class="method navigator-link" hash-for-method="runScenario(&quot;Verify that user is able to see output for valid python code&quot;, &quot;Array Navigation&quot;)">runScenario("Verify that user is able to see output for valid python code", "Array Navigation")</a> <!-- method navigator-link -->
                      </span>
                      <br/>
                      <span>
                        <img src="failed.png" width="3%"/>
                        <a href="#" panel-name="suite-Suite" title="Runner.TestRunner" class="method navigator-link" hash-for-method="runScenario(&quot;Verify that user is able to navigate to try Editor page&quot;, &quot;Array Navigation&quot;)">runScenario("Verify that user is able to navigate to try Editor page", "Array Navigation")</a> <!-- method navigator-link -->
                      </span>
                      <br/>
                      <span>
                        <img src="failed.png" width="3%"/>
                        <a href="#" panel-name="suite-Suite" title="Runner.TestRunner" class="method navigator-link" hash-for-method="runScenario(&quot;Verify that user receives error for invalid python code&quot;, &quot;Array Navigation&quot;)">runScenario("Verify that user receives error for invalid python code", "Array Navigation")</a> <!-- method navigator-link -->
                      </span>
                      <br/>
                      <span>
                        <img src="failed.png" width="3%"/>
                        <a href="#" panel-name="suite-Suite" title="Runner.TestRunner" class="method navigator-link" hash-for-method="runScenario(&quot;Verify that user receives error for invalid python code&quot;, &quot;Array Navigation&quot;)">runScenario("Verify that user receives error for invalid python code", "Array Navigation")</a> <!-- method navigator-link -->
                      </span>
                      <br/>
                      <span>
                        <img src="failed.png" width="3%"/>
                        <a href="#" panel-name="suite-Suite" title="Runner.TestRunner" class="method navigator-link" hash-for-method="runScenario(&quot;Verify that user is able to navigate to try Editor page for Arrays in Python page&quot;, &quot;Array Navigati...)">runScenario("Verify that user is able to navigate to try Editor page for Arrays in Python page", "Array Navigati...)</a> <!-- method navigator-link -->
                      </span>
                      <br/>
                      <span>
                        <img src="failed.png" width="3%"/>
                        <a href="#" panel-name="suite-Suite" title="Runner.TestRunner" class="method navigator-link" hash-for-method="runScenario(&quot;Verify that user is able to navigate to Basic Operations in Lists page&quot;, &quot;Array Navigation&quot;)">runScenario("Verify that user is able to navigate to Basic Operations in Lists page", "Array Navigation")</a> <!-- method navigator-link -->
                      </span>
                      <br/>
                      <span>
                        <img src="failed.png" width="3%"/>
                        <a href="#" panel-name="suite-Suite" title="Runner.TestRunner" class="method navigator-link" hash-for-method="runScenario(&quot;Verify that user is able to navigate to Find Numbers with Even Number of Digits Page from Practice ...)">runScenario("Verify that user is able to navigate to Find Numbers with Even Number of Digits Page from Practice ...)</a> <!-- method navigator-link -->
                      </span>
                      <br/>
                      <span>
                        <img src="failed.png" width="3%"/>
                        <a href="#" panel-name="suite-Suite" title="Runner.TestRunner" class="method navigator-link" hash-for-method="runScenario(&quot;Verify that user is able to navigate to Applications of Array page&quot;, &quot;Array Navigation&quot;)">runScenario("Verify that user is able to navigate to Applications of Array page", "Array Navigation")</a> <!-- method navigator-link -->
                      </span>
                      <br/>
                      <span>
                        <img src="failed.png" width="3%"/>
                        <a href="#" panel-name="suite-Suite" title="Runner.TestRunner" class="method navigator-link" hash-for-method="runScenario(&quot;Verify that user is able to run valid python code&quot;, &quot;Array Navigation&quot;)">runScenario("Verify that user is able to run valid python code", "Array Navigation")</a> <!-- method navigator-link -->
                      </span>
                      <br/>
                      <span>
                        <img src="failed.png" width="3%"/>
                        <a href="#" panel-name="suite-Suite" title="Runner.TestRunner" class="method navigator-link" hash-for-method="runScenario(&quot;Verify that user is able to navigate to try Editor page for Introduction page&quot;, &quot;Linked List Naviga...)">runScenario("Verify that user is able to navigate to try Editor page for Introduction page", "Linked List Naviga...)</a> <!-- method navigator-link -->
                      </span>
                      <br/>
                      <span>
                        <img src="failed.png" width="3%"/>
                        <a href="#" panel-name="suite-Suite" title="Runner.TestRunner" class="method navigator-link" hash-for-method="runScenario(&quot;Verify that user is able to see output for valid python code&quot;, &quot;Array Navigation&quot;)">runScenario("Verify that user is able to see output for valid python code", "Array Navigation")</a> <!-- method navigator-link -->
                      </span>
                      <br/>
                      <span>
                        <img src="failed.png" width="3%"/>
                        <a href="#" panel-name="suite-Suite" title="Runner.TestRunner" class="method navigator-link" hash-for-method="runScenario(&quot;Verify that user receives error for invalid python code&quot;, &quot;Array Navigation&quot;)">runScenario("Verify that user receives error for invalid python code", "Array Navigation")</a> <!-- method navigator-link -->
                      </span>
                      <br/>
                      <span>
                        <img src="failed.png" width="3%"/>
                        <a href="#" panel-name="suite-Suite" title="Runner.TestRunner" class="method navigator-link" hash-for-method="runScenario(&quot;Verify that user is able to navigate to Array data structure page&quot;, &quot;Array Navigation&quot;)">runScenario("Verify that user is able to navigate to Array data structure page", "Array Navigation")</a> <!-- method navigator-link -->
                      </span>
                      <br/>
                      <span>
                        <img src="failed.png" width="3%"/>
                        <a href="#" panel-name="suite-Suite" title="Runner.TestRunner" class="method navigator-link" hash-for-method="runScenario(&quot;Verify that user is able to see output for valid python code&quot;, &quot;Array Navigation&quot;)">runScenario("Verify that user is able to see output for valid python code", "Array Navigation")</a> <!-- method navigator-link -->
                      </span>
                      <br/>
                      <span>
                        <img src="failed.png" width="3%"/>
                        <a href="#" panel-name="suite-Suite" title="Runner.TestRunner" class="method navigator-link" hash-for-method="runScenario(&quot;Verify that user is able to run valid python code for Max Consecutive Ones question&quot;, &quot;Array Naviga...)">runScenario("Verify that user is able to run valid python code for Max Consecutive Ones question", "Array Naviga...)</a> <!-- method navigator-link -->
                      </span>
                      <br/>
                      <span>
                        <img src="failed.png" width="3%"/>
                        <a href="#" panel-name="suite-Suite" title="Runner.TestRunner" class="method navigator-link" hash-for-method="runScenario(&quot;Verify that user is able to see output for valid python code for Basic Operations in Lists page&quot;, &quot;...)">runScenario("Verify that user is able to see output for valid python code for Basic Operations in Lists page", "...)</a> <!-- method navigator-link -->
                      </span>
                      <br/>
                      <span>
                        <img src="failed.png" width="3%"/>
                        <a href="#" panel-name="suite-Suite" title="Runner.TestRunner" class="method navigator-link" hash-for-method="runScenario(&quot;Verify that user receives error when click on Run button without entering code&quot;, &quot;Array Navigation&quot;)">runScenario("Verify that user receives error when click on Run button without entering code", "Array Navigation")</a> <!-- method navigator-link -->
                      </span>
                      <br/>
                      <span>
                        <img src="failed.png" width="3%"/>
                        <a href="#" panel-name="suite-Suite" title="Runner.TestRunner" class="method navigator-link" hash-for-method="runScenario(&quot;Verify that user receives error when click on Run button without entering code&quot;, &quot;Array Navigation&quot;)">runScenario("Verify that user receives error when click on Run button without entering code", "Array Navigation")</a> <!-- method navigator-link -->
                      </span>
                      <br/>
                      <span>
                        <img src="failed.png" width="3%"/>
                        <a href="#" panel-name="suite-Suite" title="Runner.TestRunner" class="method navigator-link" hash-for-method="runScenario(&quot;Verify that user receives error for invalid python code on running Max Consecutive Ones question&quot;, ...)">runScenario("Verify that user receives error for invalid python code on running Max Consecutive Ones question", ...)</a> <!-- method navigator-link -->
                      </span>
                      <br/>
                    </div> <!-- method-list-content failed suite-Suite -->
                  </li>
                  <li>
                    <span class="method-list-title passed">Passed methods</span>
                    <span class="show-or-hide-methods passed">
                      <a href="#" panel-name="suite-Suite" class="hide-methods passed suite-Suite"> (hide)</a> <!-- hide-methods passed suite-Suite -->
                      <a href="#" panel-name="suite-Suite" class="show-methods passed suite-Suite"> (show)</a> <!-- show-methods passed suite-Suite -->
                    </span>
                    <div class="method-list-content passed suite-Suite">
                      <span>
                        <img src="passed.png" width="3%"/>
                        <a href="#" panel-name="suite-Suite" title="Runner.TestRunner" class="method navigator-link" hash-for-method="runScenario(&quot;Verify that user receives error when click on Run button without entering code&quot;, &quot;Linked List Navig...)">runScenario("Verify that user receives error when click on Run button without entering code", "Linked List Navig...)</a> <!-- method navigator-link -->
                      </span>
                      <br/>
                      <span>
                        <img src="passed.png" width="3%"/>
                        <a href="#" panel-name="suite-Suite" title="Runner.TestRunner" class="method navigator-link" hash-for-method="runScenario(&quot;Verify that user is able to see output for valid python code&quot;, &quot;Linked List Navigation&quot;)">runScenario("Verify that user is able to see output for valid python code", "Linked List Navigation")</a> <!-- method navigator-link -->
                      </span>
                      <br/>
                      <span>
                        <img src="passed.png" width="3%"/>
                        <a href="#" panel-name="suite-Suite" title="Runner.TestRunner" class="method navigator-link" hash-for-method="runScenario(&quot;Verify that user receives error when click on Run button without entering code&quot;, &quot;Linked List Navig...)">runScenario("Verify that user receives error when click on Run button without entering code", "Linked List Navig...)</a> <!-- method navigator-link -->
                      </span>
                      <br/>
                      <span>
                        <img src="passed.png" width="3%"/>
                        <a href="#" panel-name="suite-Suite" title="Runner.TestRunner" class="method navigator-link" hash-for-method="runScenario(&quot;Verify that user receives error when click on Run button without entering code&quot;, &quot;Linked List Navig...)">runScenario("Verify that user receives error when click on Run button without entering code", "Linked List Navig...)</a> <!-- method navigator-link -->
                      </span>
                      <br/>
                      <span>
                        <img src="passed.png" width="3%"/>
                        <a href="#" panel-name="suite-Suite" title="Runner.TestRunner" class="method navigator-link" hash-for-method="runScenario(&quot;Verify that user receives error for invalid python code&quot;, &quot;Linked List Navigation&quot;)">runScenario("Verify that user receives error for invalid python code", "Linked List Navigation")</a> <!-- method navigator-link -->
                      </span>
                      <br/>
                      <span>
                        <img src="passed.png" width="3%"/>
                        <a href="#" panel-name="suite-Suite" title="Runner.TestRunner" class="method navigator-link" hash-for-method="runScenario(&quot;Verify that user is able to navigate to try Editor page for Implement Linked List in Python page&quot;, ...)">runScenario("Verify that user is able to navigate to try Editor page for Implement Linked List in Python page", ...)</a> <!-- method navigator-link -->
                      </span>
                      <br/>
                      <span>
                        <img src="passed.png" width="3%"/>
                        <a href="#" panel-name="suite-Suite" title="Runner.TestRunner" class="method navigator-link" hash-for-method="runScenario(&quot;Verify that user is able to see output for valid python code&quot;, &quot;Linked List Navigation&quot;)">runScenario("Verify that user is able to see output for valid python code", "Linked List Navigation")</a> <!-- method navigator-link -->
                      </span>
                      <br/>
                      <span>
                        <img src="passed.png" width="3%"/>
                        <a href="#" panel-name="suite-Suite" title="Runner.TestRunner" class="method navigator-link" hash-for-method="runScenario(&quot;Verify that user receives error for invalid python code&quot;, &quot;Linked List Navigation&quot;)">runScenario("Verify that user receives error for invalid python code", "Linked List Navigation")</a> <!-- method navigator-link -->
                      </span>
                      <br/>
                      <span>
                        <img src="passed.png" width="3%"/>
                        <a href="#" panel-name="suite-Suite" title="Runner.TestRunner" class="method navigator-link" hash-for-method="runScenario(&quot;Verify the user is able to Sign in to DSAlgo Portal&quot;, &quot;Linked List Navigation&quot;)">runScenario("Verify the user is able to Sign in to DSAlgo Portal", "Linked List Navigation")</a> <!-- method navigator-link -->
                      </span>
                      <br/>
                      <span>
                        <img src="passed.png" width="3%"/>
                        <a href="#" panel-name="suite-Suite" title="Runner.TestRunner" class="method navigator-link" hash-for-method="runScenario(&quot;Verify that user receives error when click on Run button without entering code&quot;, &quot;Linked List Navig...)">runScenario("Verify that user receives error when click on Run button without entering code", "Linked List Navig...)</a> <!-- method navigator-link -->
                      </span>
                      <br/>
                      <span>
                        <img src="passed.png" width="3%"/>
                        <a href="#" panel-name="suite-Suite" title="Runner.TestRunner" class="method navigator-link" hash-for-method="runScenario(&quot;Verify that user is able to see output for  valid python code&quot;, &quot;Linked List Navigation&quot;)">runScenario("Verify that user is able to see output for  valid python code", "Linked List Navigation")</a> <!-- method navigator-link -->
                      </span>
                      <br/>
                      <span>
                        <img src="passed.png" width="3%"/>
                        <a href="#" panel-name="suite-Suite" title="Runner.TestRunner" class="method navigator-link" hash-for-method="runScenario(&quot;Verify that user receives error for invalid python code&quot;, &quot;Linked List Navigation&quot;)">runScenario("Verify that user receives error for invalid python code", "Linked List Navigation")</a> <!-- method navigator-link -->
                      </span>
                      <br/>
                      <span>
                        <img src="passed.png" width="3%"/>
                        <a href="#" panel-name="suite-Suite" title="Runner.TestRunner" class="method navigator-link" hash-for-method="runScenario(&quot;Verify the user is able to go to LinkedList page&quot;, &quot;Linked List Navigation&quot;)">runScenario("Verify the user is able to go to LinkedList page", "Linked List Navigation")</a> <!-- method navigator-link -->
                      </span>
                      <br/>
                      <span>
                        <img src="passed.png" width="3%"/>
                        <a href="#" panel-name="suite-Suite" title="Runner.TestRunner" class="method navigator-link" hash-for-method="runScenario(&quot;Verify that user is able to navigate to Creating Linked List page&quot;, &quot;Linked List Navigation&quot;)">runScenario("Verify that user is able to navigate to Creating Linked List page", "Linked List Navigation")</a> <!-- method navigator-link -->
                      </span>
                      <br/>
                      <span>
                        <img src="passed.png" width="3%"/>
                        <a href="#" panel-name="suite-Suite" title="Runner.TestRunner" class="method navigator-link" hash-for-method="runScenario(&quot;Verify that user is able to navigate to Traversal Page for Linked List page&quot;, &quot;Linked List Navigati...)">runScenario("Verify that user is able to navigate to Traversal Page for Linked List page", "Linked List Navigati...)</a> <!-- method navigator-link -->
                      </span>
                      <br/>
                      <span>
                        <img src="passed.png" width="3%"/>
                        <a href="#" panel-name="suite-Suite" title="Runner.TestRunner" class="method navigator-link" hash-for-method="runScenario(&quot;Verify that user receives error for  when click on Run button without entering code&quot;, &quot;Linked List ...)">runScenario("Verify that user receives error for  when click on Run button without entering code", "Linked List ...)</a> <!-- method navigator-link -->
                      </span>
                      <br/>
                      <span>
                        <img src="passed.png" width="3%"/>
                        <a href="#" panel-name="suite-Suite" title="Runner.TestRunner" class="method navigator-link" hash-for-method="runScenario(&quot;Verify that user receives error for invalid python code&quot;, &quot;Linked List Navigation&quot;)">runScenario("Verify that user receives error for invalid python code", "Linked List Navigation")</a> <!-- method navigator-link -->
                      </span>
                      <br/>
                      <span>
                        <img src="passed.png" width="3%"/>
                        <a href="#" panel-name="suite-Suite" title="Runner.TestRunner" class="method navigator-link" hash-for-method="runScenario(&quot;Verify that user receives error when click on Run button without entering code&quot;, &quot;Linked List Navig...)">runScenario("Verify that user receives error when click on Run button without entering code", "Linked List Navig...)</a> <!-- method navigator-link -->
                      </span>
                      <br/>
                      <span>
                        <img src="passed.png" width="3%"/>
                        <a href="#" panel-name="suite-Suite" title="Runner.TestRunner" class="method navigator-link" hash-for-method="runScenario(&quot;Verify that user is able to see output for valid python code&quot;, &quot;Linked List Navigation&quot;)">runScenario("Verify that user is able to see output for valid python code", "Linked List Navigation")</a> <!-- method navigator-link -->
                      </span>
                      <br/>
                      <span>
                        <img src="passed.png" width="3%"/>
                        <a href="#" panel-name="suite-Suite" title="Runner.TestRunner" class="method navigator-link" hash-for-method="runScenario(&quot;Verify that user receives error for invalid python code&quot;, &quot;Linked List Navigation&quot;)">runScenario("Verify that user receives error for invalid python code", "Linked List Navigation")</a> <!-- method navigator-link -->
                      </span>
                      <br/>
                      <span>
                        <img src="passed.png" width="3%"/>
                        <a href="#" panel-name="suite-Suite" title="Runner.TestRunner" class="method navigator-link" hash-for-method="runScenario(&quot;Verify that user is able to navigate to Types of Linked List page&quot;, &quot;Linked List Navigation&quot;)">runScenario("Verify that user is able to navigate to Types of Linked List page", "Linked List Navigation")</a> <!-- method navigator-link -->
                      </span>
                      <br/>
                      <span>
                        <img src="passed.png" width="3%"/>
                        <a href="#" panel-name="suite-Suite" title="Runner.TestRunner" class="method navigator-link" hash-for-method="runScenario(&quot;Verify that user is able to navigate to Practice Questions  page from Linked List page&quot;, &quot;Linked Li...)">runScenario("Verify that user is able to navigate to Practice Questions  page from Linked List page", "Linked Li...)</a> <!-- method navigator-link -->
                      </span>
                      <br/>
                      <span>
                        <img src="passed.png" width="3%"/>
                        <a href="#" panel-name="suite-Suite" title="Runner.TestRunner" class="method navigator-link" hash-for-method="runScenario(&quot;Verify that user receives error when click on Run button without entering code&quot;, &quot;Linked List Navig...)">runScenario("Verify that user receives error when click on Run button without entering code", "Linked List Navig...)</a> <!-- method navigator-link -->
                      </span>
                      <br/>
                      <span>
                        <img src="passed.png" width="3%"/>
                        <a href="#" panel-name="suite-Suite" title="Runner.TestRunner" class="method navigator-link" hash-for-method="runScenario(&quot;Verify that user is able to see output for valid python code&quot;, &quot;Linked List Navigation&quot;)">runScenario("Verify that user is able to see output for valid python code", "Linked List Navigation")</a> <!-- method navigator-link -->
                      </span>
                      <br/>
                      <span>
                        <img src="passed.png" width="3%"/>
                        <a href="#" panel-name="suite-Suite" title="Runner.TestRunner" class="method navigator-link" hash-for-method="runScenario(&quot;Verify that user is able to navigate to Implement Linked List in Python page&quot;, &quot;Linked List Navigat...)">runScenario("Verify that user is able to navigate to Implement Linked List in Python page", "Linked List Navigat...)</a> <!-- method navigator-link -->
                      </span>
                      <br/>
                      <span>
                        <img src="passed.png" width="3%"/>
                        <a href="#" panel-name="suite-Suite" title="Runner.TestRunner" class="method navigator-link" hash-for-method="runScenario(&quot;Verify that user is able to navigate to Insertion page from Linked List page&quot;, &quot;Linked List Navigat...)">runScenario("Verify that user is able to navigate to Insertion page from Linked List page", "Linked List Navigat...)</a> <!-- method navigator-link -->
                      </span>
                      <br/>
                      <span>
                        <img src="passed.png" width="3%"/>
                        <a href="#" panel-name="suite-Suite" title="Runner.TestRunner" class="method navigator-link" hash-for-method="runScenario(&quot;Verify that user is able to navigate to Deletion Page from  Linked List page&quot;, &quot;Linked List Navigat...)">runScenario("Verify that user is able to navigate to Deletion Page from  Linked List page", "Linked List Navigat...)</a> <!-- method navigator-link -->
                      </span>
                      <br/>
                      <span>
                        <img src="passed.png" width="3%"/>
                        <a href="#" panel-name="suite-Suite" title="Runner.TestRunner" class="method navigator-link" hash-for-method="runScenario(&quot;Verify that user is able to navigate to Home page&quot;, &quot;Array Navigation&quot;)">runScenario("Verify that user is able to navigate to Home page", "Array Navigation")</a> <!-- method navigator-link -->
                      </span>
                      <br/>
                      <span>
                        <img src="passed.png" width="3%"/>
                        <a href="#" panel-name="suite-Suite" title="Runner.TestRunner" class="method navigator-link" hash-for-method="runScenario(&quot;Verify that user receives error for invalid python code&quot;, &quot;Linked List Navigation&quot;)">runScenario("Verify that user receives error for invalid python code", "Linked List Navigation")</a> <!-- method navigator-link -->
                      </span>
                      <br/>
                      <span>
                        <img src="passed.png" width="3%"/>
                        <a href="#" panel-name="suite-Suite" title="Runner.TestRunner" class="method navigator-link" hash-for-method="runScenario(&quot;Verify that user is able to navigate to Introduction page&quot;, &quot;Linked List Navigation&quot;)">runScenario("Verify that user is able to navigate to Introduction page", "Linked List Navigation")</a> <!-- method navigator-link -->
                      </span>
                      <br/>
                      <span>
                        <img src="passed.png" width="3%"/>
                        <a href="#" panel-name="suite-Suite" title="Runner.TestRunner" class="method navigator-link" hash-for-method="runScenario(&quot;Verify that user receives error for invalid python code&quot;, &quot;Linked List Navigation&quot;)">runScenario("Verify that user receives error for invalid python code", "Linked List Navigation")</a> <!-- method navigator-link -->
                      </span>
                      <br/>
                      <span>
                        <img src="passed.png" width="3%"/>
                        <a href="#" panel-name="suite-Suite" title="Runner.TestRunner" class="method navigator-link" hash-for-method="runScenario(&quot;Verify that user is able to navigate to try Editor page from  Insertion page&quot;, &quot;Linked List Navigat...)">runScenario("Verify that user is able to navigate to try Editor page from  Insertion page", "Linked List Navigat...)</a> <!-- method navigator-link -->
                      </span>
                      <br/>
                      <span>
                        <img src="passed.png" width="3%"/>
                        <a href="#" panel-name="suite-Suite" title="Runner.TestRunner" class="method navigator-link" hash-for-method="runScenario(&quot;Verify that user is able to navigate to try Editor  page for Traversal page&quot;, &quot;Linked List Navigati...)">runScenario("Verify that user is able to navigate to try Editor  page for Traversal page", "Linked List Navigati...)</a> <!-- method navigator-link -->
                      </span>
                      <br/>
                      <span>
                        <img src="passed.png" width="3%"/>
                        <a href="#" panel-name="suite-Suite" title="Runner.TestRunner" class="method navigator-link" hash-for-method="runScenario(&quot;Verify that user is able to see output for valid python code&quot;, &quot;Linked List Navigation&quot;)">runScenario("Verify that user is able to see output for valid python code", "Linked List Navigation")</a> <!-- method navigator-link -->
                      </span>
                      <br/>
                      <span>
                        <img src="passed.png" width="3%"/>
                        <a href="#" panel-name="suite-Suite" title="Runner.TestRunner" class="method navigator-link" hash-for-method="runScenario(&quot;Verify that user is able to see output for valid python code&quot;, &quot;Linked List Navigation&quot;)">runScenario("Verify that user is able to see output for valid python code", "Linked List Navigation")</a> <!-- method navigator-link -->
                      </span>
                      <br/>
                      <span>
                        <img src="passed.png" width="3%"/>
                        <a href="#" panel-name="suite-Suite" title="Runner.TestRunner" class="method navigator-link" hash-for-method="runScenario(&quot;Verify that user is able to navigate to try Editor page for Deletion page&quot;, &quot;Linked List Navigation...)">runScenario("Verify that user is able to navigate to try Editor page for Deletion page", "Linked List Navigation...)</a> <!-- method navigator-link -->
                      </span>
                      <br/>
                    </div> <!-- method-list-content passed suite-Suite -->
                  </li>
                </ul>
              </div> <!-- suite-section-content -->
            </div> <!-- result-section -->
          </div> <!-- navigator-suite-content -->
        </div> <!-- rounded-window -->
      </div> <!-- suite -->
    </div> <!-- navigator-root -->
    <div class="wrapper">
      <div class="main-panel-root">
        <div panel-name="suite-Suite" class="panel Suite">
          <div class="suite-Suite-class-failed">
            <div class="main-panel-header rounded-window-top">
              <img src="failed.png"/>
              <span class="class-name">Runner.TestRunner</span>
            </div> <!-- main-panel-header rounded-window-top -->
            <div class="main-panel-content rounded-window-bottom">
              <div class="method">
                <div class="method-content">
                  <a name="runScenario(&quot;Verify that user is able to navigate to Squares of a Sorted Array Page from Practice questions page...)">
                  </a> <!-- runScenario("Verify that user is able to navigate to Squares of a Sorted Array Page from Practice questions page...) -->
                  <span class="method-name">runScenario</span>
                  <span class="parameters">("Verify that user is able to navigate to Squares of a Sorted Array Page from Practice questions page","Array Navigation")</span>
                  <div class="stack-trace">io.cucumber.core.exception.CucumberException: Failed to instantiate class StepDefinitions.ArraySteps
	at io.cucumber.core.backend.DefaultObjectFactory.cacheNewInstance(DefaultObjectFactory.java:67)
	at io.cucumber.core.backend.DefaultObjectFactory.getInstance(DefaultObjectFactory.java:45)
	at io.cucumber.java.AbstractGlueDefinition.invokeMethod(AbstractGlueDefinition.java:47)
	at io.cucumber.java.JavaStepDefinition.execute(JavaStepDefinition.java:29)
	at io.cucumber.core.runner.CoreStepDefinition.execute(CoreStepDefinition.java:66)
	at io.cucumber.core.runner.PickleStepDefinitionMatch.runStep(PickleStepDefinitionMatch.java:62)
	at io.cucumber.core.runner.ExecutionMode$1.execute(ExecutionMode.java:10)
	at io.cucumber.core.runner.TestStep.executeStep(TestStep.java:81)
	at io.cucumber.core.runner.TestStep.run(TestStep.java:53)
	at io.cucumber.core.runner.PickleStepTestStep.run(PickleStepTestStep.java:51)
	at io.cucumber.core.runner.TestCase.run(TestCase.java:84)
	at io.cucumber.core.runner.Runner.runPickle(Runner.java:75)
	at io.cucumber.testng.TestNGCucumberRunner.lambda$runScenario$1(TestNGCucumberRunner.java:135)
	at io.cucumber.core.runtime.CucumberExecutionContext.lambda$runTestCase$5(CucumberExecutionContext.java:136)
	at io.cucumber.core.runtime.RethrowingThrowableCollector.executeAndThrow(RethrowingThrowableCollector.java:23)
	at io.cucumber.core.runtime.CucumberExecutionContext.runTestCase(CucumberExecutionContext.java:136)
	at io.cucumber.testng.TestNGCucumberRunner.runScenario(TestNGCucumberRunner.java:132)
	at io.cucumber.testng.AbstractTestNGCucumberTests.runScenario(AbstractTestNGCucumberTests.java:35)
	at java.base/java.util.ArrayList.forEach(ArrayList.java:1597)
	at io.cucumber.core.backend.DefaultObjectFactory.cacheNewInstance(DefaultObjectFactory.java:53)
	... 43 more
Caused by: java.lang.Error: Unresolved compilation problems: 
	The method PracticeQuestion1() is undefined for the type Arraypage
	codeMirrorDiv cannot be resolved to a variable
	codeMirrorDiv cannot be resolved to a variable
	outputDiv cannot be resolved
	Syntax error on token &quot;}&quot;, delete this token
	The method Invalidoutput() is undefined for the type Arraypage
	The method Validoutput() is undefined for the type Arraypage
	The method Invalidoutput() is undefined for the type Arraypage
	The method Validoutput() is undefined for the type Arraypage
	The method Invalidoutput() is undefined for the type Arraypage
	The method Validoutput() is undefined for the type Arraypage
	The method Invalidoutput() is undefined for the type Arraypage
	Syntax error on token &quot;}&quot;, delete this token

	at StepDefinitions.ArraySteps.&lt;init&gt;(ArraySteps.java:343)
	... 46 more
... Removed 30 stack frames
</div> <!-- stack-trace -->
                  <em>
(Runs Cucumber Scenarios)                  </em>
                </div> <!-- method-content -->
              </div> <!-- method -->
              <div class="method">
                <div class="method-content">
                  <a name="runScenario(&quot;Verify that user receives error for invalid python code&quot;, &quot;Array Navigation&quot;)">
                  </a> <!-- runScenario("Verify that user receives error for invalid python code", "Array Navigation") -->
                  <span class="method-name">runScenario</span>
                  <span class="parameters">("Verify that user receives error for invalid python code","Array Navigation")</span>
                  <div class="stack-trace">io.cucumber.core.exception.CucumberException: Failed to instantiate class StepDefinitions.ArraySteps
	at io.cucumber.core.backend.DefaultObjectFactory.cacheNewInstance(DefaultObjectFactory.java:67)
	at io.cucumber.core.backend.DefaultObjectFactory.getInstance(DefaultObjectFactory.java:45)
	at io.cucumber.java.AbstractGlueDefinition.invokeMethod(AbstractGlueDefinition.java:47)
	at io.cucumber.java.JavaStepDefinition.execute(JavaStepDefinition.java:29)
	at io.cucumber.core.runner.CoreStepDefinition.execute(CoreStepDefinition.java:66)
	at io.cucumber.core.runner.PickleStepDefinitionMatch.runStep(PickleStepDefinitionMatch.java:62)
	at io.cucumber.core.runner.ExecutionMode$1.execute(ExecutionMode.java:10)
	at io.cucumber.core.runner.TestStep.executeStep(TestStep.java:81)
	at io.cucumber.core.runner.TestStep.run(TestStep.java:53)
	at io.cucumber.core.runner.PickleStepTestStep.run(PickleStepTestStep.java:51)
	at io.cucumber.core.runner.TestCase.run(TestCase.java:84)
	at io.cucumber.core.runner.Runner.runPickle(Runner.java:75)
	at io.cucumber.testng.TestNGCucumberRunner.lambda$runScenario$1(TestNGCucumberRunner.java:135)
	at io.cucumber.core.runtime.CucumberExecutionContext.lambda$runTestCase$5(CucumberExecutionContext.java:136)
	at io.cucumber.core.runtime.RethrowingThrowableCollector.executeAndThrow(RethrowingThrowableCollector.java:23)
	at io.cucumber.core.runtime.CucumberExecutionContext.runTestCase(CucumberExecutionContext.java:136)
	at io.cucumber.testng.TestNGCucumberRunner.runScenario(TestNGCucumberRunner.java:132)
	at io.cucumber.testng.AbstractTestNGCucumberTests.runScenario(AbstractTestNGCucumberTests.java:35)
	at java.base/java.util.ArrayList.forEach(ArrayList.java:1597)
	at io.cucumber.core.backend.DefaultObjectFactory.cacheNewInstance(DefaultObjectFactory.java:53)
	... 43 more
Caused by: java.lang.Error: Unresolved compilation problems: 
	The method PracticeQuestion1() is undefined for the type Arraypage
	codeMirrorDiv cannot be resolved to a variable
	codeMirrorDiv cannot be resolved to a variable
	outputDiv cannot be resolved
	Syntax error on token &quot;}&quot;, delete this token
	The method Invalidoutput() is undefined for the type Arraypage
	The method Validoutput() is undefined for the type Arraypage
	The method Invalidoutput() is undefined for the type Arraypage
	The method Validoutput() is undefined for the type Arraypage
	The method Invalidoutput() is undefined for the type Arraypage
	The method Validoutput() is undefined for the type Arraypage
	The method Invalidoutput() is undefined for the type Arraypage
	Syntax error on token &quot;}&quot;, delete this token

	at StepDefinitions.ArraySteps.&lt;init&gt;(ArraySteps.java:343)
	... 46 more
... Removed 30 stack frames
</div> <!-- stack-trace -->
                  <em>
(Runs Cucumber Scenarios)                  </em>
                </div> <!-- method-content -->
              </div> <!-- method -->
              <div class="method">
                <div class="method-content">
                  <a name="runScenario(&quot;Verify that user receives error for invalid python code&quot;, &quot;Array Navigation&quot;)">
                  </a> <!-- runScenario("Verify that user receives error for invalid python code", "Array Navigation") -->
                  <span class="method-name">runScenario</span>
                  <span class="parameters">("Verify that user receives error for invalid python code","Array Navigation")</span>
                  <div class="stack-trace">io.cucumber.core.exception.CucumberException: Failed to instantiate class StepDefinitions.ArraySteps
	at io.cucumber.core.backend.DefaultObjectFactory.cacheNewInstance(DefaultObjectFactory.java:67)
	at io.cucumber.core.backend.DefaultObjectFactory.getInstance(DefaultObjectFactory.java:45)
	at io.cucumber.java.AbstractGlueDefinition.invokeMethod(AbstractGlueDefinition.java:47)
	at io.cucumber.java.JavaStepDefinition.execute(JavaStepDefinition.java:29)
	at io.cucumber.core.runner.CoreStepDefinition.execute(CoreStepDefinition.java:66)
	at io.cucumber.core.runner.PickleStepDefinitionMatch.runStep(PickleStepDefinitionMatch.java:62)
	at io.cucumber.core.runner.ExecutionMode$1.execute(ExecutionMode.java:10)
	at io.cucumber.core.runner.TestStep.executeStep(TestStep.java:81)
	at io.cucumber.core.runner.TestStep.run(TestStep.java:53)
	at io.cucumber.core.runner.PickleStepTestStep.run(PickleStepTestStep.java:51)
	at io.cucumber.core.runner.TestCase.run(TestCase.java:84)
	at io.cucumber.core.runner.Runner.runPickle(Runner.java:75)
	at io.cucumber.testng.TestNGCucumberRunner.lambda$runScenario$1(TestNGCucumberRunner.java:135)
	at io.cucumber.core.runtime.CucumberExecutionContext.lambda$runTestCase$5(CucumberExecutionContext.java:136)
	at io.cucumber.core.runtime.RethrowingThrowableCollector.executeAndThrow(RethrowingThrowableCollector.java:23)
	at io.cucumber.core.runtime.CucumberExecutionContext.runTestCase(CucumberExecutionContext.java:136)
	at io.cucumber.testng.TestNGCucumberRunner.runScenario(TestNGCucumberRunner.java:132)
	at io.cucumber.testng.AbstractTestNGCucumberTests.runScenario(AbstractTestNGCucumberTests.java:35)
	at java.base/java.util.ArrayList.forEach(ArrayList.java:1597)
	at io.cucumber.core.backend.DefaultObjectFactory.cacheNewInstance(DefaultObjectFactory.java:53)
	... 43 more
Caused by: java.lang.Error: Unresolved compilation problems: 
	The method PracticeQuestion1() is undefined for the type Arraypage
	codeMirrorDiv cannot be resolved to a variable
	codeMirrorDiv cannot be resolved to a variable
	outputDiv cannot be resolved
	Syntax error on token &quot;}&quot;, delete this token
	The method Invalidoutput() is undefined for the type Arraypage
	The method Validoutput() is undefined for the type Arraypage
	The method Invalidoutput() is undefined for the type Arraypage
	The method Validoutput() is undefined for the type Arraypage
	The method Invalidoutput() is undefined for the type Arraypage
	The method Validoutput() is undefined for the type Arraypage
	The method Invalidoutput() is undefined for the type Arraypage
	Syntax error on token &quot;}&quot;, delete this token

	at StepDefinitions.ArraySteps.&lt;init&gt;(ArraySteps.java:343)
	... 46 more
... Removed 30 stack frames
</div> <!-- stack-trace -->
                  <em>
(Runs Cucumber Scenarios)                  </em>
                </div> <!-- method-content -->
              </div> <!-- method -->
              <div class="method">
                <div class="method-content">
                  <a name="runScenario(&quot;Verify that user is able to navigate to Search the array Page from Practice question page of Applic...)">
                  </a> <!-- runScenario("Verify that user is able to navigate to Search the array Page from Practice question page of Applic...) -->
                  <span class="method-name">runScenario</span>
                  <span class="parameters">("Verify that user is able to navigate to Search the array Page from Practice question page of Applications of Array page","Array Navigation")</span>
                  <div class="stack-trace">io.cucumber.core.exception.CucumberException: Failed to instantiate class StepDefinitions.ArraySteps
	at io.cucumber.core.backend.DefaultObjectFactory.cacheNewInstance(DefaultObjectFactory.java:67)
	at io.cucumber.core.backend.DefaultObjectFactory.getInstance(DefaultObjectFactory.java:45)
	at io.cucumber.java.AbstractGlueDefinition.invokeMethod(AbstractGlueDefinition.java:47)
	at io.cucumber.java.JavaStepDefinition.execute(JavaStepDefinition.java:29)
	at io.cucumber.core.runner.CoreStepDefinition.execute(CoreStepDefinition.java:66)
	at io.cucumber.core.runner.PickleStepDefinitionMatch.runStep(PickleStepDefinitionMatch.java:62)
	at io.cucumber.core.runner.ExecutionMode$1.execute(ExecutionMode.java:10)
	at io.cucumber.core.runner.TestStep.executeStep(TestStep.java:81)
	at io.cucumber.core.runner.TestStep.run(TestStep.java:53)
	at io.cucumber.core.runner.PickleStepTestStep.run(PickleStepTestStep.java:51)
	at io.cucumber.core.runner.TestCase.run(TestCase.java:84)
	at io.cucumber.core.runner.Runner.runPickle(Runner.java:75)
	at io.cucumber.testng.TestNGCucumberRunner.lambda$runScenario$1(TestNGCucumberRunner.java:135)
	at io.cucumber.core.runtime.CucumberExecutionContext.lambda$runTestCase$5(CucumberExecutionContext.java:136)
	at io.cucumber.core.runtime.RethrowingThrowableCollector.executeAndThrow(RethrowingThrowableCollector.java:23)
	at io.cucumber.core.runtime.CucumberExecutionContext.runTestCase(CucumberExecutionContext.java:136)
	at io.cucumber.testng.TestNGCucumberRunner.runScenario(TestNGCucumberRunner.java:132)
	at io.cucumber.testng.AbstractTestNGCucumberTests.runScenario(AbstractTestNGCucumberTests.java:35)
	at java.base/java.util.ArrayList.forEach(ArrayList.java:1597)
	at io.cucumber.core.backend.DefaultObjectFactory.cacheNewInstance(DefaultObjectFactory.java:53)
	... 43 more
Caused by: java.lang.Error: Unresolved compilation problems: 
	The method PracticeQuestion1() is undefined for the type Arraypage
	codeMirrorDiv cannot be resolved to a variable
	codeMirrorDiv cannot be resolved to a variable
	outputDiv cannot be resolved
	Syntax error on token &quot;}&quot;, delete this token
	The method Invalidoutput() is undefined for the type Arraypage
	The method Validoutput() is undefined for the type Arraypage
	The method Invalidoutput() is undefined for the type Arraypage
	The method Validoutput() is undefined for the type Arraypage
	The method Invalidoutput() is undefined for the type Arraypage
	The method Validoutput() is undefined for the type Arraypage
	The method Invalidoutput() is undefined for the type Arraypage
	Syntax error on token &quot;}&quot;, delete this token

	at StepDefinitions.ArraySteps.&lt;init&gt;(ArraySteps.java:343)
	... 46 more
... Removed 30 stack frames
</div> <!-- stack-trace -->
                  <em>
(Runs Cucumber Scenarios)                  </em>
                </div> <!-- method-content -->
              </div> <!-- method -->
              <div class="method">
                <div class="method-content">
                  <a name="runScenario(&quot;Verify that user receives error for invalid python code&quot;, &quot;Array Navigation&quot;)">
                  </a> <!-- runScenario("Verify that user receives error for invalid python code", "Array Navigation") -->
                  <span class="method-name">runScenario</span>
                  <span class="parameters">("Verify that user receives error for invalid python code","Array Navigation")</span>
                  <div class="stack-trace">io.cucumber.core.exception.CucumberException: Failed to instantiate class StepDefinitions.ArraySteps
	at io.cucumber.core.backend.DefaultObjectFactory.cacheNewInstance(DefaultObjectFactory.java:67)
	at io.cucumber.core.backend.DefaultObjectFactory.getInstance(DefaultObjectFactory.java:45)
	at io.cucumber.java.AbstractGlueDefinition.invokeMethod(AbstractGlueDefinition.java:47)
	at io.cucumber.java.JavaStepDefinition.execute(JavaStepDefinition.java:29)
	at io.cucumber.core.runner.CoreStepDefinition.execute(CoreStepDefinition.java:66)
	at io.cucumber.core.runner.PickleStepDefinitionMatch.runStep(PickleStepDefinitionMatch.java:62)
	at io.cucumber.core.runner.ExecutionMode$1.execute(ExecutionMode.java:10)
	at io.cucumber.core.runner.TestStep.executeStep(TestStep.java:81)
	at io.cucumber.core.runner.TestStep.run(TestStep.java:53)
	at io.cucumber.core.runner.PickleStepTestStep.run(PickleStepTestStep.java:51)
	at io.cucumber.core.runner.TestCase.run(TestCase.java:84)
	at io.cucumber.core.runner.Runner.runPickle(Runner.java:75)
	at io.cucumber.testng.TestNGCucumberRunner.lambda$runScenario$1(TestNGCucumberRunner.java:135)
	at io.cucumber.core.runtime.CucumberExecutionContext.lambda$runTestCase$5(CucumberExecutionContext.java:136)
	at io.cucumber.core.runtime.RethrowingThrowableCollector.executeAndThrow(RethrowingThrowableCollector.java:23)
	at io.cucumber.core.runtime.CucumberExecutionContext.runTestCase(CucumberExecutionContext.java:136)
	at io.cucumber.testng.TestNGCucumberRunner.runScenario(TestNGCucumberRunner.java:132)
	at io.cucumber.testng.AbstractTestNGCucumberTests.runScenario(AbstractTestNGCucumberTests.java:35)
	at java.base/java.util.ArrayList.forEach(ArrayList.java:1597)
	at io.cucumber.core.backend.DefaultObjectFactory.cacheNewInstance(DefaultObjectFactory.java:53)
	... 43 more
Caused by: java.lang.Error: Unresolved compilation problems: 
	The method PracticeQuestion1() is undefined for the type Arraypage
	codeMirrorDiv cannot be resolved to a variable
	codeMirrorDiv cannot be resolved to a variable
	outputDiv cannot be resolved
	Syntax error on token &quot;}&quot;, delete this token
	The method Invalidoutput() is undefined for the type Arraypage
	The method Validoutput() is undefined for the type Arraypage
	The method Invalidoutput() is undefined for the type Arraypage
	The method Validoutput() is undefined for the type Arraypage
	The method Invalidoutput() is undefined for the type Arraypage
	The method Validoutput() is undefined for the type Arraypage
	The method Invalidoutput() is undefined for the type Arraypage
	Syntax error on token &quot;}&quot;, delete this token

	at StepDefinitions.ArraySteps.&lt;init&gt;(ArraySteps.java:343)
	... 46 more
... Removed 30 stack frames
</div> <!-- stack-trace -->
                  <em>
(Runs Cucumber Scenarios)                  </em>
                </div> <!-- method-content -->
              </div> <!-- method -->
              <div class="method">
                <div class="method-content">
                  <a name="runScenario(&quot;Verify that user is able to see output for  valid python code&quot;, &quot;Array Navigation&quot;)">
                  </a> <!-- runScenario("Verify that user is able to see output for  valid python code", "Array Navigation") -->
                  <span class="method-name">runScenario</span>
                  <span class="parameters">("Verify that user is able to see output for  valid python code","Array Navigation")</span>
                  <div class="stack-trace">io.cucumber.core.exception.CucumberException: Failed to instantiate class StepDefinitions.ArraySteps
	at io.cucumber.core.backend.DefaultObjectFactory.cacheNewInstance(DefaultObjectFactory.java:67)
	at io.cucumber.core.backend.DefaultObjectFactory.getInstance(DefaultObjectFactory.java:45)
	at io.cucumber.java.AbstractGlueDefinition.invokeMethod(AbstractGlueDefinition.java:47)
	at io.cucumber.java.JavaStepDefinition.execute(JavaStepDefinition.java:29)
	at io.cucumber.core.runner.CoreStepDefinition.execute(CoreStepDefinition.java:66)
	at io.cucumber.core.runner.PickleStepDefinitionMatch.runStep(PickleStepDefinitionMatch.java:62)
	at io.cucumber.core.runner.ExecutionMode$1.execute(ExecutionMode.java:10)
	at io.cucumber.core.runner.TestStep.executeStep(TestStep.java:81)
	at io.cucumber.core.runner.TestStep.run(TestStep.java:53)
	at io.cucumber.core.runner.PickleStepTestStep.run(PickleStepTestStep.java:51)
	at io.cucumber.core.runner.TestCase.run(TestCase.java:84)
	at io.cucumber.core.runner.Runner.runPickle(Runner.java:75)
	at io.cucumber.testng.TestNGCucumberRunner.lambda$runScenario$1(TestNGCucumberRunner.java:135)
	at io.cucumber.core.runtime.CucumberExecutionContext.lambda$runTestCase$5(CucumberExecutionContext.java:136)
	at io.cucumber.core.runtime.RethrowingThrowableCollector.executeAndThrow(RethrowingThrowableCollector.java:23)
	at io.cucumber.core.runtime.CucumberExecutionContext.runTestCase(CucumberExecutionContext.java:136)
	at io.cucumber.testng.TestNGCucumberRunner.runScenario(TestNGCucumberRunner.java:132)
	at io.cucumber.testng.AbstractTestNGCucumberTests.runScenario(AbstractTestNGCucumberTests.java:35)
	at java.base/java.util.ArrayList.forEach(ArrayList.java:1597)
	at io.cucumber.core.backend.DefaultObjectFactory.cacheNewInstance(DefaultObjectFactory.java:53)
	... 43 more
Caused by: java.lang.Error: Unresolved compilation problems: 
	The method PracticeQuestion1() is undefined for the type Arraypage
	codeMirrorDiv cannot be resolved to a variable
	codeMirrorDiv cannot be resolved to a variable
	outputDiv cannot be resolved
	Syntax error on token &quot;}&quot;, delete this token
	The method Invalidoutput() is undefined for the type Arraypage
	The method Validoutput() is undefined for the type Arraypage
	The method Invalidoutput() is undefined for the type Arraypage
	The method Validoutput() is undefined for the type Arraypage
	The method Invalidoutput() is undefined for the type Arraypage
	The method Validoutput() is undefined for the type Arraypage
	The method Invalidoutput() is undefined for the type Arraypage
	Syntax error on token &quot;}&quot;, delete this token

	at StepDefinitions.ArraySteps.&lt;init&gt;(ArraySteps.java:343)
	... 46 more
... Removed 30 stack frames
</div> <!-- stack-trace -->
                  <em>
(Runs Cucumber Scenarios)                  </em>
                </div> <!-- method-content -->
              </div> <!-- method -->
              <div class="method">
                <div class="method-content">
                  <a name="runScenario(&quot;Verify that user receives error for invalid python code&quot;, &quot;Array Navigation&quot;)">
                  </a> <!-- runScenario("Verify that user receives error for invalid python code", "Array Navigation") -->
                  <span class="method-name">runScenario</span>
                  <span class="parameters">("Verify that user receives error for invalid python code","Array Navigation")</span>
                  <div class="stack-trace">io.cucumber.core.exception.CucumberException: Failed to instantiate class StepDefinitions.ArraySteps
	at io.cucumber.core.backend.DefaultObjectFactory.cacheNewInstance(DefaultObjectFactory.java:67)
	at io.cucumber.core.backend.DefaultObjectFactory.getInstance(DefaultObjectFactory.java:45)
	at io.cucumber.java.AbstractGlueDefinition.invokeMethod(AbstractGlueDefinition.java:47)
	at io.cucumber.java.JavaStepDefinition.execute(JavaStepDefinition.java:29)
	at io.cucumber.core.runner.CoreStepDefinition.execute(CoreStepDefinition.java:66)
	at io.cucumber.core.runner.PickleStepDefinitionMatch.runStep(PickleStepDefinitionMatch.java:62)
	at io.cucumber.core.runner.ExecutionMode$1.execute(ExecutionMode.java:10)
	at io.cucumber.core.runner.TestStep.executeStep(TestStep.java:81)
	at io.cucumber.core.runner.TestStep.run(TestStep.java:53)
	at io.cucumber.core.runner.PickleStepTestStep.run(PickleStepTestStep.java:51)
	at io.cucumber.core.runner.TestCase.run(TestCase.java:84)
	at io.cucumber.core.runner.Runner.runPickle(Runner.java:75)
	at io.cucumber.testng.TestNGCucumberRunner.lambda$runScenario$1(TestNGCucumberRunner.java:135)
	at io.cucumber.core.runtime.CucumberExecutionContext.lambda$runTestCase$5(CucumberExecutionContext.java:136)
	at io.cucumber.core.runtime.RethrowingThrowableCollector.executeAndThrow(RethrowingThrowableCollector.java:23)
	at io.cucumber.core.runtime.CucumberExecutionContext.runTestCase(CucumberExecutionContext.java:136)
	at io.cucumber.testng.TestNGCucumberRunner.runScenario(TestNGCucumberRunner.java:132)
	at io.cucumber.testng.AbstractTestNGCucumberTests.runScenario(AbstractTestNGCucumberTests.java:35)
	at java.base/java.util.ArrayList.forEach(ArrayList.java:1597)
	at io.cucumber.core.backend.DefaultObjectFactory.cacheNewInstance(DefaultObjectFactory.java:53)
	... 43 more
Caused by: java.lang.Error: Unresolved compilation problems: 
	The method PracticeQuestion1() is undefined for the type Arraypage
	codeMirrorDiv cannot be resolved to a variable
	codeMirrorDiv cannot be resolved to a variable
	outputDiv cannot be resolved
	Syntax error on token &quot;}&quot;, delete this token
	The method Invalidoutput() is undefined for the type Arraypage
	The method Validoutput() is undefined for the type Arraypage
	The method Invalidoutput() is undefined for the type Arraypage
	The method Validoutput() is undefined for the type Arraypage
	The method Invalidoutput() is undefined for the type Arraypage
	The method Validoutput() is undefined for the type Arraypage
	The method Invalidoutput() is undefined for the type Arraypage
	Syntax error on token &quot;}&quot;, delete this token

	at StepDefinitions.ArraySteps.&lt;init&gt;(ArraySteps.java:343)
	... 46 more
... Removed 30 stack frames
</div> <!-- stack-trace -->
                  <em>
(Runs Cucumber Scenarios)                  </em>
                </div> <!-- method-content -->
              </div> <!-- method -->
              <div class="method">
                <div class="method-content">
                  <a name="runScenario(&quot;Verify that user is able to navigate to Practice Questions Page for Applications of Array page&quot;, &quot;A...)">
                  </a> <!-- runScenario("Verify that user is able to navigate to Practice Questions Page for Applications of Array page", "A...) -->
                  <span class="method-name">runScenario</span>
                  <span class="parameters">("Verify that user is able to navigate to Practice Questions Page for Applications of Array page","Array Navigation")</span>
                  <div class="stack-trace">io.cucumber.core.exception.CucumberException: Failed to instantiate class StepDefinitions.ArraySteps
	at io.cucumber.core.backend.DefaultObjectFactory.cacheNewInstance(DefaultObjectFactory.java:67)
	at io.cucumber.core.backend.DefaultObjectFactory.getInstance(DefaultObjectFactory.java:45)
	at io.cucumber.java.AbstractGlueDefinition.invokeMethod(AbstractGlueDefinition.java:47)
	at io.cucumber.java.JavaStepDefinition.execute(JavaStepDefinition.java:29)
	at io.cucumber.core.runner.CoreStepDefinition.execute(CoreStepDefinition.java:66)
	at io.cucumber.core.runner.PickleStepDefinitionMatch.runStep(PickleStepDefinitionMatch.java:62)
	at io.cucumber.core.runner.ExecutionMode$1.execute(ExecutionMode.java:10)
	at io.cucumber.core.runner.TestStep.executeStep(TestStep.java:81)
	at io.cucumber.core.runner.TestStep.run(TestStep.java:53)
	at io.cucumber.core.runner.PickleStepTestStep.run(PickleStepTestStep.java:51)
	at io.cucumber.core.runner.TestCase.run(TestCase.java:84)
	at io.cucumber.core.runner.Runner.runPickle(Runner.java:75)
	at io.cucumber.testng.TestNGCucumberRunner.lambda$runScenario$1(TestNGCucumberRunner.java:135)
	at io.cucumber.core.runtime.CucumberExecutionContext.lambda$runTestCase$5(CucumberExecutionContext.java:136)
	at io.cucumber.core.runtime.RethrowingThrowableCollector.executeAndThrow(RethrowingThrowableCollector.java:23)
	at io.cucumber.core.runtime.CucumberExecutionContext.runTestCase(CucumberExecutionContext.java:136)
	at io.cucumber.testng.TestNGCucumberRunner.runScenario(TestNGCucumberRunner.java:132)
	at io.cucumber.testng.AbstractTestNGCucumberTests.runScenario(AbstractTestNGCucumberTests.java:35)
	at java.base/java.util.ArrayList.forEach(ArrayList.java:1597)
	at io.cucumber.core.backend.DefaultObjectFactory.cacheNewInstance(DefaultObjectFactory.java:53)
	... 43 more
Caused by: java.lang.Error: Unresolved compilation problems: 
	The method PracticeQuestion1() is undefined for the type Arraypage
	codeMirrorDiv cannot be resolved to a variable
	codeMirrorDiv cannot be resolved to a variable
	outputDiv cannot be resolved
	Syntax error on token &quot;}&quot;, delete this token
	The method Invalidoutput() is undefined for the type Arraypage
	The method Validoutput() is undefined for the type Arraypage
	The method Invalidoutput() is undefined for the type Arraypage
	The method Validoutput() is undefined for the type Arraypage
	The method Invalidoutput() is undefined for the type Arraypage
	The method Validoutput() is undefined for the type Arraypage
	The method Invalidoutput() is undefined for the type Arraypage
	Syntax error on token &quot;}&quot;, delete this token

	at StepDefinitions.ArraySteps.&lt;init&gt;(ArraySteps.java:343)
	... 46 more
... Removed 30 stack frames
</div> <!-- stack-trace -->
                  <em>
(Runs Cucumber Scenarios)                  </em>
                </div> <!-- method-content -->
              </div> <!-- method -->
              <div class="method">
                <div class="method-content">
                  <a name="runScenario(&quot;Verify that user is able to navigate to Arrays using List page&quot;, &quot;Array Navigation&quot;)">
                  </a> <!-- runScenario("Verify that user is able to navigate to Arrays using List page", "Array Navigation") -->
                  <span class="method-name">runScenario</span>
                  <span class="parameters">("Verify that user is able to navigate to Arrays using List page","Array Navigation")</span>
                  <div class="stack-trace">io.cucumber.core.exception.CucumberException: Failed to instantiate class StepDefinitions.ArraySteps
	at io.cucumber.core.backend.DefaultObjectFactory.cacheNewInstance(DefaultObjectFactory.java:67)
	at io.cucumber.core.backend.DefaultObjectFactory.getInstance(DefaultObjectFactory.java:45)
	at io.cucumber.java.AbstractGlueDefinition.invokeMethod(AbstractGlueDefinition.java:47)
	at io.cucumber.java.JavaStepDefinition.execute(JavaStepDefinition.java:29)
	at io.cucumber.core.runner.CoreStepDefinition.execute(CoreStepDefinition.java:66)
	at io.cucumber.core.runner.PickleStepDefinitionMatch.runStep(PickleStepDefinitionMatch.java:62)
	at io.cucumber.core.runner.ExecutionMode$1.execute(ExecutionMode.java:10)
	at io.cucumber.core.runner.TestStep.executeStep(TestStep.java:81)
	at io.cucumber.core.runner.TestStep.run(TestStep.java:53)
	at io.cucumber.core.runner.PickleStepTestStep.run(PickleStepTestStep.java:51)
	at io.cucumber.core.runner.TestCase.run(TestCase.java:84)
	at io.cucumber.core.runner.Runner.runPickle(Runner.java:75)
	at io.cucumber.testng.TestNGCucumberRunner.lambda$runScenario$1(TestNGCucumberRunner.java:135)
	at io.cucumber.core.runtime.CucumberExecutionContext.lambda$runTestCase$5(CucumberExecutionContext.java:136)
	at io.cucumber.core.runtime.RethrowingThrowableCollector.executeAndThrow(RethrowingThrowableCollector.java:23)
	at io.cucumber.core.runtime.CucumberExecutionContext.runTestCase(CucumberExecutionContext.java:136)
	at io.cucumber.testng.TestNGCucumberRunner.runScenario(TestNGCucumberRunner.java:132)
	at io.cucumber.testng.AbstractTestNGCucumberTests.runScenario(AbstractTestNGCucumberTests.java:35)
	at java.base/java.util.ArrayList.forEach(ArrayList.java:1597)
	at io.cucumber.core.backend.DefaultObjectFactory.cacheNewInstance(DefaultObjectFactory.java:53)
	... 43 more
Caused by: java.lang.Error: Unresolved compilation problems: 
	The method PracticeQuestion1() is undefined for the type Arraypage
	codeMirrorDiv cannot be resolved to a variable
	codeMirrorDiv cannot be resolved to a variable
	outputDiv cannot be resolved
	Syntax error on token &quot;}&quot;, delete this token
	The method Invalidoutput() is undefined for the type Arraypage
	The method Validoutput() is undefined for the type Arraypage
	The method Invalidoutput() is undefined for the type Arraypage
	The method Validoutput() is undefined for the type Arraypage
	The method Invalidoutput() is undefined for the type Arraypage
	The method Validoutput() is undefined for the type Arraypage
	The method Invalidoutput() is undefined for the type Arraypage
	Syntax error on token &quot;}&quot;, delete this token

	at StepDefinitions.ArraySteps.&lt;init&gt;(ArraySteps.java:343)
	... 46 more
... Removed 30 stack frames
</div> <!-- stack-trace -->
                  <em>
(Runs Cucumber Scenarios)                  </em>
                </div> <!-- method-content -->
              </div> <!-- method -->
              <div class="method">
                <div class="method-content">
                  <a name="runScenario(&quot;Verify that user is able to see output for valid python code&quot;, &quot;Array Navigation&quot;)">
                  </a> <!-- runScenario("Verify that user is able to see output for valid python code", "Array Navigation") -->
                  <span class="method-name">runScenario</span>
                  <span class="parameters">("Verify that user is able to see output for valid python code","Array Navigation")</span>
                  <div class="stack-trace">io.cucumber.core.exception.CucumberException: Failed to instantiate class StepDefinitions.ArraySteps
	at io.cucumber.core.backend.DefaultObjectFactory.cacheNewInstance(DefaultObjectFactory.java:67)
	at io.cucumber.core.backend.DefaultObjectFactory.getInstance(DefaultObjectFactory.java:45)
	at io.cucumber.java.AbstractGlueDefinition.invokeMethod(AbstractGlueDefinition.java:47)
	at io.cucumber.java.JavaStepDefinition.execute(JavaStepDefinition.java:29)
	at io.cucumber.core.runner.CoreStepDefinition.execute(CoreStepDefinition.java:66)
	at io.cucumber.core.runner.PickleStepDefinitionMatch.runStep(PickleStepDefinitionMatch.java:62)
	at io.cucumber.core.runner.ExecutionMode$1.execute(ExecutionMode.java:10)
	at io.cucumber.core.runner.TestStep.executeStep(TestStep.java:81)
	at io.cucumber.core.runner.TestStep.run(TestStep.java:53)
	at io.cucumber.core.runner.PickleStepTestStep.run(PickleStepTestStep.java:51)
	at io.cucumber.core.runner.TestCase.run(TestCase.java:84)
	at io.cucumber.core.runner.Runner.runPickle(Runner.java:75)
	at io.cucumber.testng.TestNGCucumberRunner.lambda$runScenario$1(TestNGCucumberRunner.java:135)
	at io.cucumber.core.runtime.CucumberExecutionContext.lambda$runTestCase$5(CucumberExecutionContext.java:136)
	at io.cucumber.core.runtime.RethrowingThrowableCollector.executeAndThrow(RethrowingThrowableCollector.java:23)
	at io.cucumber.core.runtime.CucumberExecutionContext.runTestCase(CucumberExecutionContext.java:136)
	at io.cucumber.testng.TestNGCucumberRunner.runScenario(TestNGCucumberRunner.java:132)
	at io.cucumber.testng.AbstractTestNGCucumberTests.runScenario(AbstractTestNGCucumberTests.java:35)
	at java.base/java.util.ArrayList.forEach(ArrayList.java:1597)
	at io.cucumber.core.backend.DefaultObjectFactory.cacheNewInstance(DefaultObjectFactory.java:53)
	... 43 more
Caused by: java.lang.Error: Unresolved compilation problems: 
	The method PracticeQuestion1() is undefined for the type Arraypage
	codeMirrorDiv cannot be resolved to a variable
	codeMirrorDiv cannot be resolved to a variable
	outputDiv cannot be resolved
	Syntax error on token &quot;}&quot;, delete this token
	The method Invalidoutput() is undefined for the type Arraypage
	The method Validoutput() is undefined for the type Arraypage
	The method Invalidoutput() is undefined for the type Arraypage
	The method Validoutput() is undefined for the type Arraypage
	The method Invalidoutput() is undefined for the type Arraypage
	The method Validoutput() is undefined for the type Arraypage
	The method Invalidoutput() is undefined for the type Arraypage
	Syntax error on token &quot;}&quot;, delete this token

	at StepDefinitions.ArraySteps.&lt;init&gt;(ArraySteps.java:343)
	... 46 more
... Removed 30 stack frames
</div> <!-- stack-trace -->
                  <em>
(Runs Cucumber Scenarios)                  </em>
                </div> <!-- method-content -->
              </div> <!-- method -->
              <div class="method">
                <div class="method-content">
                  <a name="runScenario(&quot;Verify that user is able to navigate to Arrays in Python page&quot;, &quot;Array Navigation&quot;)">
                  </a> <!-- runScenario("Verify that user is able to navigate to Arrays in Python page", "Array Navigation") -->
                  <span class="method-name">runScenario</span>
                  <span class="parameters">("Verify that user is able to navigate to Arrays in Python page","Array Navigation")</span>
                  <div class="stack-trace">io.cucumber.core.exception.CucumberException: Failed to instantiate class StepDefinitions.ArraySteps
	at io.cucumber.core.backend.DefaultObjectFactory.cacheNewInstance(DefaultObjectFactory.java:67)
	at io.cucumber.core.backend.DefaultObjectFactory.getInstance(DefaultObjectFactory.java:45)
	at io.cucumber.java.AbstractGlueDefinition.invokeMethod(AbstractGlueDefinition.java:47)
	at io.cucumber.java.JavaStepDefinition.execute(JavaStepDefinition.java:29)
	at io.cucumber.core.runner.CoreStepDefinition.execute(CoreStepDefinition.java:66)
	at io.cucumber.core.runner.PickleStepDefinitionMatch.runStep(PickleStepDefinitionMatch.java:62)
	at io.cucumber.core.runner.ExecutionMode$1.execute(ExecutionMode.java:10)
	at io.cucumber.core.runner.TestStep.executeStep(TestStep.java:81)
	at io.cucumber.core.runner.TestStep.run(TestStep.java:53)
	at io.cucumber.core.runner.PickleStepTestStep.run(PickleStepTestStep.java:51)
	at io.cucumber.core.runner.TestCase.run(TestCase.java:84)
	at io.cucumber.core.runner.Runner.runPickle(Runner.java:75)
	at io.cucumber.testng.TestNGCucumberRunner.lambda$runScenario$1(TestNGCucumberRunner.java:135)
	at io.cucumber.core.runtime.CucumberExecutionContext.lambda$runTestCase$5(CucumberExecutionContext.java:136)
	at io.cucumber.core.runtime.RethrowingThrowableCollector.executeAndThrow(RethrowingThrowableCollector.java:23)
	at io.cucumber.core.runtime.CucumberExecutionContext.runTestCase(CucumberExecutionContext.java:136)
	at io.cucumber.testng.TestNGCucumberRunner.runScenario(TestNGCucumberRunner.java:132)
	at io.cucumber.testng.AbstractTestNGCucumberTests.runScenario(AbstractTestNGCucumberTests.java:35)
	at java.base/java.util.ArrayList.forEach(ArrayList.java:1597)
	at io.cucumber.core.backend.DefaultObjectFactory.cacheNewInstance(DefaultObjectFactory.java:53)
	... 43 more
Caused by: java.lang.Error: Unresolved compilation problems: 
	The method PracticeQuestion1() is undefined for the type Arraypage
	codeMirrorDiv cannot be resolved to a variable
	codeMirrorDiv cannot be resolved to a variable
	outputDiv cannot be resolved
	Syntax error on token &quot;}&quot;, delete this token
	The method Invalidoutput() is undefined for the type Arraypage
	The method Validoutput() is undefined for the type Arraypage
	The method Invalidoutput() is undefined for the type Arraypage
	The method Validoutput() is undefined for the type Arraypage
	The method Invalidoutput() is undefined for the type Arraypage
	The method Validoutput() is undefined for the type Arraypage
	The method Invalidoutput() is undefined for the type Arraypage
	Syntax error on token &quot;}&quot;, delete this token

	at StepDefinitions.ArraySteps.&lt;init&gt;(ArraySteps.java:343)
	... 46 more
... Removed 30 stack frames
</div> <!-- stack-trace -->
                  <em>
(Runs Cucumber Scenarios)                  </em>
                </div> <!-- method-content -->
              </div> <!-- method -->
              <div class="method">
                <div class="method-content">
                  <a name="runScenario(&quot;Verify that user is able to navigate to Max Consecutive Ones Page from Practice questions page&quot;, &quot;A...)">
                  </a> <!-- runScenario("Verify that user is able to navigate to Max Consecutive Ones Page from Practice questions page", "A...) -->
                  <span class="method-name">runScenario</span>
                  <span class="parameters">("Verify that user is able to navigate to Max Consecutive Ones Page from Practice questions page","Array Navigation")</span>
                  <div class="stack-trace">io.cucumber.core.exception.CucumberException: Failed to instantiate class StepDefinitions.ArraySteps
	at io.cucumber.core.backend.DefaultObjectFactory.cacheNewInstance(DefaultObjectFactory.java:67)
	at io.cucumber.core.backend.DefaultObjectFactory.getInstance(DefaultObjectFactory.java:45)
	at io.cucumber.java.AbstractGlueDefinition.invokeMethod(AbstractGlueDefinition.java:47)
	at io.cucumber.java.JavaStepDefinition.execute(JavaStepDefinition.java:29)
	at io.cucumber.core.runner.CoreStepDefinition.execute(CoreStepDefinition.java:66)
	at io.cucumber.core.runner.PickleStepDefinitionMatch.runStep(PickleStepDefinitionMatch.java:62)
	at io.cucumber.core.runner.ExecutionMode$1.execute(ExecutionMode.java:10)
	at io.cucumber.core.runner.TestStep.executeStep(TestStep.java:81)
	at io.cucumber.core.runner.TestStep.run(TestStep.java:53)
	at io.cucumber.core.runner.PickleStepTestStep.run(PickleStepTestStep.java:51)
	at io.cucumber.core.runner.TestCase.run(TestCase.java:84)
	at io.cucumber.core.runner.Runner.runPickle(Runner.java:75)
	at io.cucumber.testng.TestNGCucumberRunner.lambda$runScenario$1(TestNGCucumberRunner.java:135)
	at io.cucumber.core.runtime.CucumberExecutionContext.lambda$runTestCase$5(CucumberExecutionContext.java:136)
	at io.cucumber.core.runtime.RethrowingThrowableCollector.executeAndThrow(RethrowingThrowableCollector.java:23)
	at io.cucumber.core.runtime.CucumberExecutionContext.runTestCase(CucumberExecutionContext.java:136)
	at io.cucumber.testng.TestNGCucumberRunner.runScenario(TestNGCucumberRunner.java:132)
	at io.cucumber.testng.AbstractTestNGCucumberTests.runScenario(AbstractTestNGCucumberTests.java:35)
	at java.base/java.util.ArrayList.forEach(ArrayList.java:1597)
	at io.cucumber.core.backend.DefaultObjectFactory.cacheNewInstance(DefaultObjectFactory.java:53)
	... 43 more
Caused by: java.lang.Error: Unresolved compilation problems: 
	The method PracticeQuestion1() is undefined for the type Arraypage
	codeMirrorDiv cannot be resolved to a variable
	codeMirrorDiv cannot be resolved to a variable
	outputDiv cannot be resolved
	Syntax error on token &quot;}&quot;, delete this token
	The method Invalidoutput() is undefined for the type Arraypage
	The method Validoutput() is undefined for the type Arraypage
	The method Invalidoutput() is undefined for the type Arraypage
	The method Validoutput() is undefined for the type Arraypage
	The method Invalidoutput() is undefined for the type Arraypage
	The method Validoutput() is undefined for the type Arraypage
	The method Invalidoutput() is undefined for the type Arraypage
	Syntax error on token &quot;}&quot;, delete this token

	at StepDefinitions.ArraySteps.&lt;init&gt;(ArraySteps.java:343)
	... 46 more
... Removed 30 stack frames
</div> <!-- stack-trace -->
                  <em>
(Runs Cucumber Scenarios)                  </em>
                </div> <!-- method-content -->
              </div> <!-- method -->
              <div class="method">
                <div class="method-content">
                  <a name="runScenario(&quot;Verify that user is able to see output for valid python code&quot;, &quot;Array Navigation&quot;)">
                  </a> <!-- runScenario("Verify that user is able to see output for valid python code", "Array Navigation") -->
                  <span class="method-name">runScenario</span>
                  <span class="parameters">("Verify that user is able to see output for valid python code","Array Navigation")</span>
                  <div class="stack-trace">io.cucumber.core.exception.CucumberException: Failed to instantiate class StepDefinitions.ArraySteps
	at io.cucumber.core.backend.DefaultObjectFactory.cacheNewInstance(DefaultObjectFactory.java:67)
	at io.cucumber.core.backend.DefaultObjectFactory.getInstance(DefaultObjectFactory.java:45)
	at io.cucumber.java.AbstractGlueDefinition.invokeMethod(AbstractGlueDefinition.java:47)
	at io.cucumber.java.JavaStepDefinition.execute(JavaStepDefinition.java:29)
	at io.cucumber.core.runner.CoreStepDefinition.execute(CoreStepDefinition.java:66)
	at io.cucumber.core.runner.PickleStepDefinitionMatch.runStep(PickleStepDefinitionMatch.java:62)
	at io.cucumber.core.runner.ExecutionMode$1.execute(ExecutionMode.java:10)
	at io.cucumber.core.runner.TestStep.executeStep(TestStep.java:81)
	at io.cucumber.core.runner.TestStep.run(TestStep.java:53)
	at io.cucumber.core.runner.PickleStepTestStep.run(PickleStepTestStep.java:51)
	at io.cucumber.core.runner.TestCase.run(TestCase.java:84)
	at io.cucumber.core.runner.Runner.runPickle(Runner.java:75)
	at io.cucumber.testng.TestNGCucumberRunner.lambda$runScenario$1(TestNGCucumberRunner.java:135)
	at io.cucumber.core.runtime.CucumberExecutionContext.lambda$runTestCase$5(CucumberExecutionContext.java:136)
	at io.cucumber.core.runtime.RethrowingThrowableCollector.executeAndThrow(RethrowingThrowableCollector.java:23)
	at io.cucumber.core.runtime.CucumberExecutionContext.runTestCase(CucumberExecutionContext.java:136)
	at io.cucumber.testng.TestNGCucumberRunner.runScenario(TestNGCucumberRunner.java:132)
	at io.cucumber.testng.AbstractTestNGCucumberTests.runScenario(AbstractTestNGCucumberTests.java:35)
	at java.base/java.util.ArrayList.forEach(ArrayList.java:1597)
	at io.cucumber.core.backend.DefaultObjectFactory.cacheNewInstance(DefaultObjectFactory.java:53)
	... 43 more
Caused by: java.lang.Error: Unresolved compilation problems: 
	The method PracticeQuestion1() is undefined for the type Arraypage
	codeMirrorDiv cannot be resolved to a variable
	codeMirrorDiv cannot be resolved to a variable
	outputDiv cannot be resolved
	Syntax error on token &quot;}&quot;, delete this token
	The method Invalidoutput() is undefined for the type Arraypage
	The method Validoutput() is undefined for the type Arraypage
	The method Invalidoutput() is undefined for the type Arraypage
	The method Validoutput() is undefined for the type Arraypage
	The method Invalidoutput() is undefined for the type Arraypage
	The method Validoutput() is undefined for the type Arraypage
	The method Invalidoutput() is undefined for the type Arraypage
	Syntax error on token &quot;}&quot;, delete this token

	at StepDefinitions.ArraySteps.&lt;init&gt;(ArraySteps.java:343)
	... 46 more
... Removed 30 stack frames
</div> <!-- stack-trace -->
                  <em>
(Runs Cucumber Scenarios)                  </em>
                </div> <!-- method-content -->
              </div> <!-- method -->
              <div class="method">
                <div class="method-content">
                  <a name="runScenario(&quot;Verify that user is able to navigate to try Editor page&quot;, &quot;Array Navigation&quot;)">
                  </a> <!-- runScenario("Verify that user is able to navigate to try Editor page", "Array Navigation") -->
                  <span class="method-name">runScenario</span>
                  <span class="parameters">("Verify that user is able to navigate to try Editor page","Array Navigation")</span>
                  <div class="stack-trace">io.cucumber.core.exception.CucumberException: Failed to instantiate class StepDefinitions.ArraySteps
	at io.cucumber.core.backend.DefaultObjectFactory.cacheNewInstance(DefaultObjectFactory.java:67)
	at io.cucumber.core.backend.DefaultObjectFactory.getInstance(DefaultObjectFactory.java:45)
	at io.cucumber.java.AbstractGlueDefinition.invokeMethod(AbstractGlueDefinition.java:47)
	at io.cucumber.java.JavaStepDefinition.execute(JavaStepDefinition.java:29)
	at io.cucumber.core.runner.CoreStepDefinition.execute(CoreStepDefinition.java:66)
	at io.cucumber.core.runner.PickleStepDefinitionMatch.runStep(PickleStepDefinitionMatch.java:62)
	at io.cucumber.core.runner.ExecutionMode$1.execute(ExecutionMode.java:10)
	at io.cucumber.core.runner.TestStep.executeStep(TestStep.java:81)
	at io.cucumber.core.runner.TestStep.run(TestStep.java:53)
	at io.cucumber.core.runner.PickleStepTestStep.run(PickleStepTestStep.java:51)
	at io.cucumber.core.runner.TestCase.run(TestCase.java:84)
	at io.cucumber.core.runner.Runner.runPickle(Runner.java:75)
	at io.cucumber.testng.TestNGCucumberRunner.lambda$runScenario$1(TestNGCucumberRunner.java:135)
	at io.cucumber.core.runtime.CucumberExecutionContext.lambda$runTestCase$5(CucumberExecutionContext.java:136)
	at io.cucumber.core.runtime.RethrowingThrowableCollector.executeAndThrow(RethrowingThrowableCollector.java:23)
	at io.cucumber.core.runtime.CucumberExecutionContext.runTestCase(CucumberExecutionContext.java:136)
	at io.cucumber.testng.TestNGCucumberRunner.runScenario(TestNGCucumberRunner.java:132)
	at io.cucumber.testng.AbstractTestNGCucumberTests.runScenario(AbstractTestNGCucumberTests.java:35)
	at java.base/java.util.ArrayList.forEach(ArrayList.java:1597)
	at io.cucumber.core.backend.DefaultObjectFactory.cacheNewInstance(DefaultObjectFactory.java:53)
	... 43 more
Caused by: java.lang.Error: Unresolved compilation problems: 
	The method PracticeQuestion1() is undefined for the type Arraypage
	codeMirrorDiv cannot be resolved to a variable
	codeMirrorDiv cannot be resolved to a variable
	outputDiv cannot be resolved
	Syntax error on token &quot;}&quot;, delete this token
	The method Invalidoutput() is undefined for the type Arraypage
	The method Validoutput() is undefined for the type Arraypage
	The method Invalidoutput() is undefined for the type Arraypage
	The method Validoutput() is undefined for the type Arraypage
	The method Invalidoutput() is undefined for the type Arraypage
	The method Validoutput() is undefined for the type Arraypage
	The method Invalidoutput() is undefined for the type Arraypage
	Syntax error on token &quot;}&quot;, delete this token

	at StepDefinitions.ArraySteps.&lt;init&gt;(ArraySteps.java:343)
	... 46 more
... Removed 30 stack frames
</div> <!-- stack-trace -->
                  <em>
(Runs Cucumber Scenarios)                  </em>
                </div> <!-- method-content -->
              </div> <!-- method -->
              <div class="method">
                <div class="method-content">
                  <a name="runScenario(&quot;Verify that user receives error for invalid python code&quot;, &quot;Array Navigation&quot;)">
                  </a> <!-- runScenario("Verify that user receives error for invalid python code", "Array Navigation") -->
                  <span class="method-name">runScenario</span>
                  <span class="parameters">("Verify that user receives error for invalid python code","Array Navigation")</span>
                  <div class="stack-trace">io.cucumber.core.exception.CucumberException: Failed to instantiate class StepDefinitions.ArraySteps
	at io.cucumber.core.backend.DefaultObjectFactory.cacheNewInstance(DefaultObjectFactory.java:67)
	at io.cucumber.core.backend.DefaultObjectFactory.getInstance(DefaultObjectFactory.java:45)
	at io.cucumber.java.AbstractGlueDefinition.invokeMethod(AbstractGlueDefinition.java:47)
	at io.cucumber.java.JavaStepDefinition.execute(JavaStepDefinition.java:29)
	at io.cucumber.core.runner.CoreStepDefinition.execute(CoreStepDefinition.java:66)
	at io.cucumber.core.runner.PickleStepDefinitionMatch.runStep(PickleStepDefinitionMatch.java:62)
	at io.cucumber.core.runner.ExecutionMode$1.execute(ExecutionMode.java:10)
	at io.cucumber.core.runner.TestStep.executeStep(TestStep.java:81)
	at io.cucumber.core.runner.TestStep.run(TestStep.java:53)
	at io.cucumber.core.runner.PickleStepTestStep.run(PickleStepTestStep.java:51)
	at io.cucumber.core.runner.TestCase.run(TestCase.java:84)
	at io.cucumber.core.runner.Runner.runPickle(Runner.java:75)
	at io.cucumber.testng.TestNGCucumberRunner.lambda$runScenario$1(TestNGCucumberRunner.java:135)
	at io.cucumber.core.runtime.CucumberExecutionContext.lambda$runTestCase$5(CucumberExecutionContext.java:136)
	at io.cucumber.core.runtime.RethrowingThrowableCollector.executeAndThrow(RethrowingThrowableCollector.java:23)
	at io.cucumber.core.runtime.CucumberExecutionContext.runTestCase(CucumberExecutionContext.java:136)
	at io.cucumber.testng.TestNGCucumberRunner.runScenario(TestNGCucumberRunner.java:132)
	at io.cucumber.testng.AbstractTestNGCucumberTests.runScenario(AbstractTestNGCucumberTests.java:35)
	at java.base/java.util.ArrayList.forEach(ArrayList.java:1597)
	at io.cucumber.core.backend.DefaultObjectFactory.cacheNewInstance(DefaultObjectFactory.java:53)
	... 43 more
Caused by: java.lang.Error: Unresolved compilation problems: 
	The method PracticeQuestion1() is undefined for the type Arraypage
	codeMirrorDiv cannot be resolved to a variable
	codeMirrorDiv cannot be resolved to a variable
	outputDiv cannot be resolved
	Syntax error on token &quot;}&quot;, delete this token
	The method Invalidoutput() is undefined for the type Arraypage
	The method Validoutput() is undefined for the type Arraypage
	The method Invalidoutput() is undefined for the type Arraypage
	The method Validoutput() is undefined for the type Arraypage
	The method Invalidoutput() is undefined for the type Arraypage
	The method Validoutput() is undefined for the type Arraypage
	The method Invalidoutput() is undefined for the type Arraypage
	Syntax error on token &quot;}&quot;, delete this token

	at StepDefinitions.ArraySteps.&lt;init&gt;(ArraySteps.java:343)
	... 46 more
... Removed 30 stack frames
</div> <!-- stack-trace -->
                  <em>
(Runs Cucumber Scenarios)                  </em>
                </div> <!-- method-content -->
              </div> <!-- method -->
              <div class="method">
                <div class="method-content">
                  <a name="runScenario(&quot;Verify that user receives error for invalid python code&quot;, &quot;Array Navigation&quot;)">
                  </a> <!-- runScenario("Verify that user receives error for invalid python code", "Array Navigation") -->
                  <span class="method-name">runScenario</span>
                  <span class="parameters">("Verify that user receives error for invalid python code","Array Navigation")</span>
                  <div class="stack-trace">io.cucumber.core.exception.CucumberException: Failed to instantiate class StepDefinitions.ArraySteps
	at io.cucumber.core.backend.DefaultObjectFactory.cacheNewInstance(DefaultObjectFactory.java:67)
	at io.cucumber.core.backend.DefaultObjectFactory.getInstance(DefaultObjectFactory.java:45)
	at io.cucumber.java.AbstractGlueDefinition.invokeMethod(AbstractGlueDefinition.java:47)
	at io.cucumber.java.JavaStepDefinition.execute(JavaStepDefinition.java:29)
	at io.cucumber.core.runner.CoreStepDefinition.execute(CoreStepDefinition.java:66)
	at io.cucumber.core.runner.PickleStepDefinitionMatch.runStep(PickleStepDefinitionMatch.java:62)
	at io.cucumber.core.runner.ExecutionMode$1.execute(ExecutionMode.java:10)
	at io.cucumber.core.runner.TestStep.executeStep(TestStep.java:81)
	at io.cucumber.core.runner.TestStep.run(TestStep.java:53)
	at io.cucumber.core.runner.PickleStepTestStep.run(PickleStepTestStep.java:51)
	at io.cucumber.core.runner.TestCase.run(TestCase.java:84)
	at io.cucumber.core.runner.Runner.runPickle(Runner.java:75)
	at io.cucumber.testng.TestNGCucumberRunner.lambda$runScenario$1(TestNGCucumberRunner.java:135)
	at io.cucumber.core.runtime.CucumberExecutionContext.lambda$runTestCase$5(CucumberExecutionContext.java:136)
	at io.cucumber.core.runtime.RethrowingThrowableCollector.executeAndThrow(RethrowingThrowableCollector.java:23)
	at io.cucumber.core.runtime.CucumberExecutionContext.runTestCase(CucumberExecutionContext.java:136)
	at io.cucumber.testng.TestNGCucumberRunner.runScenario(TestNGCucumberRunner.java:132)
	at io.cucumber.testng.AbstractTestNGCucumberTests.runScenario(AbstractTestNGCucumberTests.java:35)
	at java.base/java.util.ArrayList.forEach(ArrayList.java:1597)
	at io.cucumber.core.backend.DefaultObjectFactory.cacheNewInstance(DefaultObjectFactory.java:53)
	... 43 more
Caused by: java.lang.Error: Unresolved compilation problems: 
	The method PracticeQuestion1() is undefined for the type Arraypage
	codeMirrorDiv cannot be resolved to a variable
	codeMirrorDiv cannot be resolved to a variable
	outputDiv cannot be resolved
	Syntax error on token &quot;}&quot;, delete this token
	The method Invalidoutput() is undefined for the type Arraypage
	The method Validoutput() is undefined for the type Arraypage
	The method Invalidoutput() is undefined for the type Arraypage
	The method Validoutput() is undefined for the type Arraypage
	The method Invalidoutput() is undefined for the type Arraypage
	The method Validoutput() is undefined for the type Arraypage
	The method Invalidoutput() is undefined for the type Arraypage
	Syntax error on token &quot;}&quot;, delete this token

	at StepDefinitions.ArraySteps.&lt;init&gt;(ArraySteps.java:343)
	... 46 more
... Removed 30 stack frames
</div> <!-- stack-trace -->
                  <em>
(Runs Cucumber Scenarios)                  </em>
                </div> <!-- method-content -->
              </div> <!-- method -->
              <div class="method">
                <div class="method-content">
                  <a name="runScenario(&quot;Verify that user is able to navigate to try Editor page for Arrays in Python page&quot;, &quot;Array Navigati...)">
                  </a> <!-- runScenario("Verify that user is able to navigate to try Editor page for Arrays in Python page", "Array Navigati...) -->
                  <span class="method-name">runScenario</span>
                  <span class="parameters">("Verify that user is able to navigate to try Editor page for Arrays in Python page","Array Navigation")</span>
                  <div class="stack-trace">io.cucumber.core.exception.CucumberException: Failed to instantiate class StepDefinitions.ArraySteps
	at io.cucumber.core.backend.DefaultObjectFactory.cacheNewInstance(DefaultObjectFactory.java:67)
	at io.cucumber.core.backend.DefaultObjectFactory.getInstance(DefaultObjectFactory.java:45)
	at io.cucumber.java.AbstractGlueDefinition.invokeMethod(AbstractGlueDefinition.java:47)
	at io.cucumber.java.JavaStepDefinition.execute(JavaStepDefinition.java:29)
	at io.cucumber.core.runner.CoreStepDefinition.execute(CoreStepDefinition.java:66)
	at io.cucumber.core.runner.PickleStepDefinitionMatch.runStep(PickleStepDefinitionMatch.java:62)
	at io.cucumber.core.runner.ExecutionMode$1.execute(ExecutionMode.java:10)
	at io.cucumber.core.runner.TestStep.executeStep(TestStep.java:81)
	at io.cucumber.core.runner.TestStep.run(TestStep.java:53)
	at io.cucumber.core.runner.PickleStepTestStep.run(PickleStepTestStep.java:51)
	at io.cucumber.core.runner.TestCase.run(TestCase.java:84)
	at io.cucumber.core.runner.Runner.runPickle(Runner.java:75)
	at io.cucumber.testng.TestNGCucumberRunner.lambda$runScenario$1(TestNGCucumberRunner.java:135)
	at io.cucumber.core.runtime.CucumberExecutionContext.lambda$runTestCase$5(CucumberExecutionContext.java:136)
	at io.cucumber.core.runtime.RethrowingThrowableCollector.executeAndThrow(RethrowingThrowableCollector.java:23)
	at io.cucumber.core.runtime.CucumberExecutionContext.runTestCase(CucumberExecutionContext.java:136)
	at io.cucumber.testng.TestNGCucumberRunner.runScenario(TestNGCucumberRunner.java:132)
	at io.cucumber.testng.AbstractTestNGCucumberTests.runScenario(AbstractTestNGCucumberTests.java:35)
	at java.base/java.util.ArrayList.forEach(ArrayList.java:1597)
	at io.cucumber.core.backend.DefaultObjectFactory.cacheNewInstance(DefaultObjectFactory.java:53)
	... 43 more
Caused by: java.lang.Error: Unresolved compilation problems: 
	The method PracticeQuestion1() is undefined for the type Arraypage
	codeMirrorDiv cannot be resolved to a variable
	codeMirrorDiv cannot be resolved to a variable
	outputDiv cannot be resolved
	Syntax error on token &quot;}&quot;, delete this token
	The method Invalidoutput() is undefined for the type Arraypage
	The method Validoutput() is undefined for the type Arraypage
	The method Invalidoutput() is undefined for the type Arraypage
	The method Validoutput() is undefined for the type Arraypage
	The method Invalidoutput() is undefined for the type Arraypage
	The method Validoutput() is undefined for the type Arraypage
	The method Invalidoutput() is undefined for the type Arraypage
	Syntax error on token &quot;}&quot;, delete this token

	at StepDefinitions.ArraySteps.&lt;init&gt;(ArraySteps.java:343)
	... 46 more
... Removed 30 stack frames
</div> <!-- stack-trace -->
                  <em>
(Runs Cucumber Scenarios)                  </em>
                </div> <!-- method-content -->
              </div> <!-- method -->
              <div class="method">
                <div class="method-content">
                  <a name="runScenario(&quot;Verify that user is able to navigate to Basic Operations in Lists page&quot;, &quot;Array Navigation&quot;)">
                  </a> <!-- runScenario("Verify that user is able to navigate to Basic Operations in Lists page", "Array Navigation") -->
                  <span class="method-name">runScenario</span>
                  <span class="parameters">("Verify that user is able to navigate to Basic Operations in Lists page","Array Navigation")</span>
                  <div class="stack-trace">io.cucumber.core.exception.CucumberException: Failed to instantiate class StepDefinitions.ArraySteps
	at io.cucumber.core.backend.DefaultObjectFactory.cacheNewInstance(DefaultObjectFactory.java:67)
	at io.cucumber.core.backend.DefaultObjectFactory.getInstance(DefaultObjectFactory.java:45)
	at io.cucumber.java.AbstractGlueDefinition.invokeMethod(AbstractGlueDefinition.java:47)
	at io.cucumber.java.JavaStepDefinition.execute(JavaStepDefinition.java:29)
	at io.cucumber.core.runner.CoreStepDefinition.execute(CoreStepDefinition.java:66)
	at io.cucumber.core.runner.PickleStepDefinitionMatch.runStep(PickleStepDefinitionMatch.java:62)
	at io.cucumber.core.runner.ExecutionMode$1.execute(ExecutionMode.java:10)
	at io.cucumber.core.runner.TestStep.executeStep(TestStep.java:81)
	at io.cucumber.core.runner.TestStep.run(TestStep.java:53)
	at io.cucumber.core.runner.PickleStepTestStep.run(PickleStepTestStep.java:51)
	at io.cucumber.core.runner.TestCase.run(TestCase.java:84)
	at io.cucumber.core.runner.Runner.runPickle(Runner.java:75)
	at io.cucumber.testng.TestNGCucumberRunner.lambda$runScenario$1(TestNGCucumberRunner.java:135)
	at io.cucumber.core.runtime.CucumberExecutionContext.lambda$runTestCase$5(CucumberExecutionContext.java:136)
	at io.cucumber.core.runtime.RethrowingThrowableCollector.executeAndThrow(RethrowingThrowableCollector.java:23)
	at io.cucumber.core.runtime.CucumberExecutionContext.runTestCase(CucumberExecutionContext.java:136)
	at io.cucumber.testng.TestNGCucumberRunner.runScenario(TestNGCucumberRunner.java:132)
	at io.cucumber.testng.AbstractTestNGCucumberTests.runScenario(AbstractTestNGCucumberTests.java:35)
	at java.base/java.util.ArrayList.forEach(ArrayList.java:1597)
	at io.cucumber.core.backend.DefaultObjectFactory.cacheNewInstance(DefaultObjectFactory.java:53)
	... 43 more
Caused by: java.lang.Error: Unresolved compilation problems: 
	The method PracticeQuestion1() is undefined for the type Arraypage
	codeMirrorDiv cannot be resolved to a variable
	codeMirrorDiv cannot be resolved to a variable
	outputDiv cannot be resolved
	Syntax error on token &quot;}&quot;, delete this token
	The method Invalidoutput() is undefined for the type Arraypage
	The method Validoutput() is undefined for the type Arraypage
	The method Invalidoutput() is undefined for the type Arraypage
	The method Validoutput() is undefined for the type Arraypage
	The method Invalidoutput() is undefined for the type Arraypage
	The method Validoutput() is undefined for the type Arraypage
	The method Invalidoutput() is undefined for the type Arraypage
	Syntax error on token &quot;}&quot;, delete this token

	at StepDefinitions.ArraySteps.&lt;init&gt;(ArraySteps.java:343)
	... 46 more
... Removed 30 stack frames
</div> <!-- stack-trace -->
                  <em>
(Runs Cucumber Scenarios)                  </em>
                </div> <!-- method-content -->
              </div> <!-- method -->
              <div class="method">
                <div class="method-content">
                  <a name="runScenario(&quot;Verify that user is able to navigate to Find Numbers with Even Number of Digits Page from Practice ...)">
                  </a> <!-- runScenario("Verify that user is able to navigate to Find Numbers with Even Number of Digits Page from Practice ...) -->
                  <span class="method-name">runScenario</span>
                  <span class="parameters">("Verify that user is able to navigate to Find Numbers with Even Number of Digits Page from Practice questions page","Array Navigation")</span>
                  <div class="stack-trace">io.cucumber.core.exception.CucumberException: Failed to instantiate class StepDefinitions.ArraySteps
	at io.cucumber.core.backend.DefaultObjectFactory.cacheNewInstance(DefaultObjectFactory.java:67)
	at io.cucumber.core.backend.DefaultObjectFactory.getInstance(DefaultObjectFactory.java:45)
	at io.cucumber.java.AbstractGlueDefinition.invokeMethod(AbstractGlueDefinition.java:47)
	at io.cucumber.java.JavaStepDefinition.execute(JavaStepDefinition.java:29)
	at io.cucumber.core.runner.CoreStepDefinition.execute(CoreStepDefinition.java:66)
	at io.cucumber.core.runner.PickleStepDefinitionMatch.runStep(PickleStepDefinitionMatch.java:62)
	at io.cucumber.core.runner.ExecutionMode$1.execute(ExecutionMode.java:10)
	at io.cucumber.core.runner.TestStep.executeStep(TestStep.java:81)
	at io.cucumber.core.runner.TestStep.run(TestStep.java:53)
	at io.cucumber.core.runner.PickleStepTestStep.run(PickleStepTestStep.java:51)
	at io.cucumber.core.runner.TestCase.run(TestCase.java:84)
	at io.cucumber.core.runner.Runner.runPickle(Runner.java:75)
	at io.cucumber.testng.TestNGCucumberRunner.lambda$runScenario$1(TestNGCucumberRunner.java:135)
	at io.cucumber.core.runtime.CucumberExecutionContext.lambda$runTestCase$5(CucumberExecutionContext.java:136)
	at io.cucumber.core.runtime.RethrowingThrowableCollector.executeAndThrow(RethrowingThrowableCollector.java:23)
	at io.cucumber.core.runtime.CucumberExecutionContext.runTestCase(CucumberExecutionContext.java:136)
	at io.cucumber.testng.TestNGCucumberRunner.runScenario(TestNGCucumberRunner.java:132)
	at io.cucumber.testng.AbstractTestNGCucumberTests.runScenario(AbstractTestNGCucumberTests.java:35)
	at java.base/java.util.ArrayList.forEach(ArrayList.java:1597)
	at io.cucumber.core.backend.DefaultObjectFactory.cacheNewInstance(DefaultObjectFactory.java:53)
	... 43 more
Caused by: java.lang.Error: Unresolved compilation problems: 
	The method PracticeQuestion1() is undefined for the type Arraypage
	codeMirrorDiv cannot be resolved to a variable
	codeMirrorDiv cannot be resolved to a variable
	outputDiv cannot be resolved
	Syntax error on token &quot;}&quot;, delete this token
	The method Invalidoutput() is undefined for the type Arraypage
	The method Validoutput() is undefined for the type Arraypage
	The method Invalidoutput() is undefined for the type Arraypage
	The method Validoutput() is undefined for the type Arraypage
	The method Invalidoutput() is undefined for the type Arraypage
	The method Validoutput() is undefined for the type Arraypage
	The method Invalidoutput() is undefined for the type Arraypage
	Syntax error on token &quot;}&quot;, delete this token

	at StepDefinitions.ArraySteps.&lt;init&gt;(ArraySteps.java:343)
	... 46 more
... Removed 30 stack frames
</div> <!-- stack-trace -->
                  <em>
(Runs Cucumber Scenarios)                  </em>
                </div> <!-- method-content -->
              </div> <!-- method -->
              <div class="method">
                <div class="method-content">
                  <a name="runScenario(&quot;Verify that user is able to navigate to Applications of Array page&quot;, &quot;Array Navigation&quot;)">
                  </a> <!-- runScenario("Verify that user is able to navigate to Applications of Array page", "Array Navigation") -->
                  <span class="method-name">runScenario</span>
                  <span class="parameters">("Verify that user is able to navigate to Applications of Array page","Array Navigation")</span>
                  <div class="stack-trace">io.cucumber.core.exception.CucumberException: Failed to instantiate class StepDefinitions.ArraySteps
	at io.cucumber.core.backend.DefaultObjectFactory.cacheNewInstance(DefaultObjectFactory.java:67)
	at io.cucumber.core.backend.DefaultObjectFactory.getInstance(DefaultObjectFactory.java:45)
	at io.cucumber.java.AbstractGlueDefinition.invokeMethod(AbstractGlueDefinition.java:47)
	at io.cucumber.java.JavaStepDefinition.execute(JavaStepDefinition.java:29)
	at io.cucumber.core.runner.CoreStepDefinition.execute(CoreStepDefinition.java:66)
	at io.cucumber.core.runner.PickleStepDefinitionMatch.runStep(PickleStepDefinitionMatch.java:62)
	at io.cucumber.core.runner.ExecutionMode$1.execute(ExecutionMode.java:10)
	at io.cucumber.core.runner.TestStep.executeStep(TestStep.java:81)
	at io.cucumber.core.runner.TestStep.run(TestStep.java:53)
	at io.cucumber.core.runner.PickleStepTestStep.run(PickleStepTestStep.java:51)
	at io.cucumber.core.runner.TestCase.run(TestCase.java:84)
	at io.cucumber.core.runner.Runner.runPickle(Runner.java:75)
	at io.cucumber.testng.TestNGCucumberRunner.lambda$runScenario$1(TestNGCucumberRunner.java:135)
	at io.cucumber.core.runtime.CucumberExecutionContext.lambda$runTestCase$5(CucumberExecutionContext.java:136)
	at io.cucumber.core.runtime.RethrowingThrowableCollector.executeAndThrow(RethrowingThrowableCollector.java:23)
	at io.cucumber.core.runtime.CucumberExecutionContext.runTestCase(CucumberExecutionContext.java:136)
	at io.cucumber.testng.TestNGCucumberRunner.runScenario(TestNGCucumberRunner.java:132)
	at io.cucumber.testng.AbstractTestNGCucumberTests.runScenario(AbstractTestNGCucumberTests.java:35)
	at java.base/java.util.ArrayList.forEach(ArrayList.java:1597)
	at io.cucumber.core.backend.DefaultObjectFactory.cacheNewInstance(DefaultObjectFactory.java:53)
	... 43 more
Caused by: java.lang.Error: Unresolved compilation problems: 
	The method PracticeQuestion1() is undefined for the type Arraypage
	codeMirrorDiv cannot be resolved to a variable
	codeMirrorDiv cannot be resolved to a variable
	outputDiv cannot be resolved
	Syntax error on token &quot;}&quot;, delete this token
	The method Invalidoutput() is undefined for the type Arraypage
	The method Validoutput() is undefined for the type Arraypage
	The method Invalidoutput() is undefined for the type Arraypage
	The method Validoutput() is undefined for the type Arraypage
	The method Invalidoutput() is undefined for the type Arraypage
	The method Validoutput() is undefined for the type Arraypage
	The method Invalidoutput() is undefined for the type Arraypage
	Syntax error on token &quot;}&quot;, delete this token

	at StepDefinitions.ArraySteps.&lt;init&gt;(ArraySteps.java:343)
	... 46 more
... Removed 30 stack frames
</div> <!-- stack-trace -->
                  <em>
(Runs Cucumber Scenarios)                  </em>
                </div> <!-- method-content -->
              </div> <!-- method -->
              <div class="method">
                <div class="method-content">
                  <a name="runScenario(&quot;Verify that user is able to run valid python code&quot;, &quot;Array Navigation&quot;)">
                  </a> <!-- runScenario("Verify that user is able to run valid python code", "Array Navigation") -->
                  <span class="method-name">runScenario</span>
                  <span class="parameters">("Verify that user is able to run valid python code","Array Navigation")</span>
                  <div class="stack-trace">io.cucumber.core.exception.CucumberException: Failed to instantiate class StepDefinitions.ArraySteps
	at io.cucumber.core.backend.DefaultObjectFactory.cacheNewInstance(DefaultObjectFactory.java:67)
	at io.cucumber.core.backend.DefaultObjectFactory.getInstance(DefaultObjectFactory.java:45)
	at io.cucumber.java.AbstractGlueDefinition.invokeMethod(AbstractGlueDefinition.java:47)
	at io.cucumber.java.JavaStepDefinition.execute(JavaStepDefinition.java:29)
	at io.cucumber.core.runner.CoreStepDefinition.execute(CoreStepDefinition.java:66)
	at io.cucumber.core.runner.PickleStepDefinitionMatch.runStep(PickleStepDefinitionMatch.java:62)
	at io.cucumber.core.runner.ExecutionMode$1.execute(ExecutionMode.java:10)
	at io.cucumber.core.runner.TestStep.executeStep(TestStep.java:81)
	at io.cucumber.core.runner.TestStep.run(TestStep.java:53)
	at io.cucumber.core.runner.PickleStepTestStep.run(PickleStepTestStep.java:51)
	at io.cucumber.core.runner.TestCase.run(TestCase.java:84)
	at io.cucumber.core.runner.Runner.runPickle(Runner.java:75)
	at io.cucumber.testng.TestNGCucumberRunner.lambda$runScenario$1(TestNGCucumberRunner.java:135)
	at io.cucumber.core.runtime.CucumberExecutionContext.lambda$runTestCase$5(CucumberExecutionContext.java:136)
	at io.cucumber.core.runtime.RethrowingThrowableCollector.executeAndThrow(RethrowingThrowableCollector.java:23)
	at io.cucumber.core.runtime.CucumberExecutionContext.runTestCase(CucumberExecutionContext.java:136)
	at io.cucumber.testng.TestNGCucumberRunner.runScenario(TestNGCucumberRunner.java:132)
	at io.cucumber.testng.AbstractTestNGCucumberTests.runScenario(AbstractTestNGCucumberTests.java:35)
	at java.base/java.util.ArrayList.forEach(ArrayList.java:1597)
	at io.cucumber.core.backend.DefaultObjectFactory.cacheNewInstance(DefaultObjectFactory.java:53)
	... 43 more
Caused by: java.lang.Error: Unresolved compilation problems: 
	The method PracticeQuestion1() is undefined for the type Arraypage
	codeMirrorDiv cannot be resolved to a variable
	codeMirrorDiv cannot be resolved to a variable
	outputDiv cannot be resolved
	Syntax error on token &quot;}&quot;, delete this token
	The method Invalidoutput() is undefined for the type Arraypage
	The method Validoutput() is undefined for the type Arraypage
	The method Invalidoutput() is undefined for the type Arraypage
	The method Validoutput() is undefined for the type Arraypage
	The method Invalidoutput() is undefined for the type Arraypage
	The method Validoutput() is undefined for the type Arraypage
	The method Invalidoutput() is undefined for the type Arraypage
	Syntax error on token &quot;}&quot;, delete this token

	at StepDefinitions.ArraySteps.&lt;init&gt;(ArraySteps.java:343)
	... 46 more
... Removed 30 stack frames
</div> <!-- stack-trace -->
                  <em>
(Runs Cucumber Scenarios)                  </em>
                </div> <!-- method-content -->
              </div> <!-- method -->
              <div class="method">
                <div class="method-content">
                  <a name="runScenario(&quot;Verify that user is able to navigate to try Editor page for Introduction page&quot;, &quot;Linked List Naviga...)">
                  </a> <!-- runScenario("Verify that user is able to navigate to try Editor page for Introduction page", "Linked List Naviga...) -->
                  <span class="method-name">runScenario</span>
                  <span class="parameters">("Verify that user is able to navigate to try Editor page for Introduction page","Linked List Navigation")</span>
                  <div class="stack-trace">io.cucumber.core.exception.CucumberException: Failed to instantiate class StepDefinitions.ArraySteps
	at io.cucumber.core.backend.DefaultObjectFactory.cacheNewInstance(DefaultObjectFactory.java:67)
	at io.cucumber.core.backend.DefaultObjectFactory.getInstance(DefaultObjectFactory.java:45)
	at io.cucumber.java.AbstractGlueDefinition.invokeMethod(AbstractGlueDefinition.java:47)
	at io.cucumber.java.JavaStepDefinition.execute(JavaStepDefinition.java:29)
	at io.cucumber.core.runner.CoreStepDefinition.execute(CoreStepDefinition.java:66)
	at io.cucumber.core.runner.PickleStepDefinitionMatch.runStep(PickleStepDefinitionMatch.java:62)
	at io.cucumber.core.runner.ExecutionMode$1.execute(ExecutionMode.java:10)
	at io.cucumber.core.runner.TestStep.executeStep(TestStep.java:81)
	at io.cucumber.core.runner.TestStep.run(TestStep.java:53)
	at io.cucumber.core.runner.PickleStepTestStep.run(PickleStepTestStep.java:51)
	at io.cucumber.core.runner.TestCase.run(TestCase.java:84)
	at io.cucumber.core.runner.Runner.runPickle(Runner.java:75)
	at io.cucumber.testng.TestNGCucumberRunner.lambda$runScenario$1(TestNGCucumberRunner.java:135)
	at io.cucumber.core.runtime.CucumberExecutionContext.lambda$runTestCase$5(CucumberExecutionContext.java:136)
	at io.cucumber.core.runtime.RethrowingThrowableCollector.executeAndThrow(RethrowingThrowableCollector.java:23)
	at io.cucumber.core.runtime.CucumberExecutionContext.runTestCase(CucumberExecutionContext.java:136)
	at io.cucumber.testng.TestNGCucumberRunner.runScenario(TestNGCucumberRunner.java:132)
	at io.cucumber.testng.AbstractTestNGCucumberTests.runScenario(AbstractTestNGCucumberTests.java:35)
	at java.base/java.util.ArrayList.forEach(ArrayList.java:1597)
	at io.cucumber.core.backend.DefaultObjectFactory.cacheNewInstance(DefaultObjectFactory.java:53)
	... 43 more
Caused by: java.lang.Error: Unresolved compilation problems: 
	The method PracticeQuestion1() is undefined for the type Arraypage
	codeMirrorDiv cannot be resolved to a variable
	codeMirrorDiv cannot be resolved to a variable
	outputDiv cannot be resolved
	Syntax error on token &quot;}&quot;, delete this token
	The method Invalidoutput() is undefined for the type Arraypage
	The method Validoutput() is undefined for the type Arraypage
	The method Invalidoutput() is undefined for the type Arraypage
	The method Validoutput() is undefined for the type Arraypage
	The method Invalidoutput() is undefined for the type Arraypage
	The method Validoutput() is undefined for the type Arraypage
	The method Invalidoutput() is undefined for the type Arraypage
	Syntax error on token &quot;}&quot;, delete this token

	at StepDefinitions.ArraySteps.&lt;init&gt;(ArraySteps.java:343)
	... 46 more
... Removed 30 stack frames
</div> <!-- stack-trace -->
                  <em>
(Runs Cucumber Scenarios)                  </em>
                </div> <!-- method-content -->
              </div> <!-- method -->
              <div class="method">
                <div class="method-content">
                  <a name="runScenario(&quot;Verify that user is able to see output for valid python code&quot;, &quot;Array Navigation&quot;)">
                  </a> <!-- runScenario("Verify that user is able to see output for valid python code", "Array Navigation") -->
                  <span class="method-name">runScenario</span>
                  <span class="parameters">("Verify that user is able to see output for valid python code","Array Navigation")</span>
                  <div class="stack-trace">io.cucumber.core.exception.CucumberException: Failed to instantiate class StepDefinitions.ArraySteps
	at io.cucumber.core.backend.DefaultObjectFactory.cacheNewInstance(DefaultObjectFactory.java:67)
	at io.cucumber.core.backend.DefaultObjectFactory.getInstance(DefaultObjectFactory.java:45)
	at io.cucumber.java.AbstractGlueDefinition.invokeMethod(AbstractGlueDefinition.java:47)
	at io.cucumber.java.JavaStepDefinition.execute(JavaStepDefinition.java:29)
	at io.cucumber.core.runner.CoreStepDefinition.execute(CoreStepDefinition.java:66)
	at io.cucumber.core.runner.PickleStepDefinitionMatch.runStep(PickleStepDefinitionMatch.java:62)
	at io.cucumber.core.runner.ExecutionMode$1.execute(ExecutionMode.java:10)
	at io.cucumber.core.runner.TestStep.executeStep(TestStep.java:81)
	at io.cucumber.core.runner.TestStep.run(TestStep.java:53)
	at io.cucumber.core.runner.PickleStepTestStep.run(PickleStepTestStep.java:51)
	at io.cucumber.core.runner.TestCase.run(TestCase.java:84)
	at io.cucumber.core.runner.Runner.runPickle(Runner.java:75)
	at io.cucumber.testng.TestNGCucumberRunner.lambda$runScenario$1(TestNGCucumberRunner.java:135)
	at io.cucumber.core.runtime.CucumberExecutionContext.lambda$runTestCase$5(CucumberExecutionContext.java:136)
	at io.cucumber.core.runtime.RethrowingThrowableCollector.executeAndThrow(RethrowingThrowableCollector.java:23)
	at io.cucumber.core.runtime.CucumberExecutionContext.runTestCase(CucumberExecutionContext.java:136)
	at io.cucumber.testng.TestNGCucumberRunner.runScenario(TestNGCucumberRunner.java:132)
	at io.cucumber.testng.AbstractTestNGCucumberTests.runScenario(AbstractTestNGCucumberTests.java:35)
	at java.base/java.util.ArrayList.forEach(ArrayList.java:1597)
	at io.cucumber.core.backend.DefaultObjectFactory.cacheNewInstance(DefaultObjectFactory.java:53)
	... 43 more
Caused by: java.lang.Error: Unresolved compilation problems: 
	The method PracticeQuestion1() is undefined for the type Arraypage
	codeMirrorDiv cannot be resolved to a variable
	codeMirrorDiv cannot be resolved to a variable
	outputDiv cannot be resolved
	Syntax error on token &quot;}&quot;, delete this token
	The method Invalidoutput() is undefined for the type Arraypage
	The method Validoutput() is undefined for the type Arraypage
	The method Invalidoutput() is undefined for the type Arraypage
	The method Validoutput() is undefined for the type Arraypage
	The method Invalidoutput() is undefined for the type Arraypage
	The method Validoutput() is undefined for the type Arraypage
	The method Invalidoutput() is undefined for the type Arraypage
	Syntax error on token &quot;}&quot;, delete this token

	at StepDefinitions.ArraySteps.&lt;init&gt;(ArraySteps.java:343)
	... 46 more
... Removed 30 stack frames
</div> <!-- stack-trace -->
                  <em>
(Runs Cucumber Scenarios)                  </em>
                </div> <!-- method-content -->
              </div> <!-- method -->
              <div class="method">
                <div class="method-content">
                  <a name="runScenario(&quot;Verify that user receives error for invalid python code&quot;, &quot;Array Navigation&quot;)">
                  </a> <!-- runScenario("Verify that user receives error for invalid python code", "Array Navigation") -->
                  <span class="method-name">runScenario</span>
                  <span class="parameters">("Verify that user receives error for invalid python code","Array Navigation")</span>
                  <div class="stack-trace">io.cucumber.core.exception.CucumberException: Failed to instantiate class StepDefinitions.ArraySteps
	at io.cucumber.core.backend.DefaultObjectFactory.cacheNewInstance(DefaultObjectFactory.java:67)
	at io.cucumber.core.backend.DefaultObjectFactory.getInstance(DefaultObjectFactory.java:45)
	at io.cucumber.java.AbstractGlueDefinition.invokeMethod(AbstractGlueDefinition.java:47)
	at io.cucumber.java.JavaStepDefinition.execute(JavaStepDefinition.java:29)
	at io.cucumber.core.runner.CoreStepDefinition.execute(CoreStepDefinition.java:66)
	at io.cucumber.core.runner.PickleStepDefinitionMatch.runStep(PickleStepDefinitionMatch.java:62)
	at io.cucumber.core.runner.ExecutionMode$1.execute(ExecutionMode.java:10)
	at io.cucumber.core.runner.TestStep.executeStep(TestStep.java:81)
	at io.cucumber.core.runner.TestStep.run(TestStep.java:53)
	at io.cucumber.core.runner.PickleStepTestStep.run(PickleStepTestStep.java:51)
	at io.cucumber.core.runner.TestCase.run(TestCase.java:84)
	at io.cucumber.core.runner.Runner.runPickle(Runner.java:75)
	at io.cucumber.testng.TestNGCucumberRunner.lambda$runScenario$1(TestNGCucumberRunner.java:135)
	at io.cucumber.core.runtime.CucumberExecutionContext.lambda$runTestCase$5(CucumberExecutionContext.java:136)
	at io.cucumber.core.runtime.RethrowingThrowableCollector.executeAndThrow(RethrowingThrowableCollector.java:23)
	at io.cucumber.core.runtime.CucumberExecutionContext.runTestCase(CucumberExecutionContext.java:136)
	at io.cucumber.testng.TestNGCucumberRunner.runScenario(TestNGCucumberRunner.java:132)
	at io.cucumber.testng.AbstractTestNGCucumberTests.runScenario(AbstractTestNGCucumberTests.java:35)
	at java.base/java.util.ArrayList.forEach(ArrayList.java:1597)
	at io.cucumber.core.backend.DefaultObjectFactory.cacheNewInstance(DefaultObjectFactory.java:53)
	... 43 more
Caused by: java.lang.Error: Unresolved compilation problems: 
	The method PracticeQuestion1() is undefined for the type Arraypage
	codeMirrorDiv cannot be resolved to a variable
	codeMirrorDiv cannot be resolved to a variable
	outputDiv cannot be resolved
	Syntax error on token &quot;}&quot;, delete this token
	The method Invalidoutput() is undefined for the type Arraypage
	The method Validoutput() is undefined for the type Arraypage
	The method Invalidoutput() is undefined for the type Arraypage
	The method Validoutput() is undefined for the type Arraypage
	The method Invalidoutput() is undefined for the type Arraypage
	The method Validoutput() is undefined for the type Arraypage
	The method Invalidoutput() is undefined for the type Arraypage
	Syntax error on token &quot;}&quot;, delete this token

	at StepDefinitions.ArraySteps.&lt;init&gt;(ArraySteps.java:343)
	... 46 more
... Removed 30 stack frames
</div> <!-- stack-trace -->
                  <em>
(Runs Cucumber Scenarios)                  </em>
                </div> <!-- method-content -->
              </div> <!-- method -->
              <div class="method">
                <div class="method-content">
                  <a name="runScenario(&quot;Verify that user is able to navigate to Array data structure page&quot;, &quot;Array Navigation&quot;)">
                  </a> <!-- runScenario("Verify that user is able to navigate to Array data structure page", "Array Navigation") -->
                  <span class="method-name">runScenario</span>
                  <span class="parameters">("Verify that user is able to navigate to Array data structure page","Array Navigation")</span>
                  <div class="stack-trace">io.cucumber.core.exception.CucumberException: Failed to instantiate class StepDefinitions.ArraySteps
	at io.cucumber.core.backend.DefaultObjectFactory.cacheNewInstance(DefaultObjectFactory.java:67)
	at io.cucumber.core.backend.DefaultObjectFactory.getInstance(DefaultObjectFactory.java:45)
	at io.cucumber.java.AbstractGlueDefinition.invokeMethod(AbstractGlueDefinition.java:47)
	at io.cucumber.java.JavaStepDefinition.execute(JavaStepDefinition.java:29)
	at io.cucumber.core.runner.CoreStepDefinition.execute(CoreStepDefinition.java:66)
	at io.cucumber.core.runner.PickleStepDefinitionMatch.runStep(PickleStepDefinitionMatch.java:62)
	at io.cucumber.core.runner.ExecutionMode$1.execute(ExecutionMode.java:10)
	at io.cucumber.core.runner.TestStep.executeStep(TestStep.java:81)
	at io.cucumber.core.runner.TestStep.run(TestStep.java:53)
	at io.cucumber.core.runner.PickleStepTestStep.run(PickleStepTestStep.java:51)
	at io.cucumber.core.runner.TestCase.run(TestCase.java:84)
	at io.cucumber.core.runner.Runner.runPickle(Runner.java:75)
	at io.cucumber.testng.TestNGCucumberRunner.lambda$runScenario$1(TestNGCucumberRunner.java:135)
	at io.cucumber.core.runtime.CucumberExecutionContext.lambda$runTestCase$5(CucumberExecutionContext.java:136)
	at io.cucumber.core.runtime.RethrowingThrowableCollector.executeAndThrow(RethrowingThrowableCollector.java:23)
	at io.cucumber.core.runtime.CucumberExecutionContext.runTestCase(CucumberExecutionContext.java:136)
	at io.cucumber.testng.TestNGCucumberRunner.runScenario(TestNGCucumberRunner.java:132)
	at io.cucumber.testng.AbstractTestNGCucumberTests.runScenario(AbstractTestNGCucumberTests.java:35)
	at java.base/java.util.ArrayList.forEach(ArrayList.java:1597)
	at io.cucumber.core.backend.DefaultObjectFactory.cacheNewInstance(DefaultObjectFactory.java:53)
	... 43 more
Caused by: java.lang.Error: Unresolved compilation problems: 
	The method PracticeQuestion1() is undefined for the type Arraypage
	codeMirrorDiv cannot be resolved to a variable
	codeMirrorDiv cannot be resolved to a variable
	outputDiv cannot be resolved
	Syntax error on token &quot;}&quot;, delete this token
	The method Invalidoutput() is undefined for the type Arraypage
	The method Validoutput() is undefined for the type Arraypage
	The method Invalidoutput() is undefined for the type Arraypage
	The method Validoutput() is undefined for the type Arraypage
	The method Invalidoutput() is undefined for the type Arraypage
	The method Validoutput() is undefined for the type Arraypage
	The method Invalidoutput() is undefined for the type Arraypage
	Syntax error on token &quot;}&quot;, delete this token

	at StepDefinitions.ArraySteps.&lt;init&gt;(ArraySteps.java:343)
	... 46 more
... Removed 30 stack frames
</div> <!-- stack-trace -->
                  <em>
(Runs Cucumber Scenarios)                  </em>
                </div> <!-- method-content -->
              </div> <!-- method -->
              <div class="method">
                <div class="method-content">
                  <a name="runScenario(&quot;Verify that user is able to see output for valid python code&quot;, &quot;Array Navigation&quot;)">
                  </a> <!-- runScenario("Verify that user is able to see output for valid python code", "Array Navigation") -->
                  <span class="method-name">runScenario</span>
                  <span class="parameters">("Verify that user is able to see output for valid python code","Array Navigation")</span>
                  <div class="stack-trace">io.cucumber.core.exception.CucumberException: Failed to instantiate class StepDefinitions.ArraySteps
	at io.cucumber.core.backend.DefaultObjectFactory.cacheNewInstance(DefaultObjectFactory.java:67)
	at io.cucumber.core.backend.DefaultObjectFactory.getInstance(DefaultObjectFactory.java:45)
	at io.cucumber.java.AbstractGlueDefinition.invokeMethod(AbstractGlueDefinition.java:47)
	at io.cucumber.java.JavaStepDefinition.execute(JavaStepDefinition.java:29)
	at io.cucumber.core.runner.CoreStepDefinition.execute(CoreStepDefinition.java:66)
	at io.cucumber.core.runner.PickleStepDefinitionMatch.runStep(PickleStepDefinitionMatch.java:62)
	at io.cucumber.core.runner.ExecutionMode$1.execute(ExecutionMode.java:10)
	at io.cucumber.core.runner.TestStep.executeStep(TestStep.java:81)
	at io.cucumber.core.runner.TestStep.run(TestStep.java:53)
	at io.cucumber.core.runner.PickleStepTestStep.run(PickleStepTestStep.java:51)
	at io.cucumber.core.runner.TestCase.run(TestCase.java:84)
	at io.cucumber.core.runner.Runner.runPickle(Runner.java:75)
	at io.cucumber.testng.TestNGCucumberRunner.lambda$runScenario$1(TestNGCucumberRunner.java:135)
	at io.cucumber.core.runtime.CucumberExecutionContext.lambda$runTestCase$5(CucumberExecutionContext.java:136)
	at io.cucumber.core.runtime.RethrowingThrowableCollector.executeAndThrow(RethrowingThrowableCollector.java:23)
	at io.cucumber.core.runtime.CucumberExecutionContext.runTestCase(CucumberExecutionContext.java:136)
	at io.cucumber.testng.TestNGCucumberRunner.runScenario(TestNGCucumberRunner.java:132)
	at io.cucumber.testng.AbstractTestNGCucumberTests.runScenario(AbstractTestNGCucumberTests.java:35)
	at java.base/java.util.ArrayList.forEach(ArrayList.java:1597)
	at io.cucumber.core.backend.DefaultObjectFactory.cacheNewInstance(DefaultObjectFactory.java:53)
	... 43 more
Caused by: java.lang.Error: Unresolved compilation problems: 
	The method PracticeQuestion1() is undefined for the type Arraypage
	codeMirrorDiv cannot be resolved to a variable
	codeMirrorDiv cannot be resolved to a variable
	outputDiv cannot be resolved
	Syntax error on token &quot;}&quot;, delete this token
	The method Invalidoutput() is undefined for the type Arraypage
	The method Validoutput() is undefined for the type Arraypage
	The method Invalidoutput() is undefined for the type Arraypage
	The method Validoutput() is undefined for the type Arraypage
	The method Invalidoutput() is undefined for the type Arraypage
	The method Validoutput() is undefined for the type Arraypage
	The method Invalidoutput() is undefined for the type Arraypage
	Syntax error on token &quot;}&quot;, delete this token

	at StepDefinitions.ArraySteps.&lt;init&gt;(ArraySteps.java:343)
	... 46 more
... Removed 30 stack frames
</div> <!-- stack-trace -->
                  <em>
(Runs Cucumber Scenarios)                  </em>
                </div> <!-- method-content -->
              </div> <!-- method -->
              <div class="method">
                <div class="method-content">
                  <a name="runScenario(&quot;Verify that user is able to run valid python code for Max Consecutive Ones question&quot;, &quot;Array Naviga...)">
                  </a> <!-- runScenario("Verify that user is able to run valid python code for Max Consecutive Ones question", "Array Naviga...) -->
                  <span class="method-name">runScenario</span>
                  <span class="parameters">("Verify that user is able to run valid python code for Max Consecutive Ones question","Array Navigation")</span>
                  <div class="stack-trace">io.cucumber.core.exception.CucumberException: Failed to instantiate class StepDefinitions.ArraySteps
	at io.cucumber.core.backend.DefaultObjectFactory.cacheNewInstance(DefaultObjectFactory.java:67)
	at io.cucumber.core.backend.DefaultObjectFactory.getInstance(DefaultObjectFactory.java:45)
	at io.cucumber.java.AbstractGlueDefinition.invokeMethod(AbstractGlueDefinition.java:47)
	at io.cucumber.java.JavaStepDefinition.execute(JavaStepDefinition.java:29)
	at io.cucumber.core.runner.CoreStepDefinition.execute(CoreStepDefinition.java:66)
	at io.cucumber.core.runner.PickleStepDefinitionMatch.runStep(PickleStepDefinitionMatch.java:62)
	at io.cucumber.core.runner.ExecutionMode$1.execute(ExecutionMode.java:10)
	at io.cucumber.core.runner.TestStep.executeStep(TestStep.java:81)
	at io.cucumber.core.runner.TestStep.run(TestStep.java:53)
	at io.cucumber.core.runner.PickleStepTestStep.run(PickleStepTestStep.java:51)
	at io.cucumber.core.runner.TestCase.run(TestCase.java:84)
	at io.cucumber.core.runner.Runner.runPickle(Runner.java:75)
	at io.cucumber.testng.TestNGCucumberRunner.lambda$runScenario$1(TestNGCucumberRunner.java:135)
	at io.cucumber.core.runtime.CucumberExecutionContext.lambda$runTestCase$5(CucumberExecutionContext.java:136)
	at io.cucumber.core.runtime.RethrowingThrowableCollector.executeAndThrow(RethrowingThrowableCollector.java:23)
	at io.cucumber.core.runtime.CucumberExecutionContext.runTestCase(CucumberExecutionContext.java:136)
	at io.cucumber.testng.TestNGCucumberRunner.runScenario(TestNGCucumberRunner.java:132)
	at io.cucumber.testng.AbstractTestNGCucumberTests.runScenario(AbstractTestNGCucumberTests.java:35)
	at java.base/java.util.ArrayList.forEach(ArrayList.java:1597)
	at io.cucumber.core.backend.DefaultObjectFactory.cacheNewInstance(DefaultObjectFactory.java:53)
	... 43 more
Caused by: java.lang.Error: Unresolved compilation problems: 
	The method PracticeQuestion1() is undefined for the type Arraypage
	codeMirrorDiv cannot be resolved to a variable
	codeMirrorDiv cannot be resolved to a variable
	outputDiv cannot be resolved
	Syntax error on token &quot;}&quot;, delete this token
	The method Invalidoutput() is undefined for the type Arraypage
	The method Validoutput() is undefined for the type Arraypage
	The method Invalidoutput() is undefined for the type Arraypage
	The method Validoutput() is undefined for the type Arraypage
	The method Invalidoutput() is undefined for the type Arraypage
	The method Validoutput() is undefined for the type Arraypage
	The method Invalidoutput() is undefined for the type Arraypage
	Syntax error on token &quot;}&quot;, delete this token

	at StepDefinitions.ArraySteps.&lt;init&gt;(ArraySteps.java:343)
	... 46 more
... Removed 30 stack frames
</div> <!-- stack-trace -->
                  <em>
(Runs Cucumber Scenarios)                  </em>
                </div> <!-- method-content -->
              </div> <!-- method -->
              <div class="method">
                <div class="method-content">
                  <a name="runScenario(&quot;Verify that user is able to see output for valid python code for Basic Operations in Lists page&quot;, &quot;...)">
                  </a> <!-- runScenario("Verify that user is able to see output for valid python code for Basic Operations in Lists page", "...) -->
                  <span class="method-name">runScenario</span>
                  <span class="parameters">("Verify that user is able to see output for valid python code for Basic Operations in Lists page","Array Navigation")</span>
                  <div class="stack-trace">io.cucumber.core.exception.CucumberException: Failed to instantiate class StepDefinitions.ArraySteps
	at io.cucumber.core.backend.DefaultObjectFactory.cacheNewInstance(DefaultObjectFactory.java:67)
	at io.cucumber.core.backend.DefaultObjectFactory.getInstance(DefaultObjectFactory.java:45)
	at io.cucumber.java.AbstractGlueDefinition.invokeMethod(AbstractGlueDefinition.java:47)
	at io.cucumber.java.JavaStepDefinition.execute(JavaStepDefinition.java:29)
	at io.cucumber.core.runner.CoreStepDefinition.execute(CoreStepDefinition.java:66)
	at io.cucumber.core.runner.PickleStepDefinitionMatch.runStep(PickleStepDefinitionMatch.java:62)
	at io.cucumber.core.runner.ExecutionMode$1.execute(ExecutionMode.java:10)
	at io.cucumber.core.runner.TestStep.executeStep(TestStep.java:81)
	at io.cucumber.core.runner.TestStep.run(TestStep.java:53)
	at io.cucumber.core.runner.PickleStepTestStep.run(PickleStepTestStep.java:51)
	at io.cucumber.core.runner.TestCase.run(TestCase.java:84)
	at io.cucumber.core.runner.Runner.runPickle(Runner.java:75)
	at io.cucumber.testng.TestNGCucumberRunner.lambda$runScenario$1(TestNGCucumberRunner.java:135)
	at io.cucumber.core.runtime.CucumberExecutionContext.lambda$runTestCase$5(CucumberExecutionContext.java:136)
	at io.cucumber.core.runtime.RethrowingThrowableCollector.executeAndThrow(RethrowingThrowableCollector.java:23)
	at io.cucumber.core.runtime.CucumberExecutionContext.runTestCase(CucumberExecutionContext.java:136)
	at io.cucumber.testng.TestNGCucumberRunner.runScenario(TestNGCucumberRunner.java:132)
	at io.cucumber.testng.AbstractTestNGCucumberTests.runScenario(AbstractTestNGCucumberTests.java:35)
	at java.base/java.util.ArrayList.forEach(ArrayList.java:1597)
	at io.cucumber.core.backend.DefaultObjectFactory.cacheNewInstance(DefaultObjectFactory.java:53)
	... 43 more
Caused by: java.lang.Error: Unresolved compilation problems: 
	The method PracticeQuestion1() is undefined for the type Arraypage
	codeMirrorDiv cannot be resolved to a variable
	codeMirrorDiv cannot be resolved to a variable
	outputDiv cannot be resolved
	Syntax error on token &quot;}&quot;, delete this token
	The method Invalidoutput() is undefined for the type Arraypage
	The method Validoutput() is undefined for the type Arraypage
	The method Invalidoutput() is undefined for the type Arraypage
	The method Validoutput() is undefined for the type Arraypage
	The method Invalidoutput() is undefined for the type Arraypage
	The method Validoutput() is undefined for the type Arraypage
	The method Invalidoutput() is undefined for the type Arraypage
	Syntax error on token &quot;}&quot;, delete this token

	at StepDefinitions.ArraySteps.&lt;init&gt;(ArraySteps.java:343)
	... 46 more
... Removed 30 stack frames
</div> <!-- stack-trace -->
                  <em>
(Runs Cucumber Scenarios)                  </em>
                </div> <!-- method-content -->
              </div> <!-- method -->
              <div class="method">
                <div class="method-content">
                  <a name="runScenario(&quot;Verify that user receives error when click on Run button without entering code&quot;, &quot;Array Navigation&quot;)">
                  </a> <!-- runScenario("Verify that user receives error when click on Run button without entering code", "Array Navigation") -->
                  <span class="method-name">runScenario</span>
                  <span class="parameters">("Verify that user receives error when click on Run button without entering code","Array Navigation")</span>
                  <div class="stack-trace">io.cucumber.core.exception.CucumberException: Failed to instantiate class StepDefinitions.ArraySteps
	at io.cucumber.core.backend.DefaultObjectFactory.cacheNewInstance(DefaultObjectFactory.java:67)
	at io.cucumber.core.backend.DefaultObjectFactory.getInstance(DefaultObjectFactory.java:45)
	at io.cucumber.java.AbstractGlueDefinition.invokeMethod(AbstractGlueDefinition.java:47)
	at io.cucumber.java.JavaStepDefinition.execute(JavaStepDefinition.java:29)
	at io.cucumber.core.runner.CoreStepDefinition.execute(CoreStepDefinition.java:66)
	at io.cucumber.core.runner.PickleStepDefinitionMatch.runStep(PickleStepDefinitionMatch.java:62)
	at io.cucumber.core.runner.ExecutionMode$1.execute(ExecutionMode.java:10)
	at io.cucumber.core.runner.TestStep.executeStep(TestStep.java:81)
	at io.cucumber.core.runner.TestStep.run(TestStep.java:53)
	at io.cucumber.core.runner.PickleStepTestStep.run(PickleStepTestStep.java:51)
	at io.cucumber.core.runner.TestCase.run(TestCase.java:84)
	at io.cucumber.core.runner.Runner.runPickle(Runner.java:75)
	at io.cucumber.testng.TestNGCucumberRunner.lambda$runScenario$1(TestNGCucumberRunner.java:135)
	at io.cucumber.core.runtime.CucumberExecutionContext.lambda$runTestCase$5(CucumberExecutionContext.java:136)
	at io.cucumber.core.runtime.RethrowingThrowableCollector.executeAndThrow(RethrowingThrowableCollector.java:23)
	at io.cucumber.core.runtime.CucumberExecutionContext.runTestCase(CucumberExecutionContext.java:136)
	at io.cucumber.testng.TestNGCucumberRunner.runScenario(TestNGCucumberRunner.java:132)
	at io.cucumber.testng.AbstractTestNGCucumberTests.runScenario(AbstractTestNGCucumberTests.java:35)
	at java.base/java.util.ArrayList.forEach(ArrayList.java:1597)
	at io.cucumber.core.backend.DefaultObjectFactory.cacheNewInstance(DefaultObjectFactory.java:53)
	... 43 more
Caused by: java.lang.Error: Unresolved compilation problems: 
	The method PracticeQuestion1() is undefined for the type Arraypage
	codeMirrorDiv cannot be resolved to a variable
	codeMirrorDiv cannot be resolved to a variable
	outputDiv cannot be resolved
	Syntax error on token &quot;}&quot;, delete this token
	The method Invalidoutput() is undefined for the type Arraypage
	The method Validoutput() is undefined for the type Arraypage
	The method Invalidoutput() is undefined for the type Arraypage
	The method Validoutput() is undefined for the type Arraypage
	The method Invalidoutput() is undefined for the type Arraypage
	The method Validoutput() is undefined for the type Arraypage
	The method Invalidoutput() is undefined for the type Arraypage
	Syntax error on token &quot;}&quot;, delete this token

	at StepDefinitions.ArraySteps.&lt;init&gt;(ArraySteps.java:343)
	... 46 more
... Removed 30 stack frames
</div> <!-- stack-trace -->
                  <em>
(Runs Cucumber Scenarios)                  </em>
                </div> <!-- method-content -->
              </div> <!-- method -->
              <div class="method">
                <div class="method-content">
                  <a name="runScenario(&quot;Verify that user receives error when click on Run button without entering code&quot;, &quot;Array Navigation&quot;)">
                  </a> <!-- runScenario("Verify that user receives error when click on Run button without entering code", "Array Navigation") -->
                  <span class="method-name">runScenario</span>
                  <span class="parameters">("Verify that user receives error when click on Run button without entering code","Array Navigation")</span>
                  <div class="stack-trace">io.cucumber.core.exception.CucumberException: Failed to instantiate class StepDefinitions.ArraySteps
	at io.cucumber.core.backend.DefaultObjectFactory.cacheNewInstance(DefaultObjectFactory.java:67)
	at io.cucumber.core.backend.DefaultObjectFactory.getInstance(DefaultObjectFactory.java:45)
	at io.cucumber.java.AbstractGlueDefinition.invokeMethod(AbstractGlueDefinition.java:47)
	at io.cucumber.java.JavaStepDefinition.execute(JavaStepDefinition.java:29)
	at io.cucumber.core.runner.CoreStepDefinition.execute(CoreStepDefinition.java:66)
	at io.cucumber.core.runner.PickleStepDefinitionMatch.runStep(PickleStepDefinitionMatch.java:62)
	at io.cucumber.core.runner.ExecutionMode$1.execute(ExecutionMode.java:10)
	at io.cucumber.core.runner.TestStep.executeStep(TestStep.java:81)
	at io.cucumber.core.runner.TestStep.run(TestStep.java:53)
	at io.cucumber.core.runner.PickleStepTestStep.run(PickleStepTestStep.java:51)
	at io.cucumber.core.runner.TestCase.run(TestCase.java:84)
	at io.cucumber.core.runner.Runner.runPickle(Runner.java:75)
	at io.cucumber.testng.TestNGCucumberRunner.lambda$runScenario$1(TestNGCucumberRunner.java:135)
	at io.cucumber.core.runtime.CucumberExecutionContext.lambda$runTestCase$5(CucumberExecutionContext.java:136)
	at io.cucumber.core.runtime.RethrowingThrowableCollector.executeAndThrow(RethrowingThrowableCollector.java:23)
	at io.cucumber.core.runtime.CucumberExecutionContext.runTestCase(CucumberExecutionContext.java:136)
	at io.cucumber.testng.TestNGCucumberRunner.runScenario(TestNGCucumberRunner.java:132)
	at io.cucumber.testng.AbstractTestNGCucumberTests.runScenario(AbstractTestNGCucumberTests.java:35)
	at java.base/java.util.ArrayList.forEach(ArrayList.java:1597)
	at io.cucumber.core.backend.DefaultObjectFactory.cacheNewInstance(DefaultObjectFactory.java:53)
	... 43 more
Caused by: java.lang.Error: Unresolved compilation problems: 
	The method PracticeQuestion1() is undefined for the type Arraypage
	codeMirrorDiv cannot be resolved to a variable
	codeMirrorDiv cannot be resolved to a variable
	outputDiv cannot be resolved
	Syntax error on token &quot;}&quot;, delete this token
	The method Invalidoutput() is undefined for the type Arraypage
	The method Validoutput() is undefined for the type Arraypage
	The method Invalidoutput() is undefined for the type Arraypage
	The method Validoutput() is undefined for the type Arraypage
	The method Invalidoutput() is undefined for the type Arraypage
	The method Validoutput() is undefined for the type Arraypage
	The method Invalidoutput() is undefined for the type Arraypage
	Syntax error on token &quot;}&quot;, delete this token

	at StepDefinitions.ArraySteps.&lt;init&gt;(ArraySteps.java:343)
	... 46 more
... Removed 30 stack frames
</div> <!-- stack-trace -->
                  <em>
(Runs Cucumber Scenarios)                  </em>
                </div> <!-- method-content -->
              </div> <!-- method -->
              <div class="method">
                <div class="method-content">
                  <a name="runScenario(&quot;Verify that user receives error for invalid python code on running Max Consecutive Ones question&quot;, ...)">
                  </a> <!-- runScenario("Verify that user receives error for invalid python code on running Max Consecutive Ones question", ...) -->
                  <span class="method-name">runScenario</span>
                  <span class="parameters">("Verify that user receives error for invalid python code on running Max Consecutive Ones question","Array Navigation")</span>
                  <div class="stack-trace">io.cucumber.core.exception.CucumberException: Failed to instantiate class StepDefinitions.ArraySteps
	at io.cucumber.core.backend.DefaultObjectFactory.cacheNewInstance(DefaultObjectFactory.java:67)
	at io.cucumber.core.backend.DefaultObjectFactory.getInstance(DefaultObjectFactory.java:45)
	at io.cucumber.java.AbstractGlueDefinition.invokeMethod(AbstractGlueDefinition.java:47)
	at io.cucumber.java.JavaStepDefinition.execute(JavaStepDefinition.java:29)
	at io.cucumber.core.runner.CoreStepDefinition.execute(CoreStepDefinition.java:66)
	at io.cucumber.core.runner.PickleStepDefinitionMatch.runStep(PickleStepDefinitionMatch.java:62)
	at io.cucumber.core.runner.ExecutionMode$1.execute(ExecutionMode.java:10)
	at io.cucumber.core.runner.TestStep.executeStep(TestStep.java:81)
	at io.cucumber.core.runner.TestStep.run(TestStep.java:53)
	at io.cucumber.core.runner.PickleStepTestStep.run(PickleStepTestStep.java:51)
	at io.cucumber.core.runner.TestCase.run(TestCase.java:84)
	at io.cucumber.core.runner.Runner.runPickle(Runner.java:75)
	at io.cucumber.testng.TestNGCucumberRunner.lambda$runScenario$1(TestNGCucumberRunner.java:135)
	at io.cucumber.core.runtime.CucumberExecutionContext.lambda$runTestCase$5(CucumberExecutionContext.java:136)
	at io.cucumber.core.runtime.RethrowingThrowableCollector.executeAndThrow(RethrowingThrowableCollector.java:23)
	at io.cucumber.core.runtime.CucumberExecutionContext.runTestCase(CucumberExecutionContext.java:136)
	at io.cucumber.testng.TestNGCucumberRunner.runScenario(TestNGCucumberRunner.java:132)
	at io.cucumber.testng.AbstractTestNGCucumberTests.runScenario(AbstractTestNGCucumberTests.java:35)
	at java.base/java.util.ArrayList.forEach(ArrayList.java:1597)
	at io.cucumber.core.backend.DefaultObjectFactory.cacheNewInstance(DefaultObjectFactory.java:53)
	... 43 more
Caused by: java.lang.Error: Unresolved compilation problems: 
	The method PracticeQuestion1() is undefined for the type Arraypage
	codeMirrorDiv cannot be resolved to a variable
	codeMirrorDiv cannot be resolved to a variable
	outputDiv cannot be resolved
	Syntax error on token &quot;}&quot;, delete this token
	The method Invalidoutput() is undefined for the type Arraypage
	The method Validoutput() is undefined for the type Arraypage
	The method Invalidoutput() is undefined for the type Arraypage
	The method Validoutput() is undefined for the type Arraypage
	The method Invalidoutput() is undefined for the type Arraypage
	The method Validoutput() is undefined for the type Arraypage
	The method Invalidoutput() is undefined for the type Arraypage
	Syntax error on token &quot;}&quot;, delete this token

	at StepDefinitions.ArraySteps.&lt;init&gt;(ArraySteps.java:343)
	... 46 more
... Removed 30 stack frames
</div> <!-- stack-trace -->
                  <em>
(Runs Cucumber Scenarios)                  </em>
                </div> <!-- method-content -->
              </div> <!-- method -->
            </div> <!-- main-panel-content rounded-window-bottom -->
          </div> <!-- suite-Suite-class-failed -->
          <div class="suite-Suite-class-passed">
            <div class="main-panel-header rounded-window-top">
              <img src="passed.png"/>
              <span class="class-name">Runner.TestRunner</span>
            </div> <!-- main-panel-header rounded-window-top -->
            <div class="main-panel-content rounded-window-bottom">
              <div class="method">
                <div class="method-content">
                  <a name="runScenario(&quot;Verify that user receives error when click on Run button without entering code&quot;, &quot;Linked List Navig...)">
                  </a> <!-- runScenario("Verify that user receives error when click on Run button without entering code", "Linked List Navig...) -->
                  <span class="method-name">runScenario</span>
                  <span class="parameters">("Verify that user receives error when click on Run button without entering code","Linked List Navigation")</span>
                  <em>
(Runs Cucumber Scenarios)                  </em>
                </div> <!-- method-content -->
              </div> <!-- method -->
              <div class="method">
                <div class="method-content">
                  <a name="runScenario(&quot;Verify that user is able to see output for valid python code&quot;, &quot;Linked List Navigation&quot;)">
                  </a> <!-- runScenario("Verify that user is able to see output for valid python code", "Linked List Navigation") -->
                  <span class="method-name">runScenario</span>
                  <span class="parameters">("Verify that user is able to see output for valid python code","Linked List Navigation")</span>
                  <em>
(Runs Cucumber Scenarios)                  </em>
                </div> <!-- method-content -->
              </div> <!-- method -->
              <div class="method">
                <div class="method-content">
                  <a name="runScenario(&quot;Verify that user receives error when click on Run button without entering code&quot;, &quot;Linked List Navig...)">
                  </a> <!-- runScenario("Verify that user receives error when click on Run button without entering code", "Linked List Navig...) -->
                  <span class="method-name">runScenario</span>
                  <span class="parameters">("Verify that user receives error when click on Run button without entering code","Linked List Navigation")</span>
                  <em>
(Runs Cucumber Scenarios)                  </em>
                </div> <!-- method-content -->
              </div> <!-- method -->
              <div class="method">
                <div class="method-content">
                  <a name="runScenario(&quot;Verify that user receives error when click on Run button without entering code&quot;, &quot;Linked List Navig...)">
                  </a> <!-- runScenario("Verify that user receives error when click on Run button without entering code", "Linked List Navig...) -->
                  <span class="method-name">runScenario</span>
                  <span class="parameters">("Verify that user receives error when click on Run button without entering code","Linked List Navigation")</span>
                  <em>
(Runs Cucumber Scenarios)                  </em>
                </div> <!-- method-content -->
              </div> <!-- method -->
              <div class="method">
                <div class="method-content">
                  <a name="runScenario(&quot;Verify that user receives error for invalid python code&quot;, &quot;Linked List Navigation&quot;)">
                  </a> <!-- runScenario("Verify that user receives error for invalid python code", "Linked List Navigation") -->
                  <span class="method-name">runScenario</span>
                  <span class="parameters">("Verify that user receives error for invalid python code","Linked List Navigation")</span>
                  <em>
(Runs Cucumber Scenarios)                  </em>
                </div> <!-- method-content -->
              </div> <!-- method -->
              <div class="method">
                <div class="method-content">
                  <a name="runScenario(&quot;Verify that user is able to navigate to try Editor page for Implement Linked List in Python page&quot;, ...)">
                  </a> <!-- runScenario("Verify that user is able to navigate to try Editor page for Implement Linked List in Python page", ...) -->
                  <span class="method-name">runScenario</span>
                  <span class="parameters">("Verify that user is able to navigate to try Editor page for Implement Linked List in Python page","Linked List Navigation")</span>
                  <em>
(Runs Cucumber Scenarios)                  </em>
                </div> <!-- method-content -->
              </div> <!-- method -->
              <div class="method">
                <div class="method-content">
                  <a name="runScenario(&quot;Verify that user is able to see output for valid python code&quot;, &quot;Linked List Navigation&quot;)">
                  </a> <!-- runScenario("Verify that user is able to see output for valid python code", "Linked List Navigation") -->
                  <span class="method-name">runScenario</span>
                  <span class="parameters">("Verify that user is able to see output for valid python code","Linked List Navigation")</span>
                  <em>
(Runs Cucumber Scenarios)                  </em>
                </div> <!-- method-content -->
              </div> <!-- method -->
              <div class="method">
                <div class="method-content">
                  <a name="runScenario(&quot;Verify that user receives error for invalid python code&quot;, &quot;Linked List Navigation&quot;)">
                  </a> <!-- runScenario("Verify that user receives error for invalid python code", "Linked List Navigation") -->
                  <span class="method-name">runScenario</span>
                  <span class="parameters">("Verify that user receives error for invalid python code","Linked List Navigation")</span>
                  <em>
(Runs Cucumber Scenarios)                  </em>
                </div> <!-- method-content -->
              </div> <!-- method -->
              <div class="method">
                <div class="method-content">
                  <a name="runScenario(&quot;Verify the user is able to Sign in to DSAlgo Portal&quot;, &quot;Linked List Navigation&quot;)">
                  </a> <!-- runScenario("Verify the user is able to Sign in to DSAlgo Portal", "Linked List Navigation") -->
                  <span class="method-name">runScenario</span>
                  <span class="parameters">("Verify the user is able to Sign in to DSAlgo Portal","Linked List Navigation")</span>
                  <em>
(Runs Cucumber Scenarios)                  </em>
                </div> <!-- method-content -->
              </div> <!-- method -->
              <div class="method">
                <div class="method-content">
                  <a name="runScenario(&quot;Verify that user receives error when click on Run button without entering code&quot;, &quot;Linked List Navig...)">
                  </a> <!-- runScenario("Verify that user receives error when click on Run button without entering code", "Linked List Navig...) -->
                  <span class="method-name">runScenario</span>
                  <span class="parameters">("Verify that user receives error when click on Run button without entering code","Linked List Navigation")</span>
                  <em>
(Runs Cucumber Scenarios)                  </em>
                </div> <!-- method-content -->
              </div> <!-- method -->
              <div class="method">
                <div class="method-content">
                  <a name="runScenario(&quot;Verify that user is able to see output for  valid python code&quot;, &quot;Linked List Navigation&quot;)">
                  </a> <!-- runScenario("Verify that user is able to see output for  valid python code", "Linked List Navigation") -->
                  <span class="method-name">runScenario</span>
                  <span class="parameters">("Verify that user is able to see output for  valid python code","Linked List Navigation")</span>
                  <em>
(Runs Cucumber Scenarios)                  </em>
                </div> <!-- method-content -->
              </div> <!-- method -->
              <div class="method">
                <div class="method-content">
                  <a name="runScenario(&quot;Verify that user receives error for invalid python code&quot;, &quot;Linked List Navigation&quot;)">
                  </a> <!-- runScenario("Verify that user receives error for invalid python code", "Linked List Navigation") -->
                  <span class="method-name">runScenario</span>
                  <span class="parameters">("Verify that user receives error for invalid python code","Linked List Navigation")</span>
                  <em>
(Runs Cucumber Scenarios)                  </em>
                </div> <!-- method-content -->
              </div> <!-- method -->
              <div class="method">
                <div class="method-content">
                  <a name="runScenario(&quot;Verify the user is able to go to LinkedList page&quot;, &quot;Linked List Navigation&quot;)">
                  </a> <!-- runScenario("Verify the user is able to go to LinkedList page", "Linked List Navigation") -->
                  <span class="method-name">runScenario</span>
                  <span class="parameters">("Verify the user is able to go to LinkedList page","Linked List Navigation")</span>
                  <em>
(Runs Cucumber Scenarios)                  </em>
                </div> <!-- method-content -->
              </div> <!-- method -->
              <div class="method">
                <div class="method-content">
                  <a name="runScenario(&quot;Verify that user is able to navigate to Creating Linked List page&quot;, &quot;Linked List Navigation&quot;)">
                  </a> <!-- runScenario("Verify that user is able to navigate to Creating Linked List page", "Linked List Navigation") -->
                  <span class="method-name">runScenario</span>
                  <span class="parameters">("Verify that user is able to navigate to Creating Linked List page","Linked List Navigation")</span>
                  <em>
(Runs Cucumber Scenarios)                  </em>
                </div> <!-- method-content -->
              </div> <!-- method -->
              <div class="method">
                <div class="method-content">
                  <a name="runScenario(&quot;Verify that user is able to navigate to Traversal Page for Linked List page&quot;, &quot;Linked List Navigati...)">
                  </a> <!-- runScenario("Verify that user is able to navigate to Traversal Page for Linked List page", "Linked List Navigati...) -->
                  <span class="method-name">runScenario</span>
                  <span class="parameters">("Verify that user is able to navigate to Traversal Page for Linked List page","Linked List Navigation")</span>
                  <em>
(Runs Cucumber Scenarios)                  </em>
                </div> <!-- method-content -->
              </div> <!-- method -->
              <div class="method">
                <div class="method-content">
                  <a name="runScenario(&quot;Verify that user receives error for  when click on Run button without entering code&quot;, &quot;Linked List ...)">
                  </a> <!-- runScenario("Verify that user receives error for  when click on Run button without entering code", "Linked List ...) -->
                  <span class="method-name">runScenario</span>
                  <span class="parameters">("Verify that user receives error for  when click on Run button without entering code","Linked List Navigation")</span>
                  <em>
(Runs Cucumber Scenarios)                  </em>
                </div> <!-- method-content -->
              </div> <!-- method -->
              <div class="method">
                <div class="method-content">
                  <a name="runScenario(&quot;Verify that user receives error for invalid python code&quot;, &quot;Linked List Navigation&quot;)">
                  </a> <!-- runScenario("Verify that user receives error for invalid python code", "Linked List Navigation") -->
                  <span class="method-name">runScenario</span>
                  <span class="parameters">("Verify that user receives error for invalid python code","Linked List Navigation")</span>
                  <em>
(Runs Cucumber Scenarios)                  </em>
                </div> <!-- method-content -->
              </div> <!-- method -->
              <div class="method">
                <div class="method-content">
                  <a name="runScenario(&quot;Verify that user receives error when click on Run button without entering code&quot;, &quot;Linked List Navig...)">
                  </a> <!-- runScenario("Verify that user receives error when click on Run button without entering code", "Linked List Navig...) -->
                  <span class="method-name">runScenario</span>
                  <span class="parameters">("Verify that user receives error when click on Run button without entering code","Linked List Navigation")</span>
                  <em>
(Runs Cucumber Scenarios)                  </em>
                </div> <!-- method-content -->
              </div> <!-- method -->
              <div class="method">
                <div class="method-content">
                  <a name="runScenario(&quot;Verify that user is able to see output for valid python code&quot;, &quot;Linked List Navigation&quot;)">
                  </a> <!-- runScenario("Verify that user is able to see output for valid python code", "Linked List Navigation") -->
                  <span class="method-name">runScenario</span>
                  <span class="parameters">("Verify that user is able to see output for valid python code","Linked List Navigation")</span>
                  <em>
(Runs Cucumber Scenarios)                  </em>
                </div> <!-- method-content -->
              </div> <!-- method -->
              <div class="method">
                <div class="method-content">
                  <a name="runScenario(&quot;Verify that user receives error for invalid python code&quot;, &quot;Linked List Navigation&quot;)">
                  </a> <!-- runScenario("Verify that user receives error for invalid python code", "Linked List Navigation") -->
                  <span class="method-name">runScenario</span>
                  <span class="parameters">("Verify that user receives error for invalid python code","Linked List Navigation")</span>
                  <em>
(Runs Cucumber Scenarios)                  </em>
                </div> <!-- method-content -->
              </div> <!-- method -->
              <div class="method">
                <div class="method-content">
                  <a name="runScenario(&quot;Verify that user is able to navigate to Types of Linked List page&quot;, &quot;Linked List Navigation&quot;)">
                  </a> <!-- runScenario("Verify that user is able to navigate to Types of Linked List page", "Linked List Navigation") -->
                  <span class="method-name">runScenario</span>
                  <span class="parameters">("Verify that user is able to navigate to Types of Linked List page","Linked List Navigation")</span>
                  <em>
(Runs Cucumber Scenarios)                  </em>
                </div> <!-- method-content -->
              </div> <!-- method -->
              <div class="method">
                <div class="method-content">
                  <a name="runScenario(&quot;Verify that user is able to navigate to Practice Questions  page from Linked List page&quot;, &quot;Linked Li...)">
                  </a> <!-- runScenario("Verify that user is able to navigate to Practice Questions  page from Linked List page", "Linked Li...) -->
                  <span class="method-name">runScenario</span>
                  <span class="parameters">("Verify that user is able to navigate to Practice Questions  page from Linked List page","Linked List Navigation")</span>
                  <em>
(Runs Cucumber Scenarios)                  </em>
                </div> <!-- method-content -->
              </div> <!-- method -->
              <div class="method">
                <div class="method-content">
                  <a name="runScenario(&quot;Verify that user receives error when click on Run button without entering code&quot;, &quot;Linked List Navig...)">
                  </a> <!-- runScenario("Verify that user receives error when click on Run button without entering code", "Linked List Navig...) -->
                  <span class="method-name">runScenario</span>
                  <span class="parameters">("Verify that user receives error when click on Run button without entering code","Linked List Navigation")</span>
                  <em>
(Runs Cucumber Scenarios)                  </em>
                </div> <!-- method-content -->
              </div> <!-- method -->
              <div class="method">
                <div class="method-content">
                  <a name="runScenario(&quot;Verify that user is able to see output for valid python code&quot;, &quot;Linked List Navigation&quot;)">
                  </a> <!-- runScenario("Verify that user is able to see output for valid python code", "Linked List Navigation") -->
                  <span class="method-name">runScenario</span>
                  <span class="parameters">("Verify that user is able to see output for valid python code","Linked List Navigation")</span>
                  <em>
(Runs Cucumber Scenarios)                  </em>
                </div> <!-- method-content -->
              </div> <!-- method -->
              <div class="method">
                <div class="method-content">
                  <a name="runScenario(&quot;Verify that user is able to navigate to Implement Linked List in Python page&quot;, &quot;Linked List Navigat...)">
                  </a> <!-- runScenario("Verify that user is able to navigate to Implement Linked List in Python page", "Linked List Navigat...) -->
                  <span class="method-name">runScenario</span>
                  <span class="parameters">("Verify that user is able to navigate to Implement Linked List in Python page","Linked List Navigation")</span>
                  <em>
(Runs Cucumber Scenarios)                  </em>
                </div> <!-- method-content -->
              </div> <!-- method -->
              <div class="method">
                <div class="method-content">
                  <a name="runScenario(&quot;Verify that user is able to navigate to Insertion page from Linked List page&quot;, &quot;Linked List Navigat...)">
                  </a> <!-- runScenario("Verify that user is able to navigate to Insertion page from Linked List page", "Linked List Navigat...) -->
                  <span class="method-name">runScenario</span>
                  <span class="parameters">("Verify that user is able to navigate to Insertion page from Linked List page","Linked List Navigation")</span>
                  <em>
(Runs Cucumber Scenarios)                  </em>
                </div> <!-- method-content -->
              </div> <!-- method -->
              <div class="method">
                <div class="method-content">
                  <a name="runScenario(&quot;Verify that user is able to navigate to Deletion Page from  Linked List page&quot;, &quot;Linked List Navigat...)">
                  </a> <!-- runScenario("Verify that user is able to navigate to Deletion Page from  Linked List page", "Linked List Navigat...) -->
                  <span class="method-name">runScenario</span>
                  <span class="parameters">("Verify that user is able to navigate to Deletion Page from  Linked List page","Linked List Navigation")</span>
                  <em>
(Runs Cucumber Scenarios)                  </em>
                </div> <!-- method-content -->
              </div> <!-- method -->
              <div class="method">
                <div class="method-content">
                  <a name="runScenario(&quot;Verify that user is able to navigate to Home page&quot;, &quot;Array Navigation&quot;)">
                  </a> <!-- runScenario("Verify that user is able to navigate to Home page", "Array Navigation") -->
                  <span class="method-name">runScenario</span>
                  <span class="parameters">("Verify that user is able to navigate to Home page","Array Navigation")</span>
                  <em>
(Runs Cucumber Scenarios)                  </em>
                </div> <!-- method-content -->
              </div> <!-- method -->
              <div class="method">
                <div class="method-content">
                  <a name="runScenario(&quot;Verify that user receives error for invalid python code&quot;, &quot;Linked List Navigation&quot;)">
                  </a> <!-- runScenario("Verify that user receives error for invalid python code", "Linked List Navigation") -->
                  <span class="method-name">runScenario</span>
                  <span class="parameters">("Verify that user receives error for invalid python code","Linked List Navigation")</span>
                  <em>
(Runs Cucumber Scenarios)                  </em>
                </div> <!-- method-content -->
              </div> <!-- method -->
              <div class="method">
                <div class="method-content">
                  <a name="runScenario(&quot;Verify that user is able to navigate to Introduction page&quot;, &quot;Linked List Navigation&quot;)">
                  </a> <!-- runScenario("Verify that user is able to navigate to Introduction page", "Linked List Navigation") -->
                  <span class="method-name">runScenario</span>
                  <span class="parameters">("Verify that user is able to navigate to Introduction page","Linked List Navigation")</span>
                  <em>
(Runs Cucumber Scenarios)                  </em>
                </div> <!-- method-content -->
              </div> <!-- method -->
              <div class="method">
                <div class="method-content">
                  <a name="runScenario(&quot;Verify that user receives error for invalid python code&quot;, &quot;Linked List Navigation&quot;)">
                  </a> <!-- runScenario("Verify that user receives error for invalid python code", "Linked List Navigation") -->
                  <span class="method-name">runScenario</span>
                  <span class="parameters">("Verify that user receives error for invalid python code","Linked List Navigation")</span>
                  <em>
(Runs Cucumber Scenarios)                  </em>
                </div> <!-- method-content -->
              </div> <!-- method -->
              <div class="method">
                <div class="method-content">
                  <a name="runScenario(&quot;Verify that user is able to navigate to try Editor page from  Insertion page&quot;, &quot;Linked List Navigat...)">
                  </a> <!-- runScenario("Verify that user is able to navigate to try Editor page from  Insertion page", "Linked List Navigat...) -->
                  <span class="method-name">runScenario</span>
                  <span class="parameters">("Verify that user is able to navigate to try Editor page from  Insertion page","Linked List Navigation")</span>
                  <em>
(Runs Cucumber Scenarios)                  </em>
                </div> <!-- method-content -->
              </div> <!-- method -->
              <div class="method">
                <div class="method-content">
                  <a name="runScenario(&quot;Verify that user is able to navigate to try Editor  page for Traversal page&quot;, &quot;Linked List Navigati...)">
                  </a> <!-- runScenario("Verify that user is able to navigate to try Editor  page for Traversal page", "Linked List Navigati...) -->
                  <span class="method-name">runScenario</span>
                  <span class="parameters">("Verify that user is able to navigate to try Editor  page for Traversal page","Linked List Navigation")</span>
                  <em>
(Runs Cucumber Scenarios)                  </em>
                </div> <!-- method-content -->
              </div> <!-- method -->
              <div class="method">
                <div class="method-content">
                  <a name="runScenario(&quot;Verify that user is able to see output for valid python code&quot;, &quot;Linked List Navigation&quot;)">
                  </a> <!-- runScenario("Verify that user is able to see output for valid python code", "Linked List Navigation") -->
                  <span class="method-name">runScenario</span>
                  <span class="parameters">("Verify that user is able to see output for valid python code","Linked List Navigation")</span>
                  <em>
(Runs Cucumber Scenarios)                  </em>
                </div> <!-- method-content -->
              </div> <!-- method -->
              <div class="method">
                <div class="method-content">
                  <a name="runScenario(&quot;Verify that user is able to see output for valid python code&quot;, &quot;Linked List Navigation&quot;)">
                  </a> <!-- runScenario("Verify that user is able to see output for valid python code", "Linked List Navigation") -->
                  <span class="method-name">runScenario</span>
                  <span class="parameters">("Verify that user is able to see output for valid python code","Linked List Navigation")</span>
                  <em>
(Runs Cucumber Scenarios)                  </em>
                </div> <!-- method-content -->
              </div> <!-- method -->
              <div class="method">
                <div class="method-content">
                  <a name="runScenario(&quot;Verify that user is able to navigate to try Editor page for Deletion page&quot;, &quot;Linked List Navigation...)">
                  </a> <!-- runScenario("Verify that user is able to navigate to try Editor page for Deletion page", "Linked List Navigation...) -->
                  <span class="method-name">runScenario</span>
                  <span class="parameters">("Verify that user is able to navigate to try Editor page for Deletion page","Linked List Navigation")</span>
                  <em>
(Runs Cucumber Scenarios)                  </em>
                </div> <!-- method-content -->
              </div> <!-- method -->
            </div> <!-- main-panel-content rounded-window-bottom -->
          </div> <!-- suite-Suite-class-passed -->
        </div> <!-- panel Suite -->
        <div panel-name="test-xml-Suite" class="panel">
          <div class="main-panel-header rounded-window-top">
            <span class="header-content">C:\Numpy Ninja Projects\Sindhu_Thaniga\Innovation-Inspectors\testng.xml</span>
          </div> <!-- main-panel-header rounded-window-top -->
          <div class="main-panel-content rounded-window-bottom">
            <pre>
&lt;?xml version=&quot;1.0&quot; encoding=&quot;UTF-8&quot;?&gt;
&lt;!DOCTYPE suite SYSTEM &quot;https://testng.org/testng-1.0.dtd&quot;&gt;
&lt;suite name=&quot;Suite&quot; guice-stage=&quot;DEVELOPMENT&quot;&gt;
  &lt;test thread-count=&quot;5&quot; name=&quot;Test&quot;&gt;
    &lt;classes&gt;
      &lt;class name=&quot;Runner.TestRunner&quot;/&gt;
    &lt;/classes&gt;
  &lt;/test&gt; &lt;!-- Test --&gt;
&lt;/suite&gt; &lt;!-- Suite --&gt;
            </pre>
          </div> <!-- main-panel-content rounded-window-bottom -->
        </div> <!-- panel -->
        <div panel-name="testlist-Suite" class="panel">
          <div class="main-panel-header rounded-window-top">
            <span class="header-content">Tests for Suite</span>
          </div> <!-- main-panel-header rounded-window-top -->
          <div class="main-panel-content rounded-window-bottom">
            <ul>
              <li>
                <span class="test-name">Test (1 class)</span>
              </li>
            </ul>
          </div> <!-- main-panel-content rounded-window-bottom -->
        </div> <!-- panel -->
        <div panel-name="group-Suite" class="panel">
          <div class="main-panel-header rounded-window-top">
            <span class="header-content">Groups for Suite</span>
          </div> <!-- main-panel-header rounded-window-top -->
          <div class="main-panel-content rounded-window-bottom">
            <div class="test-group">
              <span class="test-group-name">cucumber</span>
              <br/>
              <div class="method-in-group">
                <span class="method-in-group-name">runScenario</span>
                <br/>
              </div> <!-- method-in-group -->
            </div> <!-- test-group -->
          </div> <!-- main-panel-content rounded-window-bottom -->
        </div> <!-- panel -->
        <div panel-name="times-Suite" class="panel">
          <div class="main-panel-header rounded-window-top">
            <span class="header-content">Times for Suite</span>
          </div> <!-- main-panel-header rounded-window-top -->
          <div class="main-panel-content rounded-window-bottom">
            <div class="times-div">
              <script type="text/javascript">
suiteTableInitFunctions.push('tableData_Suite');
function tableData_Suite() {
var data = new google.visualization.DataTable();
data.addColumn('number', 'Number');
data.addColumn('string', 'Method');
data.addColumn('string', 'Class');
data.addColumn('number', 'Time (ms)');
data.addRows(67);
data.setCell(0, 0, 0)
data.setCell(0, 1, 'runScenario')
data.setCell(0, 2, 'Runner.TestRunner')
data.setCell(0, 3, 15500);
data.setCell(1, 0, 1)
data.setCell(1, 1, 'runScenario')
data.setCell(1, 2, 'Runner.TestRunner')
data.setCell(1, 3, 5691);
data.setCell(2, 0, 2)
data.setCell(2, 1, 'runScenario')
data.setCell(2, 2, 'Runner.TestRunner')
data.setCell(2, 3, 5532);
data.setCell(3, 0, 3)
data.setCell(3, 1, 'runScenario')
data.setCell(3, 2, 'Runner.TestRunner')
data.setCell(3, 3, 5421);
data.setCell(4, 0, 4)
data.setCell(4, 1, 'runScenario')
data.setCell(4, 2, 'Runner.TestRunner')
data.setCell(4, 3, 5299);
data.setCell(5, 0, 5)
data.setCell(5, 1, 'runScenario')
data.setCell(5, 2, 'Runner.TestRunner')
data.setCell(5, 3, 3553);
data.setCell(6, 0, 6)
data.setCell(6, 1, 'runScenario')
data.setCell(6, 2, 'Runner.TestRunner')
data.setCell(6, 3, 3516);
data.setCell(7, 0, 7)
data.setCell(7, 1, 'runScenario')
data.setCell(7, 2, 'Runner.TestRunner')
data.setCell(7, 3, 3333);
data.setCell(8, 0, 8)
data.setCell(8, 1, 'runScenario')
data.setCell(8, 2, 'Runner.TestRunner')
data.setCell(8, 3, 3254);
data.setCell(9, 0, 9)
data.setCell(9, 1, 'runScenario')
data.setCell(9, 2, 'Runner.TestRunner')
data.setCell(9, 3, 3014);
data.setCell(10, 0, 10)
data.setCell(10, 1, 'runScenario')
data.setCell(10, 2, 'Runner.TestRunner')
data.setCell(10, 3, 1893);
data.setCell(11, 0, 11)
data.setCell(11, 1, 'runScenario')
data.setCell(11, 2, 'Runner.TestRunner')
data.setCell(11, 3, 1891);
data.setCell(12, 0, 12)
data.setCell(12, 1, 'runScenario')
data.setCell(12, 2, 'Runner.TestRunner')
data.setCell(12, 3, 1883);
data.setCell(13, 0, 13)
data.setCell(13, 1, 'runScenario')
data.setCell(13, 2, 'Runner.TestRunner')
data.setCell(13, 3, 1604);
data.setCell(14, 0, 14)
data.setCell(14, 1, 'runScenario')
data.setCell(14, 2, 'Runner.TestRunner')
data.setCell(14, 3, 1571);
data.setCell(15, 0, 15)
data.setCell(15, 1, 'runScenario')
data.setCell(15, 2, 'Runner.TestRunner')
data.setCell(15, 3, 1402);
data.setCell(16, 0, 16)
data.setCell(16, 1, 'runScenario')
data.setCell(16, 2, 'Runner.TestRunner')
data.setCell(16, 3, 1350);
data.setCell(17, 0, 17)
data.setCell(17, 1, 'runScenario')
data.setCell(17, 2, 'Runner.TestRunner')
data.setCell(17, 3, 1258);
data.setCell(18, 0, 18)
data.setCell(18, 1, 'runScenario')
data.setCell(18, 2, 'Runner.TestRunner')
data.setCell(18, 3, 1217);
data.setCell(19, 0, 19)
data.setCell(19, 1, 'runScenario')
data.setCell(19, 2, 'Runner.TestRunner')
data.setCell(19, 3, 1184);
data.setCell(20, 0, 20)
data.setCell(20, 1, 'runScenario')
data.setCell(20, 2, 'Runner.TestRunner')
data.setCell(20, 3, 1107);
data.setCell(21, 0, 21)
data.setCell(21, 1, 'runScenario')
data.setCell(21, 2, 'Runner.TestRunner')
data.setCell(21, 3, 1044);
data.setCell(22, 0, 22)
data.setCell(22, 1, 'runScenario')
data.setCell(22, 2, 'Runner.TestRunner')
data.setCell(22, 3, 992);
data.setCell(23, 0, 23)
data.setCell(23, 1, 'runScenario')
data.setCell(23, 2, 'Runner.TestRunner')
data.setCell(23, 3, 969);
data.setCell(24, 0, 24)
data.setCell(24, 1, 'runScenario')
data.setCell(24, 2, 'Runner.TestRunner')
data.setCell(24, 3, 964);
data.setCell(25, 0, 25)
data.setCell(25, 1, 'runScenario')
data.setCell(25, 2, 'Runner.TestRunner')
data.setCell(25, 3, 653);
data.setCell(26, 0, 26)
data.setCell(26, 1, 'runScenario')
data.setCell(26, 2, 'Runner.TestRunner')
data.setCell(26, 3, 646);
data.setCell(27, 0, 27)
data.setCell(27, 1, 'runScenario')
data.setCell(27, 2, 'Runner.TestRunner')
data.setCell(27, 3, 638);
data.setCell(28, 0, 28)
data.setCell(28, 1, 'runScenario')
data.setCell(28, 2, 'Runner.TestRunner')
data.setCell(28, 3, 632);
data.setCell(29, 0, 29)
data.setCell(29, 1, 'runScenario')
data.setCell(29, 2, 'Runner.TestRunner')
data.setCell(29, 3, 606);
data.setCell(30, 0, 30)
data.setCell(30, 1, 'runScenario')
data.setCell(30, 2, 'Runner.TestRunner')
data.setCell(30, 3, 598);
data.setCell(31, 0, 31)
data.setCell(31, 1, 'runScenario')
data.setCell(31, 2, 'Runner.TestRunner')
data.setCell(31, 3, 594);
data.setCell(32, 0, 32)
data.setCell(32, 1, 'runScenario')
data.setCell(32, 2, 'Runner.TestRunner')
data.setCell(32, 3, 572);
data.setCell(33, 0, 33)
data.setCell(33, 1, 'runScenario')
data.setCell(33, 2, 'Runner.TestRunner')
data.setCell(33, 3, 563);
data.setCell(34, 0, 34)
data.setCell(34, 1, 'runScenario')
data.setCell(34, 2, 'Runner.TestRunner')
data.setCell(34, 3, 551);
data.setCell(35, 0, 35)
data.setCell(35, 1, 'runScenario')
data.setCell(35, 2, 'Runner.TestRunner')
data.setCell(35, 3, 487);
data.setCell(36, 0, 36)
data.setCell(36, 1, 'runScenario')
data.setCell(36, 2, 'Runner.TestRunner')
data.setCell(36, 3, 386);
data.setCell(37, 0, 37)
data.setCell(37, 1, 'runScenario')
data.setCell(37, 2, 'Runner.TestRunner')
data.setCell(37, 3, 341);
data.setCell(38, 0, 38)
data.setCell(38, 1, 'runScenario')
data.setCell(38, 2, 'Runner.TestRunner')
data.setCell(38, 3, 238);
data.setCell(39, 0, 39)
data.setCell(39, 1, 'runScenario')
data.setCell(39, 2, 'Runner.TestRunner')
data.setCell(39, 3, 222);
data.setCell(40, 0, 40)
data.setCell(40, 1, 'runScenario')
data.setCell(40, 2, 'Runner.TestRunner')
data.setCell(40, 3, 162);
data.setCell(41, 0, 41)
data.setCell(41, 1, 'runScenario')
data.setCell(41, 2, 'Runner.TestRunner')
data.setCell(41, 3, 151);
data.setCell(42, 0, 42)
data.setCell(42, 1, 'runScenario')
data.setCell(42, 2, 'Runner.TestRunner')
data.setCell(42, 3, 149);
data.setCell(43, 0, 43)
data.setCell(43, 1, 'runScenario')
data.setCell(43, 2, 'Runner.TestRunner')
data.setCell(43, 3, 140);
data.setCell(44, 0, 44)
data.setCell(44, 1, 'runScenario')
data.setCell(44, 2, 'Runner.TestRunner')
data.setCell(44, 3, 125);
data.setCell(45, 0, 45)
data.setCell(45, 1, 'runScenario')
data.setCell(45, 2, 'Runner.TestRunner')
data.setCell(45, 3, 125);
data.setCell(46, 0, 46)
data.setCell(46, 1, 'runScenario')
data.setCell(46, 2, 'Runner.TestRunner')
data.setCell(46, 3, 124);
data.setCell(47, 0, 47)
data.setCell(47, 1, 'runScenario')
data.setCell(47, 2, 'Runner.TestRunner')
data.setCell(47, 3, 121);
data.setCell(48, 0, 48)
data.setCell(48, 1, 'runScenario')
data.setCell(48, 2, 'Runner.TestRunner')
data.setCell(48, 3, 103);
data.setCell(49, 0, 49)
data.setCell(49, 1, 'runScenario')
data.setCell(49, 2, 'Runner.TestRunner')
data.setCell(49, 3, 97);
data.setCell(50, 0, 50)
data.setCell(50, 1, 'runScenario')
data.setCell(50, 2, 'Runner.TestRunner')
data.setCell(50, 3, 92);
data.setCell(51, 0, 51)
data.setCell(51, 1, 'runScenario')
data.setCell(51, 2, 'Runner.TestRunner')
data.setCell(51, 3, 83);
data.setCell(52, 0, 52)
data.setCell(52, 1, 'runScenario')
data.setCell(52, 2, 'Runner.TestRunner')
data.setCell(52, 3, 81);
data.setCell(53, 0, 53)
data.setCell(53, 1, 'runScenario')
data.setCell(53, 2, 'Runner.TestRunner')
data.setCell(53, 3, 77);
data.setCell(54, 0, 54)
data.setCell(54, 1, 'runScenario')
data.setCell(54, 2, 'Runner.TestRunner')
data.setCell(54, 3, 75);
data.setCell(55, 0, 55)
data.setCell(55, 1, 'runScenario')
data.setCell(55, 2, 'Runner.TestRunner')
data.setCell(55, 3, 74);
data.setCell(56, 0, 56)
data.setCell(56, 1, 'runScenario')
data.setCell(56, 2, 'Runner.TestRunner')
data.setCell(56, 3, 72);
data.setCell(57, 0, 57)
data.setCell(57, 1, 'runScenario')
data.setCell(57, 2, 'Runner.TestRunner')
data.setCell(57, 3, 69);
data.setCell(58, 0, 58)
data.setCell(58, 1, 'runScenario')
data.setCell(58, 2, 'Runner.TestRunner')
data.setCell(58, 3, 59);
data.setCell(59, 0, 59)
data.setCell(59, 1, 'runScenario')
data.setCell(59, 2, 'Runner.TestRunner')
data.setCell(59, 3, 55);
data.setCell(60, 0, 60)
data.setCell(60, 1, 'runScenario')
data.setCell(60, 2, 'Runner.TestRunner')
data.setCell(60, 3, 55);
data.setCell(61, 0, 61)
data.setCell(61, 1, 'runScenario')
data.setCell(61, 2, 'Runner.TestRunner')
data.setCell(61, 3, 52);
data.setCell(62, 0, 62)
data.setCell(62, 1, 'runScenario')
data.setCell(62, 2, 'Runner.TestRunner')
data.setCell(62, 3, 51);
data.setCell(63, 0, 63)
data.setCell(63, 1, 'runScenario')
data.setCell(63, 2, 'Runner.TestRunner')
data.setCell(63, 3, 49);
data.setCell(64, 0, 64)
data.setCell(64, 1, 'runScenario')
data.setCell(64, 2, 'Runner.TestRunner')
data.setCell(64, 3, 40);
data.setCell(65, 0, 65)
data.setCell(65, 1, 'runScenario')
data.setCell(65, 2, 'Runner.TestRunner')
data.setCell(65, 3, 36);
data.setCell(66, 0, 66)
data.setCell(66, 1, 'runScenario')
data.setCell(66, 2, 'Runner.TestRunner')
data.setCell(66, 3, 32);
window.suiteTableData['Suite']= { tableData: data, tableDiv: 'times-div-Suite'}
return data;
}
              </script>
              <span class="suite-total-time">Total running time: 1 minutes</span>
              <div id="times-div-Suite">
              </div> <!-- times-div-Suite -->
            </div> <!-- times-div -->
          </div> <!-- main-panel-content rounded-window-bottom -->
        </div> <!-- panel -->
        <div panel-name="reporter-Suite" class="panel">
          <div class="main-panel-header rounded-window-top">
            <span class="header-content">Reporter output for Suite</span>
          </div> <!-- main-panel-header rounded-window-top -->
          <div class="main-panel-content rounded-window-bottom">
          </div> <!-- main-panel-content rounded-window-bottom -->
        </div> <!-- panel -->
        <div panel-name="ignored-methods-Suite" class="panel">
          <div class="main-panel-header rounded-window-top">
            <span class="header-content">0 ignored methods</span>
          </div> <!-- main-panel-header rounded-window-top -->
          <div class="main-panel-content rounded-window-bottom">
          </div> <!-- main-panel-content rounded-window-bottom -->
        </div> <!-- panel -->
        <div panel-name="chronological-Suite" class="panel">
          <div class="main-panel-header rounded-window-top">
            <span class="header-content">Methods in chronological order</span>
          </div> <!-- main-panel-header rounded-window-top -->
          <div class="main-panel-content rounded-window-bottom">
            <div class="chronological-class">
              <div class="chronological-class-name">Runner.TestRunner</div> <!-- chronological-class-name -->
              <div class="configuration-class before">
                <span class="method-name">setUpClass(org.testng.TestRunner@12192604)</span>
                <span class="method-start">0 ms</span>
              </div> <!-- configuration-class before -->
              <div class="test-method">
                <span class="method-name">runScenario("Verify that user is able to navigate to Home page", "Array Navigation")</span>
                <span class="method-start">3339 ms</span>
              </div> <!-- test-method -->
              <div class="test-method">
                <img src="failed.png">
                </img>
                <span class="method-name">runScenario("Verify that user is able to navigate to Array data structure page", "Array Navigation")</span>
                <span class="method-start">4396 ms</span>
              </div> <!-- test-method -->
              <div class="test-method">
                <img src="failed.png">
                </img>
                <span class="method-name">runScenario("Verify that user is able to navigate to Arrays in Python page", "Array Navigation")</span>
                <span class="method-start">4814 ms</span>
              </div> <!-- test-method -->
              <div class="test-method">
                <img src="failed.png">
                </img>
                <span class="method-name">runScenario("Verify that user is able to navigate to try Editor page for Arrays in Python page", "Array Navigati...)</span>
                <span class="method-start">5110 ms</span>
              </div> <!-- test-method -->
              <div class="test-method">
                <img src="failed.png">
                </img>
                <span class="method-name">runScenario("Verify that user receives error when click on Run button without entering code", "Array Navigation")</span>
                <span class="method-start">5271 ms</span>
              </div> <!-- test-method -->
              <div class="test-method">
                <img src="failed.png">
                </img>
                <span class="method-name">runScenario("Verify that user receives error for invalid python code", "Array Navigation")</span>
                <span class="method-start">5499 ms</span>
              </div> <!-- test-method -->
              <div class="test-method">
                <img src="failed.png">
                </img>
                <span class="method-name">runScenario("Verify that user is able to see output for valid python code", "Array Navigation")</span>
                <span class="method-start">5671 ms</span>
              </div> <!-- test-method -->
              <div class="test-method">
                <img src="failed.png">
                </img>
                <span class="method-name">runScenario("Verify that user is able to navigate to Arrays using List page", "Array Navigation")</span>
                <span class="method-start">5827 ms</span>
              </div> <!-- test-method -->
              <div class="test-method">
                <img src="failed.png">
                </img>
                <span class="method-name">runScenario("Verify that user receives error for invalid python code", "Array Navigation")</span>
                <span class="method-start">5929 ms</span>
              </div> <!-- test-method -->
              <div class="test-method">
                <img src="failed.png">
                </img>
                <span class="method-name">runScenario("Verify that user is able to see output for valid python code", "Array Navigation")</span>
                <span class="method-start">6065 ms</span>
              </div> <!-- test-method -->
              <div class="test-method">
                <img src="failed.png">
                </img>
                <span class="method-name">runScenario("Verify that user is able to navigate to Basic Operations in Lists page", "Array Navigation")</span>
                <span class="method-start">6194 ms</span>
              </div> <!-- test-method -->
              <div class="test-method">
                <img src="failed.png">
                </img>
                <span class="method-name">runScenario("Verify that user receives error for invalid python code", "Array Navigation")</span>
                <span class="method-start">6295 ms</span>
              </div> <!-- test-method -->
              <div class="test-method">
                <img src="failed.png">
                </img>
                <span class="method-name">runScenario("Verify that user is able to see output for valid python code for Basic Operations in Lists page", "...)</span>
                <span class="method-start">6518 ms</span>
              </div> <!-- test-method -->
              <div class="test-method">
                <img src="failed.png">
                </img>
                <span class="method-name">runScenario("Verify that user is able to navigate to Applications of Array page", "Array Navigation")</span>
                <span class="method-start">6598 ms</span>
              </div> <!-- test-method -->
              <div class="test-method">
                <img src="failed.png">
                </img>
                <span class="method-name">runScenario("Verify that user is able to navigate to try Editor page", "Array Navigation")</span>
                <span class="method-start">6685 ms</span>
              </div> <!-- test-method -->
              <div class="test-method">
                <img src="failed.png">
                </img>
                <span class="method-name">runScenario("Verify that user receives error for invalid python code", "Array Navigation")</span>
                <span class="method-start">6747 ms</span>
              </div> <!-- test-method -->
              <div class="test-method">
                <img src="failed.png">
                </img>
                <span class="method-name">runScenario("Verify that user is able to see output for valid python code", "Array Navigation")</span>
                <span class="method-start">6782 ms</span>
              </div> <!-- test-method -->
              <div class="test-method">
                <img src="failed.png">
                </img>
                <span class="method-name">runScenario("Verify that user is able to navigate to Practice Questions Page for Applications of Array page", "A...)</span>
                <span class="method-start">6879 ms</span>
              </div> <!-- test-method -->
              <div class="test-method">
                <img src="failed.png">
                </img>
                <span class="method-name">runScenario("Verify that user is able to navigate to Search the array Page from Practice question page of Applic...)</span>
                <span class="method-start">6986 ms</span>
              </div> <!-- test-method -->
              <div class="test-method">
                <img src="failed.png">
                </img>
                <span class="method-name">runScenario("Verify that user receives error when click on Run button without entering code", "Array Navigation")</span>
                <span class="method-start">7113 ms</span>
              </div> <!-- test-method -->
              <div class="test-method">
                <img src="failed.png">
                </img>
                <span class="method-name">runScenario("Verify that user is able to run valid python code", "Array Navigation")</span>
                <span class="method-start">7187 ms</span>
              </div> <!-- test-method -->
              <div class="test-method">
                <img src="failed.png">
                </img>
                <span class="method-name">runScenario("Verify that user receives error for invalid python code", "Array Navigation")</span>
                <span class="method-start">7270 ms</span>
              </div> <!-- test-method -->
              <div class="test-method">
                <img src="failed.png">
                </img>
                <span class="method-name">runScenario("Verify that user is able to navigate to Max Consecutive Ones Page from Practice questions page", "A...)</span>
                <span class="method-start">7328 ms</span>
              </div> <!-- test-method -->
              <div class="test-method">
                <img src="failed.png">
                </img>
                <span class="method-name">runScenario("Verify that user is able to run valid python code for Max Consecutive Ones question", "Array Naviga...)</span>
                <span class="method-start">7382 ms</span>
              </div> <!-- test-method -->
              <div class="test-method">
                <img src="failed.png">
                </img>
                <span class="method-name">runScenario("Verify that user receives error for invalid python code on running Max Consecutive Ones question", ...)</span>
                <span class="method-start">7476 ms</span>
              </div> <!-- test-method -->
              <div class="test-method">
                <img src="failed.png">
                </img>
                <span class="method-name">runScenario("Verify that user is able to navigate to Find Numbers with Even Number of Digits Page from Practice ...)</span>
                <span class="method-start">7532 ms</span>
              </div> <!-- test-method -->
              <div class="test-method">
                <img src="failed.png">
                </img>
                <span class="method-name">runScenario("Verify that user is able to see output for  valid python code", "Array Navigation")</span>
                <span class="method-start">7585 ms</span>
              </div> <!-- test-method -->
              <div class="test-method">
                <img src="failed.png">
                </img>
                <span class="method-name">runScenario("Verify that user receives error for invalid python code", "Array Navigation")</span>
                <span class="method-start">7743 ms</span>
              </div> <!-- test-method -->
              <div class="test-method">
                <img src="failed.png">
                </img>
                <span class="method-name">runScenario("Verify that user is able to navigate to Squares of a Sorted Array Page from Practice questions page...)</span>
                <span class="method-start">7832 ms</span>
              </div> <!-- test-method -->
              <div class="test-method">
                <img src="failed.png">
                </img>
                <span class="method-name">runScenario("Verify that user is able to see output for valid python code", "Array Navigation")</span>
                <span class="method-start">7893 ms</span>
              </div> <!-- test-method -->
              <div class="test-method">
                <img src="failed.png">
                </img>
                <span class="method-name">runScenario("Verify that user receives error for invalid python code", "Array Navigation")</span>
                <span class="method-start">7934 ms</span>
              </div> <!-- test-method -->
              <div class="test-method">
                <span class="method-name">runScenario("Verify the user is able to Sign in to DSAlgo Portal", "Linked List Navigation")</span>
                <span class="method-start">7976 ms</span>
              </div> <!-- test-method -->
              <div class="test-method">
                <span class="method-name">runScenario("Verify the user is able to go to LinkedList page", "Linked List Navigation")</span>
                <span class="method-start">23478 ms</span>
              </div> <!-- test-method -->
              <div class="test-method">
                <span class="method-name">runScenario("Verify that user is able to navigate to Introduction page", "Linked List Navigation")</span>
                <span class="method-start">24696 ms</span>
              </div> <!-- test-method -->
              <div class="test-method">
                <img src="failed.png">
                </img>
                <span class="method-name">runScenario("Verify that user is able to navigate to try Editor page for Introduction page", "Linked List Naviga...)</span>
                <span class="method-start">25956 ms</span>
              </div> <!-- test-method -->
              <div class="test-method">
                <span class="method-name">runScenario("Verify that user receives error for  when click on Run button without entering code", "Linked List ...)</span>
                <span class="method-start">28971 ms</span>
              </div> <!-- test-method -->
              <div class="test-method">
                <span class="method-name">runScenario("Verify that user is able to see output for valid python code", "Linked List Navigation")</span>
                <span class="method-start">30080 ms</span>
              </div> <!-- test-method -->
              <div class="test-method">
                <span class="method-name">runScenario("Verify that user receives error for invalid python code", "Linked List Navigation")</span>
                <span class="method-start">31966 ms</span>
              </div> <!-- test-method -->
              <div class="test-method">
                <span class="method-name">runScenario("Verify that user is able to navigate to Creating Linked List page", "Linked List Navigation")</span>
                <span class="method-start">33858 ms</span>
              </div> <!-- test-method -->
              <div class="test-method">
                <span class="method-name">runScenario("Verify that user receives error when click on Run button without entering code", "Linked List Navig...)</span>
                <span class="method-start">35211 ms</span>
              </div> <!-- test-method -->
              <div class="test-method">
                <span class="method-name">runScenario("Verify that user receives error for invalid python code", "Linked List Navigation")</span>
                <span class="method-start">35867 ms</span>
              </div> <!-- test-method -->
              <div class="test-method">
                <span class="method-name">runScenario("Verify that user is able to see output for valid python code", "Linked List Navigation")</span>
                <span class="method-start">37768 ms</span>
              </div> <!-- test-method -->
              <div class="test-method">
                <span class="method-name">runScenario("Verify that user is able to navigate to Types of Linked List page", "Linked List Navigation")</span>
                <span class="method-start">39172 ms</span>
              </div> <!-- test-method -->
              <div class="test-method">
                <span class="method-name">runScenario("Verify that user receives error when click on Run button without entering code", "Linked List Navig...)</span>
                <span class="method-start">40359 ms</span>
              </div> <!-- test-method -->
              <div class="test-method">
                <span class="method-name">runScenario("Verify that user receives error for invalid python code", "Linked List Navigation")</span>
                <span class="method-start">40968 ms</span>
              </div> <!-- test-method -->
              <div class="test-method">
                <span class="method-name">runScenario("Verify that user is able to see output for valid python code", "Linked List Navigation")</span>
                <span class="method-start">42605 ms</span>
              </div> <!-- test-method -->
              <div class="test-method">
                <span class="method-name">runScenario("Verify that user is able to navigate to Implement Linked List in Python page", "Linked List Navigat...)</span>
                <span class="method-start">48297 ms</span>
              </div> <!-- test-method -->
              <div class="test-method">
                <span class="method-name">runScenario("Verify that user is able to navigate to try Editor page for Implement Linked List in Python page", ...)</span>
                <span class="method-start">49290 ms</span>
              </div> <!-- test-method -->
              <div class="test-method">
                <span class="method-name">runScenario("Verify that user receives error when click on Run button without entering code", "Linked List Navig...)</span>
                <span class="method-start">49930 ms</span>
              </div> <!-- test-method -->
              <div class="test-method">
                <span class="method-name">runScenario("Verify that user receives error for invalid python code", "Linked List Navigation")</span>
                <span class="method-start">50494 ms</span>
              </div> <!-- test-method -->
              <div class="test-method">
                <span class="method-name">runScenario("Verify that user is able to see output for valid python code", "Linked List Navigation")</span>
                <span class="method-start">52066 ms</span>
              </div> <!-- test-method -->
              <div class="test-method">
                <span class="method-name">runScenario("Verify that user is able to navigate to Traversal Page for Linked List page", "Linked List Navigati...)</span>
                <span class="method-start">55584 ms</span>
              </div> <!-- test-method -->
              <div class="test-method">
                <span class="method-name">runScenario("Verify that user is able to navigate to try Editor  page for Traversal page", "Linked List Navigati...)</span>
                <span class="method-start">56181 ms</span>
              </div> <!-- test-method -->
              <div class="test-method">
                <span class="method-name">runScenario("Verify that user receives error when click on Run button without entering code", "Linked List Navig...)</span>
                <span class="method-start">56669 ms</span>
              </div> <!-- test-method -->
              <div class="test-method">
                <span class="method-name">runScenario("Verify that user receives error for invalid python code", "Linked List Navigation")</span>
                <span class="method-start">57221 ms</span>
              </div> <!-- test-method -->
              <div class="test-method">
                <span class="method-name">runScenario("Verify that user is able to see output for valid python code", "Linked List Navigation")</span>
                <span class="method-start">60778 ms</span>
              </div> <!-- test-method -->
              <div class="test-method">
                <span class="method-name">runScenario("Verify that user is able to navigate to Insertion page from Linked List page", "Linked List Navigat...)</span>
                <span class="method-start">66080 ms</span>
              </div> <!-- test-method -->
              <div class="test-method">
                <span class="method-name">runScenario("Verify that user is able to navigate to try Editor page from  Insertion page", "Linked List Navigat...)</span>
                <span class="method-start">66728 ms</span>
              </div> <!-- test-method -->
              <div class="test-method">
                <span class="method-name">runScenario("Verify that user receives error when click on Run button without entering code", "Linked List Navig...)</span>
                <span class="method-start">67699 ms</span>
              </div> <!-- test-method -->
              <div class="test-method">
                <span class="method-name">runScenario("Verify that user is able to see output for valid python code", "Linked List Navigation")</span>
                <span class="method-start">68273 ms</span>
              </div> <!-- test-method -->
              <div class="test-method">
                <span class="method-name">runScenario("Verify that user receives error for invalid python code", "Linked List Navigation")</span>
                <span class="method-start">73806 ms</span>
              </div> <!-- test-method -->
              <div class="test-method">
                <span class="method-name">runScenario("Verify that user is able to navigate to Deletion Page from  Linked List page", "Linked List Navigat...)</span>
                <span class="method-start">77143 ms</span>
              </div> <!-- test-method -->
              <div class="test-method">
                <span class="method-name">runScenario("Verify that user is able to navigate to try Editor page for Deletion page", "Linked List Navigation...)</span>
                <span class="method-start">78108 ms</span>
              </div> <!-- test-method -->
              <div class="test-method">
                <span class="method-name">runScenario("Verify that user receives error when click on Run button without entering code", "Linked List Navig...)</span>
                <span class="method-start">78710 ms</span>
              </div> <!-- test-method -->
              <div class="test-method">
                <span class="method-name">runScenario("Verify that user receives error for invalid python code", "Linked List Navigation")</span>
                <span class="method-start">79057 ms</span>
              </div> <!-- test-method -->
              <div class="test-method">
                <span class="method-name">runScenario("Verify that user is able to see output for  valid python code", "Linked List Navigation")</span>
                <span class="method-start">82313 ms</span>
              </div> <!-- test-method -->
              <div class="test-method">
                <span class="method-name">runScenario("Verify that user is able to navigate to Practice Questions  page from Linked List page", "Linked Li...)</span>
                <span class="method-start">87735 ms</span>
              </div> <!-- test-method -->
              <div class="configuration-class after">
                <span class="method-name">tearDownClass</span>
                <span class="method-start">88372 ms</span>
              </div> <!-- configuration-class after -->
          </div> <!-- main-panel-content rounded-window-bottom -->
        </div> <!-- panel -->
      </div> <!-- main-panel-root -->
    </div> <!-- wrapper -->
  </body>
<script type="text/javascript" src="testng-reports2.js"></script>
</html>
